#
# There is insufficient memory for the Java Runtime Environment to continue.
# Native memory allocation (malloc) failed to allocate 131088 bytes for Chunk::new
# Possible reasons:
#   The system is out of physical RAM or swap space
#   In 32 bit mode, the process size limit was hit
# Possible solutions:
#   Reduce memory load on the system
#   Increase physical memory or swap space
#   Check if swap backing store is full
#   Use 64 bit Java on a 64 bit OS
#   Decrease Java heap size (-Xmx/-Xms)
#   Decrease number of Java threads
#   Decrease Java thread stack sizes (-Xss)
#   Set larger code cache with -XX:ReservedCodeCacheSize=
# This output file may be truncated or incomplete.
#
#  Out of Memory Error (allocation.cpp:390), pid=17008, tid=15596
#
# JRE version: Java(TM) SE Runtime Environment (8.0_77-b03) (build 1.8.0_77-b03)
# Java VM: Java HotSpot(TM) 64-Bit Server VM (25.77-b03 mixed mode windows-amd64 compressed oops)
# Failed to write core dump. Minidumps are not enabled by default on client versions of Windows
#

---------------  T H R E A D  ---------------

Current thread (0x0000000016a76800):  JavaThread "C2 CompilerThread1" daemon [_thread_in_native, id=15596, stack(0x0000000017360000,0x0000000017460000)]

Stack: [0x0000000017360000,0x0000000017460000]
[error occurred during error reporting (printing stack bounds), id 0xc0000005]

Native frames: (J=compiled Java code, j=interpreted, Vv=VM code, C=native code)


Current CompileTask:
C2:   1320 1120       4       com.android.dx.ssa.SCCP::simulateBranch (666 bytes)


---------------  P R O C E S S  ---------------

Java Threads: ( => current thread )
  0x0000000016d82800 JavaThread "pool-2-thread-4" [_thread_in_Java, id=16504, stack(0x0000000017c60000,0x0000000017d60000)]
  0x0000000016d81000 JavaThread "pool-2-thread-3" [_thread_in_Java, id=5836, stack(0x0000000017b60000,0x0000000017c60000)]
  0x0000000016d7a800 JavaThread "pool-2-thread-2" [_thread_in_Java, id=15184, stack(0x0000000017a60000,0x0000000017b60000)]
  0x0000000016d1f000 JavaThread "pool-3-thread-1" [_thread_blocked, id=12880, stack(0x0000000017960000,0x0000000017a60000)]
  0x0000000016d1d000 JavaThread "pool-2-thread-1" [_thread_in_Java, id=14368, stack(0x0000000017860000,0x0000000017960000)]
  0x0000000016a83800 JavaThread "Service Thread" daemon [_thread_blocked, id=12496, stack(0x0000000017660000,0x0000000017760000)]
  0x0000000016a7b000 JavaThread "C1 CompilerThread3" daemon [_thread_in_vm, id=14124, stack(0x0000000017560000,0x0000000017660000)]
  0x0000000016a78800 JavaThread "C2 CompilerThread2" daemon [_thread_in_native, id=4028, stack(0x0000000017460000,0x0000000017560000)]
=>0x0000000016a76800 JavaThread "C2 CompilerThread1" daemon [_thread_in_native, id=15596, stack(0x0000000017360000,0x0000000017460000)]
  0x0000000016a19800 JavaThread "C2 CompilerThread0" daemon [_thread_in_native, id=13728, stack(0x0000000017260000,0x0000000017360000)]
  0x0000000016a18000 JavaThread "Attach Listener" daemon [_thread_blocked, id=7860, stack(0x0000000017160000,0x0000000017260000)]
  0x0000000016a17000 JavaThread "Signal Dispatcher" daemon [_thread_blocked, id=14708, stack(0x0000000017060000,0x0000000017160000)]
  0x0000000014b22800 JavaThread "Finalizer" daemon [_thread_blocked, id=14348, stack(0x0000000016df0000,0x0000000016ef0000)]
  0x0000000001ff6000 JavaThread "Reference Handler" daemon [_thread_blocked, id=5724, stack(0x00000000168f0000,0x00000000169f0000)]
  0x0000000001f00800 JavaThread "main" [_thread_in_vm, id=11040, stack(0x0000000001d70000,0x0000000001e70000)]

Other Threads:
  0x0000000014b18800 VMThread [stack: 0x00000000167f0000,0x00000000168f0000] [id=14432]
  0x0000000016aa1000 WatcherThread [stack: 0x0000000017760000,0x0000000017860000] [id=9860]

VM state:not at safepoint (normal execution)

VM Mutex/Monitor currently owned by a thread:  ([mutex/lock_event])
[0x0000000001efcf60] CompiledIC_lock - owner thread: 0x0000000000000000

Heap:
 PSYoungGen      total 57344K, used 33689K [0x00000000eab00000, 0x00000000eeb00000, 0x0000000100000000)
  eden space 49152K, 70% used [0x00000000eab00000,0x00000000eccdc048,0x00000000edb00000)
  from space 8192K, 0% used [0x00000000ee300000,0x00000000ee300000,0x00000000eeb00000)
  to   space 8192K, 0% used [0x00000000edb00000,0x00000000edb00000,0x00000000ee300000)
 ParOldGen       total 131072K, used 0K [0x00000000c0000000, 0x00000000c8000000, 0x00000000eab00000)
  object space 131072K, 0% used [0x00000000c0000000,0x00000000c0000000,0x00000000c8000000)
 Metaspace       used 5928K, capacity 6834K, committed 7040K, reserved 1056768K
  class space    used 599K, capacity 618K, committed 640K, reserved 1048576K

Card table byte_map: [0x00000000113c0000,0x00000000115d0000] byte_map_base: 0x0000000010dc0000

Marking Bits: (ParMarkBitMap*) 0x000000006de20600
 Begin Bits: [0x0000000011f30000, 0x0000000012f30000)
 End Bits:   [0x0000000012f30000, 0x0000000013f30000)

Polling page: 0x0000000001d50000

CodeCache: size=245760Kb used=4553Kb max_used=4553Kb free=241206Kb
 bounds [0x0000000002000000, 0x0000000002480000, 0x0000000011000000]
 total_blobs=1430 nmethods=1161 adapters=182
 compilation: enabled

Compilation events (10 events):
Event: 1.310 Thread 0x0000000016a7b000 nmethod 1134 0x000000000245d990 code [0x000000000245db60, 0x000000000245e348]
Event: 1.310 Thread 0x0000000016a7b000 1142       3       com.android.dx.rop.cst.CstMemberRef::<init> (43 bytes)
Event: 1.310 Thread 0x0000000016a7b000 nmethod 1142 0x000000000245e910 code [0x000000000245eac0, 0x000000000245ef38]
Event: 1.310 Thread 0x0000000016a7b000 1141       3       com.android.dx.dex.file.IndexedItem::<init> (10 bytes)
Event: 1.311 Thread 0x0000000016a7b000 nmethod 1141 0x0000000002445590 code [0x0000000002445700, 0x0000000002445910]
Event: 1.311 Thread 0x0000000016a7b000 1165       3       com.android.dx.cf.code.Simulator$SimVisitor::visitNoArgs (2108 bytes)
Event: 1.313 Thread 0x0000000016a19800 nmethod 1144 0x00000000024620d0 code [0x0000000002462220, 0x00000000024625d8]
Event: 1.313 Thread 0x0000000016a19800 1155       4       com.android.dx.ssa.back.LivenessAnalyzer::run (231 bytes)
Event: 1.318 Thread 0x0000000016a7b000 nmethod 1165 0x0000000002462910 code [0x0000000002463800, 0x000000000246f408]
Event: 1.318 Thread 0x0000000016a7b000 1168       3       com.android.dx.cf.code.BaseMachine::popArgs (127 bytes)

GC Heap History (0 events):
No events

Deoptimization events (3 events):
Event: 0.854 Thread 0x0000000016d81000 Uncommon trap: reason=unstable_if action=reinterpret pc=0x00000000021fddf0 method=java.util.BitSet.nextSetBit(I)I @ 87
Event: 1.109 Thread 0x0000000016d1d000 Uncommon trap: reason=null_check action=make_not_entrant pc=0x00000000022bbca8 method=com.android.dx.rop.type.Type.equals(Ljava/lang/Object;)Z @ 8
Event: 1.206 Thread 0x0000000016d1d000 Uncommon trap: reason=unstable_if action=reinterpret pc=0x0000000002286a00 method=com.android.dx.rop.code.RegisterSpec.equals(ILcom/android/dx/rop/type/TypeBearer;Lcom/android/dx/rop/code/LocalItem;)Z @ 42

Internal exceptions (3 events):
Event: 0.086 Thread 0x0000000001f00800 Exception <a 'java/lang/NoSuchMethodError': Method sun.misc.Unsafe.defineClass(Ljava/lang/String;[BII)Ljava/lang/Class; name or signature does not match> (0x00000000eab07cc0) thrown at [D:\re\workspace\8-2-build-windows-amd64-cygwin\jdk8u77\6540\hotspot\sr§œ4J€¶?
Event: 0.088 Thread 0x0000000001f00800 Exception <a 'java/lang/NoSuchMethodError': Method sun.misc.Unsafe.prefetchRead(Ljava/lang/Object;J)V name or signature does not match> (0x00000000eab07fa8) thrown at [D:\re\workspace\8-2-build-windows-amd64-cygwin\jdk8u77\6540\hotspot\src\share\vm\prims\j'üSR¿ñ?
Event: 1.109 Thread 0x0000000016d1d000 Implicit null exception at 0x00000000022bbba2 to 0x00000000022bbc9a

Events (10 events):
Event: 0.991 Executing VM operation: ForceSafepoint
Event: 1.001 Executing VM operation: ForceSafepoint done
Event: 1.062 loading class java/util/DualPivotQuicksort
Event: 1.062 loading class java/util/DualPivotQuicksort done
Event: 1.109 Thread 0x0000000016d1d000 Uncommon trap: trap_request=0xfffffff4 fr.pc=0x00000000022bbca8
Event: 1.109 Thread 0x0000000016d1d000 DEOPT PACKING pc=0x00000000022bbca8 sp=0x000000001795e960
Event: 1.109 Thread 0x0000000016d1d000 DEOPT UNPACKING pc=0x000000000204582a sp=0x000000001795e8f8 mode 2
Event: 1.206 Thread 0x0000000016d1d000 Uncommon trap: trap_request=0xffffff65 fr.pc=0x0000000002286a00
Event: 1.206 Thread 0x0000000016d1d000 DEOPT PACKING pc=0x0000000002286a00 sp=0x000000001795ea20
Event: 1.206 Thread 0x0000000016d1d000 DEOPT UNPACKING pc=0x000000000204582a sp=0x000000001795e9a8 mode 2


Dynamic libraries:
0x00007ff6eea00000 - 0x00007ff6eea37000 	C:\Program Files\Java\jdk1.8.0_77\bin\java.exe
0x00007ff9b4ef0000 - 0x00007ff9b509a000 	C:\WINDOWS\SYSTEM32\ntdll.dll
0x00007ff9b3020000 - 0x00007ff9b315a000 	C:\WINDOWS\system32\KERNEL32.DLL
0x00007ff9b2430000 - 0x00007ff9b253f000 	C:\WINDOWS\system32\KERNELBASE.dll
0x00007ff9b0dd0000 - 0x00007ff9b0e58000 	C:\WINDOWS\system32\apphelp.dll
0x00007ff9969c0000 - 0x00007ff996a0f000 	C:\WINDOWS\AppPatch\AppPatch64\AcGenral.DLL
0x00007ff9b2e20000 - 0x00007ff9b2ec7000 	C:\WINDOWS\system32\msvcrt.dll
0x00007ff9b2040000 - 0x00007ff9b206b000 	C:\WINDOWS\SYSTEM32\SspiCli.dll
0x00007ff9b4e90000 - 0x00007ff9b4ee1000 	C:\WINDOWS\system32\SHLWAPI.dll
0x00007ff9b2880000 - 0x00007ff9b29f1000 	C:\WINDOWS\system32\USER32.dll
0x00007ff9b2a00000 - 0x00007ff9b2b78000 	C:\WINDOWS\system32\ole32.dll
0x00007ff9b3930000 - 0x00007ff9b4d47000 	C:\WINDOWS\system32\SHELL32.dll
0x00007ff9b1b50000 - 0x00007ff9b1b6e000 	C:\WINDOWS\SYSTEM32\USERENV.dll
0x00007ff9b27d0000 - 0x00007ff9b2875000 	C:\WINDOWS\system32\ADVAPI32.dll
0x00007ff9a49a0000 - 0x00007ff9a49bb000 	C:\WINDOWS\SYSTEM32\MPR.dll
0x00007ff9b2ee0000 - 0x00007ff9b3016000 	C:\WINDOWS\system32\RPCRT4.dll
0x00007ff9b2b80000 - 0x00007ff9b2bd7000 	C:\WINDOWS\SYSTEM32\sechost.dll
0x00007ff9b32b0000 - 0x00007ff9b3486000 	C:\WINDOWS\SYSTEM32\combase.dll
0x00007ff9b3160000 - 0x00007ff9b32a5000 	C:\WINDOWS\system32\GDI32.dll
0x00007ff9b2260000 - 0x00007ff9b2274000 	C:\WINDOWS\SYSTEM32\profapi.dll
0x00007ff9b0e60000 - 0x00007ff9b0eff000 	C:\WINDOWS\SYSTEM32\SHCORE.dll
0x00007ff9b38d0000 - 0x00007ff9b3904000 	C:\WINDOWS\system32\IMM32.DLL
0x00007ff9b4d50000 - 0x00007ff9b4e89000 	C:\WINDOWS\system32\MSCTF.dll
0x00007ff9afe60000 - 0x00007ff9b00ba000 	C:\WINDOWS\WinSxS\amd64_microsoft.windows.common-controls_6595b64144ccf1df_6.0.9600.17031_none_6242a4b3ecbb55a1\COMCTL32.dll
0x000000006d0b0000 - 0x000000006d182000 	C:\Program Files\Java\jdk1.8.0_77\jre\bin\msvcr100.dll
0x000000006d610000 - 0x000000006dea0000 	C:\Program Files\Java\jdk1.8.0_77\jre\bin\server\jvm.dll
0x00007ff9a8e30000 - 0x00007ff9a8e39000 	C:\WINDOWS\SYSTEM32\WSOCK32.dll
0x00007ff9af1a0000 - 0x00007ff9af1bf000 	C:\WINDOWS\SYSTEM32\WINMM.dll
0x00007ff9b00c0000 - 0x00007ff9b00ca000 	C:\WINDOWS\SYSTEM32\VERSION.dll
0x00007ff9b3910000 - 0x00007ff9b3917000 	C:\WINDOWS\system32\PSAPI.DLL
0x00007ff9b3550000 - 0x00007ff9b35a8000 	C:\WINDOWS\system32\WS2_32.dll
0x00007ff9af170000 - 0x00007ff9af19a000 	C:\WINDOWS\SYSTEM32\WINMMBASE.dll
0x00007ff9b3920000 - 0x00007ff9b3929000 	C:\WINDOWS\system32\NSI.dll
0x00007ff9b2330000 - 0x00007ff9b237a000 	C:\WINDOWS\SYSTEM32\cfgmgr32.dll
0x00007ff9b10f0000 - 0x00007ff9b1116000 	C:\WINDOWS\SYSTEM32\DEVOBJ.dll
0x000000006d520000 - 0x000000006d52f000 	C:\Program Files\Java\jdk1.8.0_77\jre\bin\verify.dll
0x000000006d4f0000 - 0x000000006d519000 	C:\Program Files\Java\jdk1.8.0_77\jre\bin\java.dll
0x000000006d4d0000 - 0x000000006d4e6000 	C:\Program Files\Java\jdk1.8.0_77\jre\bin\zip.dll

VM Arguments:
jvm_args: -Djava.awt.headless=true -Xmx1024M -Dfile.encoding=windows-1252 -Duser.country=US -Duser.language=en -Duser.variant 
java_command: com.android.dx.command.Main --dex --force-jumbo --num-threads=4 --multi-dex --output C:\Users\Anto\AndroidStudioProjects\OverwatchRandomizer\app\build\intermediates\transforms\dex\debug\folders\1000\10\com.android.support-recyclerview-v7-23.4.0_49076da6818d29c92b3281763d73900aa616eb62 C:\Users\Anto\AndroidStudioProjects\OverwatchRandomizer\app\build\intermediates\exploded-aar\com.android.support\recyclerview-v7\23.4.0\jars\classes.jar
java_class_path (initial): C:\Users\Anto\AppData\Local\Android\sdk\build-tools\23.0.3\lib\dx.jar
Launcher Type: SUN_STANDARD

Environment Variables:
JAVA_HOME=C:\Program Files\Java\jdk1.8.0_77
PATH=C:\ProgramData\Oracle\Java\javapath;C:\Program Files (x86)\Intel\iCLS Client\;C:\Program Files\Intel\iCLS Client\;C:\WINDOWS\system32;C:\WINDOWS;C:\WINDOWS\System32\Wbem;C:\WINDOWS\System32\WindowsPowerShell\v1.0\;C:\Program Files (x86)\Windows Live\Shared;C:\Program Files\Intel\WiFi\bin\;C:\Program Files\Common Files\Intel\WirelessCommon\;C:\Program Files\Intel\Intel(R) Management Engine Components\DAL;C:\Program Files\Intel\Intel(R) Management Engine Components\IPT;C:\Program Files (x86)\Intel\Intel(R) Management Engine Components\DAL;C:\Program Files (x86)\Intel\Intel(R) Management Engine Components\IPT;C:\Program Files\apache-maven-3.3.3\bin;C:\Program Files (x86)\NVIDIA Corporation\PhysX\Common;C:\Program Files (x86)\Skype\Phone\
USERNAME=Anto
OS=Windows_NT
PROCESSOR_IDENTIFIER=Intel64 Family 6 Model 60 Stepping 3, GenuineIntel



---------------  S Y S T E M  ---------------

OS: Windows 8.1 , 64 bit Build 9600 (6.3.9600.17056)

CPU:total 8 (4 cores per cpu, 2 threads per core) family 6 model 60 stepping 3, cmov, cx8, fxsr, mmx, sse, sse2, sse3, ssse3, sse4.1, sse4.2, popcnt, avx, avx2, aes, clmul, erms, lzcnt, ht, tsc, tscinvbit, bmi1, bmi2

Memory: 4k page, physical 12498316k(2381000k free), swap 15644044k(5160k free)

vm_info: Java HotSpot(TM) 64-Bit Server VM (25.77-b03) for windows-amd64 JRE (1.8.0_77-b03), built on Mar 20 2016 22:01:33 by "java_re" with MS VC++ 10.0 (VS2010)

time: Sun May 29 18:39:25 2016
elapsed time: 1 seconds (0d 0h 0m 1s)

