#
# There is insufficient memory for the Java Runtime Environment to continue.
# Native memory allocation (malloc) failed to allocate 1191296 bytes for Chunk::new
# Possible reasons:
#   The system is out of physical RAM or swap space
#   In 32 bit mode, the process size limit was hit
# Possible solutions:
#   Reduce memory load on the system
#   Increase physical memory or swap space
#   Check if swap backing store is full
#   Use 64 bit Java on a 64 bit OS
#   Decrease Java heap size (-Xmx/-Xms)
#   Decrease number of Java threads
#   Decrease Java thread stack sizes (-Xss)
#   Set larger code cache with -XX:ReservedCodeCacheSize=
# This output file may be truncated or incomplete.
#
#  Out of Memory Error (allocation.cpp:390), pid=12696, tid=16196
#
# JRE version: Java(TM) SE Runtime Environment (8.0_77-b03) (build 1.8.0_77-b03)
# Java VM: Java HotSpot(TM) 64-Bit Server VM (25.77-b03 mixed mode windows-amd64 compressed oops)
# Failed to write core dump. Minidumps are not enabled by default on client versions of Windows
#

---------------  T H R E A D  ---------------

Current thread (0x000000001723f800):  JavaThread "C2 CompilerThread2" daemon [_thread_in_native, id=16196, stack(0x0000000017c40000,0x0000000017d40000)]

Stack: [0x0000000017c40000,0x0000000017d40000]
[error occurred during error reporting (printing stack bounds), id 0xc0000005]

Native frames: (J=compiled Java code, j=interpreted, Vv=VM code, C=native code)


Current CompileTask:
C2:   7369 1924   !   4       com.android.dx.cf.code.Ropper::processBlock (1101 bytes)


---------------  P R O C E S S  ---------------

Java Threads: ( => current thread )
  0x0000000017570000 JavaThread "pool-1-thread-4" [_thread_blocked, id=5920, stack(0x0000000018c40000,0x0000000018d40000)]
  0x000000001756b800 JavaThread "pool-1-thread-3" [_thread_blocked, id=12120, stack(0x0000000018b40000,0x0000000018c40000)]
  0x0000000017568800 JavaThread "pool-1-thread-2" [_thread_blocked, id=16932, stack(0x0000000018a40000,0x0000000018b40000)]
  0x000000001756c000 JavaThread "pool-2-thread-1" [_thread_blocked, id=14612, stack(0x0000000018940000,0x0000000018a40000)]
  0x0000000017550000 JavaThread "pool-1-thread-1" [_thread_blocked, id=5744, stack(0x0000000018840000,0x0000000018940000)]
  0x000000001727a000 JavaThread "Service Thread" daemon [_thread_blocked, id=14812, stack(0x0000000017e40000,0x0000000017f40000)]
  0x0000000017259800 JavaThread "C1 CompilerThread3" daemon [_thread_blocked, id=17356, stack(0x0000000017d40000,0x0000000017e40000)]
=>0x000000001723f800 JavaThread "C2 CompilerThread2" daemon [_thread_in_native, id=16196, stack(0x0000000017c40000,0x0000000017d40000)]
  0x0000000017229800 JavaThread "C2 CompilerThread1" daemon [_thread_in_vm, id=12308, stack(0x0000000017b40000,0x0000000017c40000)]
  0x00000000171f4800 JavaThread "C2 CompilerThread0" daemon [_thread_in_native, id=15960, stack(0x0000000017a40000,0x0000000017b40000)]
  0x00000000171f2800 JavaThread "Attach Listener" daemon [_thread_blocked, id=15356, stack(0x0000000017940000,0x0000000017a40000)]
  0x00000000171f1800 JavaThread "Signal Dispatcher" daemon [_thread_blocked, id=17204, stack(0x0000000017840000,0x0000000017940000)]
  0x0000000002798800 JavaThread "Finalizer" daemon [_thread_blocked, id=11588, stack(0x00000000175c0000,0x00000000176c0000)]
  0x0000000002795000 JavaThread "Reference Handler" daemon [_thread_blocked, id=12132, stack(0x00000000170c0000,0x00000000171c0000)]
  0x00000000026a0800 JavaThread "main" [_thread_blocked, id=9852, stack(0x0000000002580000,0x0000000002680000)]

Other Threads:
  0x00000000152d9800 VMThread [stack: 0x0000000016fc0000,0x00000000170c0000] [id=17024]
  0x000000001727c800 WatcherThread [stack: 0x0000000017f40000,0x0000000018040000] [id=16212]

VM state:not at safepoint (normal execution)

VM Mutex/Monitor currently owned by a thread:  ([mutex/lock_event])
[0x000000000269ba20] CodeCache_lock - owner thread: 0x0000000017229800

Heap:
 PSYoungGen      total 106496K, used 53129K [0x00000000eab00000, 0x00000000f1b00000, 0x0000000100000000)
  eden space 98304K, 45% used [0x00000000eab00000,0x00000000ed6ea048,0x00000000f0b00000)
  from space 8192K, 99% used [0x00000000f1300000,0x00000000f1af8780,0x00000000f1b00000)
  to   space 8192K, 0% used [0x00000000f0b00000,0x00000000f0b00000,0x00000000f1300000)
 ParOldGen       total 131072K, used 5897K [0x00000000c0000000, 0x00000000c8000000, 0x00000000eab00000)
  object space 131072K, 4% used [0x00000000c0000000,0x00000000c05c2770,0x00000000c8000000)
 Metaspace       used 6319K, capacity 7154K, committed 7296K, reserved 1056768K
  class space    used 606K, capacity 618K, committed 640K, reserved 1048576K

Card table byte_map: [0x0000000011b60000,0x0000000011d70000] byte_map_base: 0x0000000011560000

Marking Bits: (ParMarkBitMap*) 0x000000006de20600
 Begin Bits: [0x00000000126d0000, 0x00000000136d0000)
 End Bits:   [0x00000000136d0000, 0x00000000146d0000)

Polling page: 0x0000000000de0000

CodeCache: size=245760Kb used=9304Kb max_used=9316Kb free=236455Kb
 bounds [0x00000000027a0000, 0x00000000030d0000, 0x00000000117a0000]
 total_blobs=2200 nmethods=1929 adapters=182
 compilation: enabled

Compilation events (10 events):
Event: 7.290 Thread 0x0000000017259800 1929       1       com.android.dx.rop.cst.CstFloat::getType (4 bytes)
Event: 7.291 Thread 0x0000000017259800 nmethod 1929 0x0000000003080bd0 code [0x0000000003080d20, 0x0000000003080e30]
Event: 7.291 Thread 0x0000000017259800 1930       1       java.util.ArrayList::elementData (7 bytes)
Event: 7.291 Thread 0x0000000017259800 nmethod 1930 0x0000000003080890 code [0x00000000030809e0, 0x0000000003080b10]
Event: 7.293 Thread 0x00000000171f4800 nmethod 1928 0x00000000030a95d0 code [0x00000000030a9780, 0x00000000030a9bc0]
Event: 7.294 Thread 0x00000000171f4800 1931       4       com.android.dx.rop.cst.CstMemberRef::<init> (43 bytes)
Event: 7.294 Thread 0x00000000171f4800 nmethod 1931 0x000000000307c590 code [0x000000000307c6c0, 0x000000000307c778]
Event: 7.294 Thread 0x00000000171f4800 1932       4       com.android.dx.cf.code.Ropper::addBlock (37 bytes)
Event: 7.304 Thread 0x00000000171f4800 nmethod 1932 0x00000000030bed90 code [0x00000000030bef00, 0x00000000030bf598]
Event: 7.304 Thread 0x00000000171f4800 1933       4       com.android.dx.ssa.back.FirstFitLocalCombiningAllocator::handleNormalUnassociated (99 bytes)

GC Heap History (4 events):
Event: 2.241 GC heap before
{Heap before GC invocations=1 (full 0):
 PSYoungGen      total 57344K, used 49152K [0x00000000eab00000, 0x00000000eeb00000, 0x0000000100000000)
  eden space 49152K, 100% used [0x00000000eab00000,0x00000000edb00000,0x00000000edb00000)
  from space 8192K, 0% used [0x00000000ee300000,0x00000000ee300000,0x00000000eeb00000)
  to   space 8192K, 0% used [0x00000000edb00000,0x00000000edb00000,0x00000000ee300000)
 ParOldGen       total 131072K, used 0K [0x00000000c0000000, 0x00000000c8000000, 0x00000000eab00000)
  object space 131072K, 0% used [0x00000000c0000000,0x00000000c0000000,0x00000000c8000000)
 Metaspace       used 6172K, capacity 7026K, committed 7296K, reserved 1056768K
  class space    used 604K, capacity 618K, committed 640K, reserved 1048576K
Event: 2.309 GC heap after
Heap after GC invocations=1 (full 0):
 PSYoungGen      total 57344K, used 8160K [0x00000000eab00000, 0x00000000f1b00000, 0x0000000100000000)
  eden space 49152K, 0% used [0x00000000eab00000,0x00000000eab00000,0x00000000edb00000)
  from space 8192K, 99% used [0x00000000edb00000,0x00000000ee2f82c8,0x00000000ee300000)
  to   space 8192K, 0% used [0x00000000f1300000,0x00000000f1300000,0x00000000f1b00000)
 ParOldGen       total 131072K, used 178K [0x00000000c0000000, 0x00000000c8000000, 0x00000000eab00000)
  object space 131072K, 0% used [0x00000000c0000000,0x00000000c002c910,0x00000000c8000000)
 Metaspace       used 6172K, capacity 7026K, committed 7296K, reserved 1056768K
  class space    used 604K, capacity 618K, committed 640K, reserved 1048576K
}
Event: 5.762 GC heap before
{Heap before GC invocations=2 (full 0):
 PSYoungGen      total 57344K, used 57312K [0x00000000eab00000, 0x00000000f1b00000, 0x0000000100000000)
  eden space 49152K, 100% used [0x00000000eab00000,0x00000000edb00000,0x00000000edb00000)
  from space 8192K, 99% used [0x00000000edb00000,0x00000000ee2f82c8,0x00000000ee300000)
  to   space 8192K, 0% used [0x00000000f1300000,0x00000000f1300000,0x00000000f1b00000)
 ParOldGen       total 131072K, used 178K [0x00000000c0000000, 0x00000000c8000000, 0x00000000eab00000)
  object space 131072K, 0% used [0x00000000c0000000,0x00000000c002c910,0x00000000c8000000)
 Metaspace       used 6265K, capacity 7090K, committed 7296K, reserved 1056768K
  class space    used 605K, capacity 618K, committed 640K, reserved 1048576K
Event: 6.154 GC heap after
Heap after GC invocations=2 (full 0):
 PSYoungGen      total 106496K, used 8161K [0x00000000eab00000, 0x00000000f1b00000, 0x0000000100000000)
  eden space 98304K, 0% used [0x00000000eab00000,0x00000000eab00000,0x00000000f0b00000)
  from space 8192K, 99% used [0x00000000f1300000,0x00000000f1af8780,0x00000000f1b00000)
  to   space 8192K, 0% used [0x00000000f0b00000,0x00000000f0b00000,0x00000000f1300000)
 ParOldGen       total 131072K, used 5897K [0x00000000c0000000, 0x00000000c8000000, 0x00000000eab00000)
  object space 131072K, 4% used [0x00000000c0000000,0x00000000c05c2770,0x00000000c8000000)
 Metaspace       used 6265K, capacity 7090K, committed 7296K, reserved 1056768K
  class space    used 605K, capacity 618K, committed 640K, reserved 1048576K
}

Deoptimization events (10 events):
Event: 5.733 Thread 0x0000000017570000 Uncommon trap: reason=unstable_if action=reinterpret pc=0x0000000002e3010c method=com.android.dx.ssa.SsaBasicBlock.newFromRop(Lcom/android/dx/rop/code/RopMethod;ILcom/android/dx/ssa/SsaMethod;)Lcom/android/dx/ssa/SsaBasicBlock; @ 164
Event: 5.734 Thread 0x0000000017570000 Uncommon trap: reason=unstable_if action=reinterpret pc=0x0000000002dad7c8 method=com.android.dx.ssa.SsaMethod.blockIndexToRopLabel(I)I @ 1
Event: 6.572 Thread 0x0000000017550000 Uncommon trap: reason=unstable_if action=reinterpret pc=0x0000000002fd8e2c method=com.android.dx.dex.code.RopTranslator.pickOrder()V @ 130
Event: 6.582 Thread 0x0000000017550000 Uncommon trap: reason=unloaded action=reinterpret pc=0x0000000002d16d34 method=com.android.dx.ssa.LiteralOpUpgrader$1.visitNonMoveInsn(Lcom/android/dx/ssa/NormalSsaInsn;)V @ 72
Event: 6.583 Thread 0x0000000017550000 Uncommon trap: reason=unstable_if action=reinterpret pc=0x0000000002bb1e1c method=com.android.dx.ssa.SsaMethod.updateOneDefinition(Lcom/android/dx/ssa/SsaInsn;Lcom/android/dx/rop/code/RegisterSpec;)V @ 4
Event: 6.828 Thread 0x0000000017568800 Uncommon trap: reason=bimorphic action=maybe_recompile pc=0x0000000002f8c6d0 method=com.android.dx.cf.code.BytecodeArray.parseInstruction(ILcom/android/dx/cf/code/BytecodeArray$Visitor;)I @ 1130
Event: 6.828 Thread 0x0000000017568800 Uncommon trap: reason=bimorphic action=maybe_recompile pc=0x0000000002f8c2cc method=com.android.dx.cf.code.BytecodeArray.parseInstruction(ILcom/android/dx/cf/code/BytecodeArray$Visitor;)I @ 971
Event: 6.828 Thread 0x0000000017568800 Uncommon trap: reason=bimorphic action=maybe_recompile pc=0x0000000002f8c350 method=com.android.dx.cf.code.BytecodeArray.parseInstruction(ILcom/android/dx/cf/code/BytecodeArray$Visitor;)I @ 987
Event: 6.828 Thread 0x0000000017568800 Uncommon trap: reason=bimorphic action=maybe_recompile pc=0x0000000002f8c248 method=com.android.dx.cf.code.BytecodeArray.parseInstruction(ILcom/android/dx/cf/code/BytecodeArray$Visitor;)I @ 955
Event: 6.828 Thread 0x0000000017568800 Uncommon trap: reason=bimorphic action=maybe_recompile pc=0x0000000002f8c248 method=com.android.dx.cf.code.BytecodeArray.parseInstruction(ILcom/android/dx/cf/code/BytecodeArray$Visitor;)I @ 955

Internal exceptions (3 events):
Event: 0.055 Thread 0x00000000026a0800 Exception <a 'java/lang/NoSuchMethodError': Method sun.misc.Unsafe.defineClass(Ljava/lang/String;[BII)Ljava/lang/Class; name or signature does not match> (0x00000000eab07cc0) thrown at [D:\re\workspace\8-2-build-windows-amd64-cygwin\jdk8u77\6540\hotspot\srQ[ΩùÚ´?
Event: 0.055 Thread 0x00000000026a0800 Exception <a 'java/lang/NoSuchMethodError': Method sun.misc.Unsafe.prefetchRead(Ljava/lang/Object;J)V name or signature does not match> (0x00000000eab07fa8) thrown at [D:\re\workspace\8-2-build-windows-amd64-cygwin\jdk8u77\6540\hotspot\src\share\vm\prims\jX∂ÙÅÎ8˘?
Event: 1.576 Thread 0x0000000017550000 Implicit null exception at 0x0000000002abce34 to 0x0000000002abe5b1

Events (10 events):
Event: 6.828 Thread 0x0000000017568800 Uncommon trap: trap_request=0xffffffc6 fr.pc=0x0000000002f8c248
Event: 6.828 Thread 0x0000000017568800 DEOPT PACKING pc=0x0000000002f8c248 sp=0x0000000018b3e560
Event: 6.828 Thread 0x0000000017568800 DEOPT UNPACKING pc=0x00000000027e582a sp=0x0000000018b3e508 mode 2
Event: 6.828 Thread 0x0000000017568800 Uncommon trap: trap_request=0xffffffc6 fr.pc=0x0000000002f8c248
Event: 6.828 Thread 0x0000000017568800 DEOPT PACKING pc=0x0000000002f8c248 sp=0x0000000018b3e560
Event: 6.828 Thread 0x0000000017568800 DEOPT UNPACKING pc=0x00000000027e582a sp=0x0000000018b3e508 mode 2
Event: 6.878 Thread 0x0000000017570000 DEOPT PACKING pc=0x0000000002b49731 sp=0x0000000018d3e8b0
Event: 6.878 Thread 0x0000000017570000 DEOPT UNPACKING pc=0x00000000027e787f sp=0x0000000018d3e640 mode 0
Event: 7.274 loading class com/android/dx/cf/iface/ParseObserver
Event: 7.274 loading class com/android/dx/cf/iface/ParseObserver done


Dynamic libraries:
0x00007ff6eea00000 - 0x00007ff6eea37000 	C:\Program Files\Java\jdk1.8.0_77\bin\java.exe
0x00007ff9b4ef0000 - 0x00007ff9b509a000 	C:\WINDOWS\SYSTEM32\ntdll.dll
0x00007ff9b3020000 - 0x00007ff9b315a000 	C:\WINDOWS\system32\KERNEL32.DLL
0x00007ff9b2430000 - 0x00007ff9b253f000 	C:\WINDOWS\system32\KERNELBASE.dll
0x00007ff9b0dd0000 - 0x00007ff9b0e58000 	C:\WINDOWS\system32\apphelp.dll
0x00007ff9969c0000 - 0x00007ff996a0f000 	C:\WINDOWS\AppPatch\AppPatch64\AcGenral.DLL
0x00007ff9b2e20000 - 0x00007ff9b2ec7000 	C:\WINDOWS\system32\msvcrt.dll
0x00007ff9b2040000 - 0x00007ff9b206b000 	C:\WINDOWS\SYSTEM32\SspiCli.dll
0x00007ff9b4e90000 - 0x00007ff9b4ee1000 	C:\WINDOWS\system32\SHLWAPI.dll
0x00007ff9b2880000 - 0x00007ff9b29f1000 	C:\WINDOWS\system32\USER32.dll
0x00007ff9b2a00000 - 0x00007ff9b2b78000 	C:\WINDOWS\system32\ole32.dll
0x00007ff9b3930000 - 0x00007ff9b4d47000 	C:\WINDOWS\system32\SHELL32.dll
0x00007ff9b1b50000 - 0x00007ff9b1b6e000 	C:\WINDOWS\SYSTEM32\USERENV.dll
0x00007ff9b27d0000 - 0x00007ff9b2875000 	C:\WINDOWS\system32\ADVAPI32.dll
0x00007ff9a49a0000 - 0x00007ff9a49bb000 	C:\WINDOWS\SYSTEM32\MPR.dll
0x00007ff9b2ee0000 - 0x00007ff9b3016000 	C:\WINDOWS\system32\RPCRT4.dll
0x00007ff9b2b80000 - 0x00007ff9b2bd7000 	C:\WINDOWS\SYSTEM32\sechost.dll
0x00007ff9b32b0000 - 0x00007ff9b3486000 	C:\WINDOWS\SYSTEM32\combase.dll
0x00007ff9b3160000 - 0x00007ff9b32a5000 	C:\WINDOWS\system32\GDI32.dll
0x00007ff9b2260000 - 0x00007ff9b2274000 	C:\WINDOWS\SYSTEM32\profapi.dll
0x00007ff9b0e60000 - 0x00007ff9b0eff000 	C:\WINDOWS\SYSTEM32\SHCORE.dll
0x00007ff9b38d0000 - 0x00007ff9b3904000 	C:\WINDOWS\system32\IMM32.DLL
0x00007ff9b4d50000 - 0x00007ff9b4e89000 	C:\WINDOWS\system32\MSCTF.dll
0x00007ff9afe60000 - 0x00007ff9b00ba000 	C:\WINDOWS\WinSxS\amd64_microsoft.windows.common-controls_6595b64144ccf1df_6.0.9600.17031_none_6242a4b3ecbb55a1\COMCTL32.dll
0x000000006d0b0000 - 0x000000006d182000 	C:\Program Files\Java\jdk1.8.0_77\jre\bin\msvcr100.dll
0x000000006d610000 - 0x000000006dea0000 	C:\Program Files\Java\jdk1.8.0_77\jre\bin\server\jvm.dll
0x00007ff9a8e30000 - 0x00007ff9a8e39000 	C:\WINDOWS\SYSTEM32\WSOCK32.dll
0x00007ff9af1a0000 - 0x00007ff9af1bf000 	C:\WINDOWS\SYSTEM32\WINMM.dll
0x00007ff9b00c0000 - 0x00007ff9b00ca000 	C:\WINDOWS\SYSTEM32\VERSION.dll
0x00007ff9b3910000 - 0x00007ff9b3917000 	C:\WINDOWS\system32\PSAPI.DLL
0x00007ff9b3550000 - 0x00007ff9b35a8000 	C:\WINDOWS\system32\WS2_32.dll
0x00007ff9af170000 - 0x00007ff9af19a000 	C:\WINDOWS\SYSTEM32\WINMMBASE.dll
0x00007ff9b3920000 - 0x00007ff9b3929000 	C:\WINDOWS\system32\NSI.dll
0x00007ff9b2330000 - 0x00007ff9b237a000 	C:\WINDOWS\SYSTEM32\cfgmgr32.dll
0x00007ff9b10f0000 - 0x00007ff9b1116000 	C:\WINDOWS\SYSTEM32\DEVOBJ.dll
0x000000006d520000 - 0x000000006d52f000 	C:\Program Files\Java\jdk1.8.0_77\jre\bin\verify.dll
0x000000006d4f0000 - 0x000000006d519000 	C:\Program Files\Java\jdk1.8.0_77\jre\bin\java.dll
0x000000006d4d0000 - 0x000000006d4e6000 	C:\Program Files\Java\jdk1.8.0_77\jre\bin\zip.dll

VM Arguments:
jvm_args: -Djava.awt.headless=true -Xmx1024M -Dfile.encoding=windows-1252 -Duser.country=US -Duser.language=en -Duser.variant 
java_command: com.android.dx.command.Main --dex --num-threads=4 --output C:\Users\Anto\AndroidStudioProjects\OverwatchRandomizer\app\build\intermediates\pre-dexed\release\com.android.support-appcompat-v7-23.4.0_48bf333c483156ef0b807a309ec77f278f42607a.jar C:\Users\Anto\AndroidStudioProjects\OverwatchRandomizer\app\build\intermediates\exploded-aar\com.android.support\appcompat-v7\23.4.0\jars\classes.jar
java_class_path (initial): C:\Users\Anto\AppData\Local\Android\sdk\build-tools\23.0.3\lib\dx.jar
Launcher Type: SUN_STANDARD

Environment Variables:
JAVA_HOME=C:\Program Files\Java\jdk1.8.0_77
PATH=C:\ProgramData\Oracle\Java\javapath;C:\Program Files (x86)\Intel\iCLS Client\;C:\Program Files\Intel\iCLS Client\;C:\WINDOWS\system32;C:\WINDOWS;C:\WINDOWS\System32\Wbem;C:\WINDOWS\System32\WindowsPowerShell\v1.0\;C:\Program Files (x86)\Windows Live\Shared;C:\Program Files\Intel\WiFi\bin\;C:\Program Files\Common Files\Intel\WirelessCommon\;C:\Program Files\Intel\Intel(R) Management Engine Components\DAL;C:\Program Files\Intel\Intel(R) Management Engine Components\IPT;C:\Program Files (x86)\Intel\Intel(R) Management Engine Components\DAL;C:\Program Files (x86)\Intel\Intel(R) Management Engine Components\IPT;C:\Program Files\apache-maven-3.3.3\bin;C:\Program Files (x86)\NVIDIA Corporation\PhysX\Common;C:\Program Files (x86)\Skype\Phone\
USERNAME=Anto
OS=Windows_NT
PROCESSOR_IDENTIFIER=Intel64 Family 6 Model 60 Stepping 3, GenuineIntel



---------------  S Y S T E M  ---------------

OS: Windows 8.1 , 64 bit Build 9600 (6.3.9600.17056)

CPU:total 8 (4 cores per cpu, 2 threads per core) family 6 model 60 stepping 3, cmov, cx8, fxsr, mmx, sse, sse2, sse3, ssse3, sse4.1, sse4.2, popcnt, avx, avx2, aes, clmul, erms, lzcnt, ht, tsc, tscinvbit, bmi1, bmi2

Memory: 4k page, physical 12498316k(1381924k free), swap 15644044k(5776k free)

vm_info: Java HotSpot(TM) 64-Bit Server VM (25.77-b03) for windows-amd64 JRE (1.8.0_77-b03), built on Mar 20 2016 22:01:33 by "java_re" with MS VC++ 10.0 (VS2010)

time: Sat May 28 22:19:08 2016
elapsed time: 7 seconds (0d 0h 0m 7s)

