#
# There is insufficient memory for the Java Runtime Environment to continue.
# Native memory allocation (malloc) failed to allocate 128720 bytes for Chunk::new
# Possible reasons:
#   The system is out of physical RAM or swap space
#   In 32 bit mode, the process size limit was hit
# Possible solutions:
#   Reduce memory load on the system
#   Increase physical memory or swap space
#   Check if swap backing store is full
#   Use 64 bit Java on a 64 bit OS
#   Decrease Java heap size (-Xmx/-Xms)
#   Decrease number of Java threads
#   Decrease Java thread stack sizes (-Xss)
#   Set larger code cache with -XX:ReservedCodeCacheSize=
# This output file may be truncated or incomplete.
#
#  Out of Memory Error (allocation.cpp:390), pid=13796, tid=11780
#
# JRE version: Java(TM) SE Runtime Environment (8.0_77-b03) (build 1.8.0_77-b03)
# Java VM: Java HotSpot(TM) 64-Bit Server VM (25.77-b03 mixed mode windows-amd64 compressed oops)
# Failed to write core dump. Minidumps are not enabled by default on client versions of Windows
#

---------------  T H R E A D  ---------------

Current thread (0x0000000017478800):  JavaThread "C2 CompilerThread0" daemon [_thread_in_native, id=11780, stack(0x0000000017cc0000,0x0000000017dc0000)]

Stack: [0x0000000017cc0000,0x0000000017dc0000]
[error occurred during error reporting (printing stack bounds), id 0xc0000005]

Native frames: (J=compiled Java code, j=interpreted, Vv=VM code, C=native code)


Current CompileTask:
C2:   3101 1436       4       com.android.dx.ssa.LocalVariableExtractor::processBlock (383 bytes)


---------------  P R O C E S S  ---------------

Java Threads: ( => current thread )
  0x0000000017818000 JavaThread "pool-2-thread-4" [_thread_in_vm, id=13828, stack(0x0000000018ec0000,0x0000000018fc0000)]
  0x0000000017817800 JavaThread "pool-2-thread-3" [_thread_blocked, id=13740, stack(0x0000000018dc0000,0x0000000018ec0000)]
  0x0000000017812800 JavaThread "pool-2-thread-2" [_thread_blocked, id=16032, stack(0x0000000018cc0000,0x0000000018dc0000)]
  0x0000000018367800 JavaThread "pool-3-thread-1" [_thread_blocked, id=15896, stack(0x0000000018bc0000,0x0000000018cc0000)]
  0x0000000018364000 JavaThread "pool-2-thread-1" [_thread_in_vm, id=14748, stack(0x0000000018ac0000,0x0000000018bc0000)]
  0x000000001748a000 JavaThread "Service Thread" daemon [_thread_blocked, id=9788, stack(0x00000000180c0000,0x00000000181c0000)]
  0x0000000017484000 JavaThread "C1 CompilerThread3" daemon [_thread_blocked, id=15952, stack(0x0000000017fc0000,0x00000000180c0000)]
  0x000000001747f800 JavaThread "C2 CompilerThread2" daemon [_thread_blocked, id=16096, stack(0x0000000017ec0000,0x0000000017fc0000)]
  0x000000001747b800 JavaThread "C2 CompilerThread1" daemon [_thread_blocked, id=15264, stack(0x0000000017dc0000,0x0000000017ec0000)]
=>0x0000000017478800 JavaThread "C2 CompilerThread0" daemon [_thread_in_native, id=11780, stack(0x0000000017cc0000,0x0000000017dc0000)]
  0x0000000017476800 JavaThread "Attach Listener" daemon [_thread_blocked, id=15964, stack(0x0000000017bc0000,0x0000000017cc0000)]
  0x0000000002a3e800 JavaThread "Signal Dispatcher" daemon [_thread_blocked, id=14968, stack(0x0000000017ac0000,0x0000000017bc0000)]
  0x0000000017470800 JavaThread "Finalizer" daemon [_thread_blocked, id=15632, stack(0x0000000017850000,0x0000000017950000)]
  0x0000000002a34000 JavaThread "Reference Handler" daemon [_thread_blocked, id=13780, stack(0x0000000017350000,0x0000000017450000)]
  0x0000000002940800 JavaThread "main" [_thread_in_Java, id=6344, stack(0x0000000002840000,0x0000000002940000)]

Other Threads:
  0x0000000015559800 VMThread [stack: 0x0000000017250000,0x0000000017350000] [id=1976]
  0x0000000017524000 WatcherThread [stack: 0x00000000181c0000,0x00000000182c0000] [id=3544]

VM state:not at safepoint (normal execution)

VM Mutex/Monitor currently owned by a thread: None

Heap:
 PSYoungGen      total 57344K, used 17266K [0x00000000eab00000, 0x00000000eeb00000, 0x0000000100000000)
  eden space 49152K, 18% used [0x00000000eab00000,0x00000000eb3e1620,0x00000000edb00000)
  from space 8192K, 99% used [0x00000000edb00000,0x00000000ee2fb310,0x00000000ee300000)
  to   space 8192K, 0% used [0x00000000ee300000,0x00000000ee300000,0x00000000eeb00000)
 ParOldGen       total 131072K, used 886K [0x00000000c0000000, 0x00000000c8000000, 0x00000000eab00000)
  object space 131072K, 0% used [0x00000000c0000000,0x00000000c00dd930,0x00000000c8000000)
 Metaspace       used 6206K, capacity 7090K, committed 7296K, reserved 1056768K
  class space    used 604K, capacity 618K, committed 640K, reserved 1048576K

Card table byte_map: [0x0000000011e00000,0x0000000012010000] byte_map_base: 0x0000000011800000

Marking Bits: (ParMarkBitMap*) 0x000000006de20600
 Begin Bits: [0x0000000012970000, 0x0000000013970000)
 End Bits:   [0x0000000013970000, 0x0000000014970000)

Polling page: 0x0000000000f90000

CodeCache: size=245760Kb used=6266Kb max_used=6266Kb free=239493Kb
 bounds [0x0000000002a40000, 0x0000000003070000, 0x0000000011a40000]
 total_blobs=1763 nmethods=1494 adapters=182
 compilation: enabled

Compilation events (10 events):
Event: 3.093 Thread 0x0000000017484000 1502       3       com.android.dx.rop.type.StdTypeList::equalContents (56 bytes)
Event: 3.094 Thread 0x0000000017484000 nmethod 1502 0x000000000305f5d0 code [0x000000000305f7a0, 0x0000000003060068]
Event: 3.096 Thread 0x0000000017484000 1503       3       com.android.dx.ssa.MoveParamCombiner$1::<init> (20 bytes)
Event: 3.096 Thread 0x0000000017484000 nmethod 1503 0x0000000003060310 code [0x0000000003060460, 0x0000000003060650]
Event: 3.096 Thread 0x0000000017484000 1504       3       com.android.dx.ssa.back.SsaToRop::convertToRopMethod (13 bytes)
Event: 3.096 Thread 0x0000000017484000 nmethod 1504 0x0000000003060710 code [0x00000000030608a0, 0x0000000003060b78]
Event: 3.097 Thread 0x0000000017484000 1505       3       com.android.dx.ssa.back.FirstFitLocalCombiningAllocator::<init> (141 bytes)
Event: 3.098 Thread 0x0000000017484000 nmethod 1505 0x0000000003060cd0 code [0x0000000003060f80, 0x0000000003062268]
Event: 3.098 Thread 0x0000000017484000 1506       3       com.android.dx.ssa.back.FirstFitLocalCombiningAllocator::handleInvokeRangeInsns (36 bytes)
Event: 3.099 Thread 0x0000000017484000 nmethod 1506 0x0000000003062d10 code [0x0000000003062ee0, 0x0000000003063558]

GC Heap History (2 events):
Event: 2.768 GC heap before
{Heap before GC invocations=1 (full 0):
 PSYoungGen      total 57344K, used 49152K [0x00000000eab00000, 0x00000000eeb00000, 0x0000000100000000)
  eden space 49152K, 100% used [0x00000000eab00000,0x00000000edb00000,0x00000000edb00000)
  from space 8192K, 0% used [0x00000000ee300000,0x00000000ee300000,0x00000000eeb00000)
  to   space 8192K, 0% used [0x00000000edb00000,0x00000000edb00000,0x00000000ee300000)
 ParOldGen       total 131072K, used 0K [0x00000000c0000000, 0x00000000c8000000, 0x00000000eab00000)
  object space 131072K, 0% used [0x00000000c0000000,0x00000000c0000000,0x00000000c8000000)
 Metaspace       used 6158K, capacity 7026K, committed 7296K, reserved 1056768K
  class space    used 604K, capacity 618K, committed 640K, reserved 1048576K
Event: 2.956 GC heap after
Heap after GC invocations=1 (full 0):
 PSYoungGen      total 57344K, used 8172K [0x00000000eab00000, 0x00000000eeb00000, 0x0000000100000000)
  eden space 49152K, 0% used [0x00000000eab00000,0x00000000eab00000,0x00000000edb00000)
  from space 8192K, 99% used [0x00000000edb00000,0x00000000ee2fb310,0x00000000ee300000)
  to   space 8192K, 0% used [0x00000000ee300000,0x00000000ee300000,0x00000000eeb00000)
 ParOldGen       total 131072K, used 886K [0x00000000c0000000, 0x00000000c8000000, 0x00000000eab00000)
  object space 131072K, 0% used [0x00000000c0000000,0x00000000c00dd930,0x00000000c8000000)
 Metaspace       used 6158K, capacity 7026K, committed 7296K, reserved 1056768K
  class space    used 604K, capacity 618K, committed 640K, reserved 1048576K
}

Deoptimization events (7 events):
Event: 1.092 Thread 0x0000000002940800 Uncommon trap: reason=unstable_if action=reinterpret pc=0x0000000002ba0514 method=java.lang.String.compareTo(Ljava/lang/String;)I @ 38
Event: 1.694 Thread 0x0000000017817800 Uncommon trap: reason=unstable_if action=reinterpret pc=0x0000000002c81984 method=java.util.HashMap.getNode(ILjava/lang/Object;)Ljava/util/HashMap$Node; @ 62
Event: 2.171 Thread 0x0000000017818000 Uncommon trap: reason=unstable_if action=reinterpret pc=0x0000000002d81204 method=com.android.dx.rop.code.RegisterSpec.equals(ILcom/android/dx/rop/type/TypeBearer;Lcom/android/dx/rop/code/LocalItem;)Z @ 42
Event: 2.368 Thread 0x0000000017818000 Uncommon trap: reason=unstable_if action=reinterpret pc=0x0000000002e0376c method=com.android.dx.rop.code.RegisterSpecSet.put(Lcom/android/dx/rop/code/RegisterSpec;)V @ 77
Event: 2.368 Thread 0x0000000017818000 Uncommon trap: reason=unstable_if action=reinterpret pc=0x0000000002e5bb2c method=com.android.dx.rop.code.RegisterSpecSet.put(Lcom/android/dx/rop/code/RegisterSpec;)V @ 77
Event: 2.997 Thread 0x0000000002940800 Uncommon trap: reason=unloaded action=reinterpret pc=0x0000000002f92694 method=com.android.dx.cf.cst.ConstantPoolParser.parse0(ILjava/util/BitSet;)Lcom/android/dx/rop/cst/Constant; @ 198
Event: 3.043 Thread 0x0000000002940800 Uncommon trap: reason=unstable_if action=reinterpret pc=0x0000000002d1175c method=com.android.dx.rop.cst.Constant.compareTo(Lcom/android/dx/rop/cst/Constant;)I @ 12

Internal exceptions (2 events):
Event: 0.464 Thread 0x0000000002940800 Exception <a 'java/lang/NoSuchMethodError': Method sun.misc.Unsafe.defineClass(Ljava/lang/String;[BII)Ljava/lang/Class; name or signature does not match> (0x00000000eab07cc0) thrown at [D:\re\workspace\8-2-build-windows-amd64-cygwin\jdk8u77\6540\hotspot\srœ5Û,π›?
Event: 0.464 Thread 0x0000000002940800 Exception <a 'java/lang/NoSuchMethodError': Method sun.misc.Unsafe.prefetchRead(Ljava/lang/Object;J)V name or signature does not match> (0x00000000eab07fa8) thrown at [D:\re\workspace\8-2-build-windows-amd64-cygwin\jdk8u77\6540\hotspot\src\share\vm\prims\j

Events (10 events):
Event: 2.713 loading class com/android/dx/cf/attrib/AttExceptions
Event: 2.713 loading class com/android/dx/cf/attrib/AttExceptions done
Event: 2.741 Executing VM operation: ParallelGCFailedAllocation
Event: 2.956 Executing VM operation: ParallelGCFailedAllocation done
Event: 2.997 Thread 0x0000000002940800 Uncommon trap: trap_request=0x000000d0 fr.pc=0x0000000002f92694
Event: 2.997 Thread 0x0000000002940800 DEOPT PACKING pc=0x0000000002f92694 sp=0x000000000293e760
Event: 2.997 Thread 0x0000000002940800 DEOPT UNPACKING pc=0x0000000002a8582a sp=0x000000000293e728 mode 2
Event: 3.043 Thread 0x0000000002940800 Uncommon trap: trap_request=0xffffff65 fr.pc=0x0000000002d1175c
Event: 3.043 Thread 0x0000000002940800 DEOPT PACKING pc=0x0000000002d1175c sp=0x000000000293dd40
Event: 3.043 Thread 0x0000000002940800 DEOPT UNPACKING pc=0x0000000002a8582a sp=0x000000000293dce0 mode 2


Dynamic libraries:
0x00007ff6eea00000 - 0x00007ff6eea37000 	C:\Program Files\Java\jdk1.8.0_77\bin\java.exe
0x00007ff9b4ef0000 - 0x00007ff9b509a000 	C:\WINDOWS\SYSTEM32\ntdll.dll
0x00007ff9b3020000 - 0x00007ff9b315a000 	C:\WINDOWS\system32\KERNEL32.DLL
0x00007ff9b2430000 - 0x00007ff9b253f000 	C:\WINDOWS\system32\KERNELBASE.dll
0x00007ff9b0dd0000 - 0x00007ff9b0e58000 	C:\WINDOWS\system32\apphelp.dll
0x00007ff995240000 - 0x00007ff99528f000 	C:\WINDOWS\AppPatch\AppPatch64\AcGenral.DLL
0x00007ff9b2e20000 - 0x00007ff9b2ec7000 	C:\WINDOWS\system32\msvcrt.dll
0x00007ff9b2040000 - 0x00007ff9b206b000 	C:\WINDOWS\SYSTEM32\SspiCli.dll
0x00007ff9b4e90000 - 0x00007ff9b4ee1000 	C:\WINDOWS\system32\SHLWAPI.dll
0x00007ff9b2880000 - 0x00007ff9b29f1000 	C:\WINDOWS\system32\USER32.dll
0x00007ff9b2a00000 - 0x00007ff9b2b78000 	C:\WINDOWS\system32\ole32.dll
0x00007ff9b3930000 - 0x00007ff9b4d47000 	C:\WINDOWS\system32\SHELL32.dll
0x00007ff9b1b50000 - 0x00007ff9b1b6e000 	C:\WINDOWS\SYSTEM32\USERENV.dll
0x00007ff9b27d0000 - 0x00007ff9b2875000 	C:\WINDOWS\system32\ADVAPI32.dll
0x00007ff9a49a0000 - 0x00007ff9a49bb000 	C:\WINDOWS\SYSTEM32\MPR.dll
0x00007ff9b2ee0000 - 0x00007ff9b3016000 	C:\WINDOWS\system32\RPCRT4.dll
0x00007ff9b2b80000 - 0x00007ff9b2bd7000 	C:\WINDOWS\SYSTEM32\sechost.dll
0x00007ff9b32b0000 - 0x00007ff9b3486000 	C:\WINDOWS\SYSTEM32\combase.dll
0x00007ff9b3160000 - 0x00007ff9b32a5000 	C:\WINDOWS\system32\GDI32.dll
0x00007ff9b2260000 - 0x00007ff9b2274000 	C:\WINDOWS\SYSTEM32\profapi.dll
0x00007ff9b0e60000 - 0x00007ff9b0eff000 	C:\WINDOWS\SYSTEM32\SHCORE.dll
0x00007ff9b38d0000 - 0x00007ff9b3904000 	C:\WINDOWS\system32\IMM32.DLL
0x00007ff9b4d50000 - 0x00007ff9b4e89000 	C:\WINDOWS\system32\MSCTF.dll
0x00007ff9afe60000 - 0x00007ff9b00ba000 	C:\WINDOWS\WinSxS\amd64_microsoft.windows.common-controls_6595b64144ccf1df_6.0.9600.17031_none_6242a4b3ecbb55a1\COMCTL32.dll
0x000000006d0b0000 - 0x000000006d182000 	C:\Program Files\Java\jdk1.8.0_77\jre\bin\msvcr100.dll
0x000000006d610000 - 0x000000006dea0000 	C:\Program Files\Java\jdk1.8.0_77\jre\bin\server\jvm.dll
0x00007ff9a8e30000 - 0x00007ff9a8e39000 	C:\WINDOWS\SYSTEM32\WSOCK32.dll
0x00007ff9af1a0000 - 0x00007ff9af1bf000 	C:\WINDOWS\SYSTEM32\WINMM.dll
0x00007ff9b00c0000 - 0x00007ff9b00ca000 	C:\WINDOWS\SYSTEM32\VERSION.dll
0x00007ff9b3910000 - 0x00007ff9b3917000 	C:\WINDOWS\system32\PSAPI.DLL
0x00007ff9b3550000 - 0x00007ff9b35a8000 	C:\WINDOWS\system32\WS2_32.dll
0x00007ff9af170000 - 0x00007ff9af19a000 	C:\WINDOWS\SYSTEM32\WINMMBASE.dll
0x00007ff9b3920000 - 0x00007ff9b3929000 	C:\WINDOWS\system32\NSI.dll
0x00007ff9b2330000 - 0x00007ff9b237a000 	C:\WINDOWS\SYSTEM32\cfgmgr32.dll
0x00007ff9b10f0000 - 0x00007ff9b1116000 	C:\WINDOWS\SYSTEM32\DEVOBJ.dll
0x000000006d520000 - 0x000000006d52f000 	C:\Program Files\Java\jdk1.8.0_77\jre\bin\verify.dll
0x000000006d4f0000 - 0x000000006d519000 	C:\Program Files\Java\jdk1.8.0_77\jre\bin\java.dll
0x000000006d4d0000 - 0x000000006d4e6000 	C:\Program Files\Java\jdk1.8.0_77\jre\bin\zip.dll

VM Arguments:
jvm_args: -Djava.awt.headless=true -Xmx1024M -Dfile.encoding=windows-1252 -Duser.country=US -Duser.language=en -Duser.variant 
java_command: com.android.dx.command.Main --dex --force-jumbo --num-threads=4 --multi-dex --output C:\Users\Anto\AndroidStudioProjects\OverwatchRandomizer\app\build\intermediates\transforms\dex\debug\folders\1000\10\com.android.support-appcompat-v7-23.4.0_48bf333c483156ef0b807a309ec77f278f42607a C:\Users\Anto\AndroidStudioProjects\OverwatchRandomizer\app\build\intermediates\exploded-aar\com.android.support\appcompat-v7\23.4.0\jars\classes.jar
java_class_path (initial): C:\Users\Anto\AppData\Local\Android\sdk\build-tools\23.0.3\lib\dx.jar
Launcher Type: SUN_STANDARD

Environment Variables:
JAVA_HOME=C:\Program Files\Java\jdk1.8.0_77
PATH=C:\ProgramData\Oracle\Java\javapath;C:\Program Files (x86)\Intel\iCLS Client\;C:\Program Files\Intel\iCLS Client\;C:\WINDOWS\system32;C:\WINDOWS;C:\WINDOWS\System32\Wbem;C:\WINDOWS\System32\WindowsPowerShell\v1.0\;C:\Program Files (x86)\Windows Live\Shared;C:\Program Files\Intel\WiFi\bin\;C:\Program Files\Common Files\Intel\WirelessCommon\;C:\Program Files\Intel\Intel(R) Management Engine Components\DAL;C:\Program Files\Intel\Intel(R) Management Engine Components\IPT;C:\Program Files (x86)\Intel\Intel(R) Management Engine Components\DAL;C:\Program Files (x86)\Intel\Intel(R) Management Engine Components\IPT;C:\Program Files\apache-maven-3.3.3\bin;C:\Program Files (x86)\NVIDIA Corporation\PhysX\Common;C:\Program Files (x86)\Skype\Phone\
USERNAME=Anto
OS=Windows_NT
PROCESSOR_IDENTIFIER=Intel64 Family 6 Model 60 Stepping 3, GenuineIntel



---------------  S Y S T E M  ---------------

OS: Windows 8.1 , 64 bit Build 9600 (6.3.9600.17056)

CPU:total 8 (4 cores per cpu, 2 threads per core) family 6 model 60 stepping 3, cmov, cx8, fxsr, mmx, sse, sse2, sse3, ssse3, sse4.1, sse4.2, popcnt, avx, avx2, aes, clmul, erms, lzcnt, ht, tsc, tscinvbit, bmi1, bmi2

Memory: 4k page, physical 12498316k(757696k free), swap 15644044k(5180k free)

vm_info: Java HotSpot(TM) 64-Bit Server VM (25.77-b03) for windows-amd64 JRE (1.8.0_77-b03), built on Mar 20 2016 22:01:33 by "java_re" with MS VC++ 10.0 (VS2010)

time: Fri May 27 14:54:39 2016
elapsed time: 3 seconds (0d 0h 0m 3s)

