#
# There is insufficient memory for the Java Runtime Environment to continue.
# Native memory allocation (malloc) failed to allocate 1862896 bytes for Chunk::new
# Possible reasons:
#   The system is out of physical RAM or swap space
#   In 32 bit mode, the process size limit was hit
# Possible solutions:
#   Reduce memory load on the system
#   Increase physical memory or swap space
#   Check if swap backing store is full
#   Use 64 bit Java on a 64 bit OS
#   Decrease Java heap size (-Xmx/-Xms)
#   Decrease number of Java threads
#   Decrease Java thread stack sizes (-Xss)
#   Set larger code cache with -XX:ReservedCodeCacheSize=
# This output file may be truncated or incomplete.
#
#  Out of Memory Error (allocation.cpp:390), pid=14792, tid=14064
#
# JRE version: Java(TM) SE Runtime Environment (8.0_77-b03) (build 1.8.0_77-b03)
# Java VM: Java HotSpot(TM) 64-Bit Server VM (25.77-b03 mixed mode windows-amd64 compressed oops)
# Failed to write core dump. Minidumps are not enabled by default on client versions of Windows
#

---------------  T H R E A D  ---------------

Current thread (0x0000000016e43000):  JavaThread "C2 CompilerThread1" daemon [_thread_in_native, id=14064, stack(0x0000000017730000,0x0000000017830000)]

Stack: [0x0000000017730000,0x0000000017830000]
[error occurred during error reporting (printing stack bounds), id 0xc0000005]

Native frames: (J=compiled Java code, j=interpreted, Vv=VM code, C=native code)


Current CompileTask:
C2:   9464 2069   !   4       com.android.dx.cf.code.BytecodeArray::parseInstruction (2764 bytes)


---------------  P R O C E S S  ---------------

Java Threads: ( => current thread )
  0x000000001716a000 JavaThread "pool-1-thread-4" [_thread_blocked, id=4004, stack(0x0000000018830000,0x0000000018930000)]
  0x0000000017169000 JavaThread "pool-1-thread-3" [_thread_blocked, id=13728, stack(0x0000000018730000,0x0000000018830000)]
  0x0000000017132800 JavaThread "pool-1-thread-2" [_thread_blocked, id=17044, stack(0x0000000018630000,0x0000000018730000)]
  0x000000001712d800 JavaThread "pool-2-thread-1" [_thread_blocked, id=13692, stack(0x0000000018530000,0x0000000018630000)]
  0x0000000017094800 JavaThread "pool-1-thread-1" [_thread_blocked, id=15608, stack(0x0000000018430000,0x0000000018530000)]
  0x0000000016e53000 JavaThread "Service Thread" daemon [_thread_blocked, id=9252, stack(0x0000000017a30000,0x0000000017b30000)]
  0x0000000016e4a800 JavaThread "C1 CompilerThread3" daemon [_thread_blocked, id=17028, stack(0x0000000017930000,0x0000000017a30000)]
  0x0000000016e48000 JavaThread "C2 CompilerThread2" daemon [_thread_blocked, id=6932, stack(0x0000000017830000,0x0000000017930000)]
=>0x0000000016e43000 JavaThread "C2 CompilerThread1" daemon [_thread_in_native, id=14064, stack(0x0000000017730000,0x0000000017830000)]
  0x0000000016dea000 JavaThread "C2 CompilerThread0" daemon [_thread_blocked, id=15936, stack(0x0000000017630000,0x0000000017730000)]
  0x0000000016de8000 JavaThread "Attach Listener" daemon [_thread_blocked, id=4456, stack(0x0000000017530000,0x0000000017630000)]
  0x0000000016de5000 JavaThread "Signal Dispatcher" daemon [_thread_blocked, id=15912, stack(0x0000000017430000,0x0000000017530000)]
  0x0000000016de0800 JavaThread "Finalizer" daemon [_thread_blocked, id=14428, stack(0x00000000171c0000,0x00000000172c0000)]
  0x00000000023c4000 JavaThread "Reference Handler" daemon [_thread_blocked, id=15688, stack(0x0000000016cc0000,0x0000000016dc0000)]
  0x00000000022d0800 JavaThread "main" [_thread_blocked, id=13180, stack(0x00000000021d0000,0x00000000022d0000)]

Other Threads:
  0x0000000014ee9000 VMThread [stack: 0x0000000016bc0000,0x0000000016cc0000] [id=13556]
  0x0000000016e65800 WatcherThread [stack: 0x0000000017b30000,0x0000000017c30000] [id=15760]

VM state:not at safepoint (normal execution)

VM Mutex/Monitor currently owned by a thread: None

Heap:
 PSYoungGen      total 106496K, used 23300K [0x00000000eab00000, 0x00000000f7b00000, 0x0000000100000000)
  eden space 98304K, 15% used [0x00000000eab00000,0x00000000eb9c1a50,0x00000000f0b00000)
  from space 8192K, 99% used [0x00000000f0b00000,0x00000000f12ff6f8,0x00000000f1300000)
  to   space 8192K, 0% used [0x00000000f7300000,0x00000000f7300000,0x00000000f7b00000)
 ParOldGen       total 131072K, used 20439K [0x00000000c0000000, 0x00000000c8000000, 0x00000000eab00000)
  object space 131072K, 15% used [0x00000000c0000000,0x00000000c13f5f38,0x00000000c8000000)
 Metaspace       used 6424K, capacity 7192K, committed 7424K, reserved 1056768K
  class space    used 626K, capacity 656K, committed 768K, reserved 1048576K

Card table byte_map: [0x0000000011790000,0x00000000119a0000] byte_map_base: 0x0000000011190000

Marking Bits: (ParMarkBitMap*) 0x000000006de20600
 Begin Bits: [0x0000000012300000, 0x0000000013300000)
 End Bits:   [0x0000000013300000, 0x0000000014300000)

Polling page: 0x0000000000660000

CodeCache: size=245760Kb used=10034Kb max_used=10035Kb free=235725Kb
 bounds [0x00000000023d0000, 0x0000000002db0000, 0x00000000113d0000]
 total_blobs=2324 nmethods=2054 adapters=182
 compilation: enabled

Compilation events (10 events):
Event: 9.420 Thread 0x0000000016e43000 2069   !   4       com.android.dx.cf.code.BytecodeArray::parseInstruction (2764 bytes)
Event: 9.422 Thread 0x0000000016dea000 2070       4       com.android.dx.dex.code.RopTranslator::getRegs (64 bytes)
Event: 9.425 Thread 0x0000000016e48000 nmethod 2068 0x0000000002da7090 code [0x0000000002da7240, 0x0000000002da7ba8]
Event: 9.429 Thread 0x0000000016dea000 nmethod 2070 0x0000000002d9afd0 code [0x0000000002d9b160, 0x0000000002d9b5e8]
Event: 9.433 Thread 0x0000000016e4a800 2071       1       com.android.dx.cf.attrib.AttConstantValue::byteLength (3 bytes)
Event: 9.433 Thread 0x0000000016e4a800 nmethod 2071 0x0000000002d96750 code [0x0000000002d968a0, 0x0000000002d969b0]
Event: 9.433 Thread 0x0000000016e48000 2072       4       com.android.dx.cf.direct.AttributeListParser::<init> (83 bytes)
Event: 9.437 Thread 0x0000000016e48000 nmethod 2072 0x0000000002da37d0 code [0x0000000002da3940, 0x0000000002da3cf8]
Event: 9.454 Thread 0x0000000016e4a800 2073       3       com.android.dx.ssa.MoveParamCombiner$1::visitNonMoveInsn (213 bytes)
Event: 9.455 Thread 0x0000000016e4a800 nmethod 2073 0x0000000002da4390 code [0x0000000002da4660, 0x0000000002da62f8]

GC Heap History (6 events):
Event: 2.420 GC heap before
{Heap before GC invocations=1 (full 0):
 PSYoungGen      total 57344K, used 49152K [0x00000000eab00000, 0x00000000eeb00000, 0x0000000100000000)
  eden space 49152K, 100% used [0x00000000eab00000,0x00000000edb00000,0x00000000edb00000)
  from space 8192K, 0% used [0x00000000ee300000,0x00000000ee300000,0x00000000eeb00000)
  to   space 8192K, 0% used [0x00000000edb00000,0x00000000edb00000,0x00000000ee300000)
 ParOldGen       total 131072K, used 0K [0x00000000c0000000, 0x00000000c8000000, 0x00000000eab00000)
  object space 131072K, 0% used [0x00000000c0000000,0x00000000c0000000,0x00000000c8000000)
 Metaspace       used 6085K, capacity 6962K, committed 7040K, reserved 1056768K
  class space    used 604K, capacity 618K, committed 640K, reserved 1048576K
Event: 2.671 GC heap after
Heap after GC invocations=1 (full 0):
 PSYoungGen      total 57344K, used 8191K [0x00000000eab00000, 0x00000000f1b00000, 0x0000000100000000)
  eden space 49152K, 0% used [0x00000000eab00000,0x00000000eab00000,0x00000000edb00000)
  from space 8192K, 99% used [0x00000000edb00000,0x00000000ee2fffc0,0x00000000ee300000)
  to   space 8192K, 0% used [0x00000000f1300000,0x00000000f1300000,0x00000000f1b00000)
 ParOldGen       total 131072K, used 377K [0x00000000c0000000, 0x00000000c8000000, 0x00000000eab00000)
  object space 131072K, 0% used [0x00000000c0000000,0x00000000c005e410,0x00000000c8000000)
 Metaspace       used 6085K, capacity 6962K, committed 7040K, reserved 1056768K
  class space    used 604K, capacity 618K, committed 640K, reserved 1048576K
}
Event: 4.120 GC heap before
{Heap before GC invocations=2 (full 0):
 PSYoungGen      total 57344K, used 57343K [0x00000000eab00000, 0x00000000f1b00000, 0x0000000100000000)
  eden space 49152K, 100% used [0x00000000eab00000,0x00000000edb00000,0x00000000edb00000)
  from space 8192K, 99% used [0x00000000edb00000,0x00000000ee2fffc0,0x00000000ee300000)
  to   space 8192K, 0% used [0x00000000f1300000,0x00000000f1300000,0x00000000f1b00000)
 ParOldGen       total 131072K, used 377K [0x00000000c0000000, 0x00000000c8000000, 0x00000000eab00000)
  object space 131072K, 0% used [0x00000000c0000000,0x00000000c005e410,0x00000000c8000000)
 Metaspace       used 6228K, capacity 7090K, committed 7296K, reserved 1056768K
  class space    used 604K, capacity 618K, committed 640K, reserved 1048576K
Event: 4.699 GC heap after
Heap after GC invocations=2 (full 0):
 PSYoungGen      total 106496K, used 8189K [0x00000000eab00000, 0x00000000f1b00000, 0x0000000100000000)
  eden space 98304K, 0% used [0x00000000eab00000,0x00000000eab00000,0x00000000f0b00000)
  from space 8192K, 99% used [0x00000000f1300000,0x00000000f1aff688,0x00000000f1b00000)
  to   space 8192K, 0% used [0x00000000f0b00000,0x00000000f0b00000,0x00000000f1300000)
 ParOldGen       total 131072K, used 5512K [0x00000000c0000000, 0x00000000c8000000, 0x00000000eab00000)
  object space 131072K, 4% used [0x00000000c0000000,0x00000000c0562118,0x00000000c8000000)
 Metaspace       used 6228K, capacity 7090K, committed 7296K, reserved 1056768K
  class space    used 604K, capacity 618K, committed 640K, reserved 1048576K
}
Event: 9.196 GC heap before
{Heap before GC invocations=3 (full 0):
 PSYoungGen      total 106496K, used 106493K [0x00000000eab00000, 0x00000000f1b00000, 0x0000000100000000)
  eden space 98304K, 100% used [0x00000000eab00000,0x00000000f0b00000,0x00000000f0b00000)
  from space 8192K, 99% used [0x00000000f1300000,0x00000000f1aff688,0x00000000f1b00000)
  to   space 8192K, 0% used [0x00000000f0b00000,0x00000000f0b00000,0x00000000f1300000)
 ParOldGen       total 131072K, used 5512K [0x00000000c0000000, 0x00000000c8000000, 0x00000000eab00000)
  object space 131072K, 4% used [0x00000000c0000000,0x00000000c0562118,0x00000000c8000000)
 Metaspace       used 6418K, capacity 7192K, committed 7424K, reserved 1056768K
  class space    used 626K, capacity 656K, committed 768K, reserved 1048576K
Event: 9.374 GC heap after
Heap after GC invocations=3 (full 0):
 PSYoungGen      total 106496K, used 8189K [0x00000000eab00000, 0x00000000f7b00000, 0x0000000100000000)
  eden space 98304K, 0% used [0x00000000eab00000,0x00000000eab00000,0x00000000f0b00000)
  from space 8192K, 99% used [0x00000000f0b00000,0x00000000f12ff6f8,0x00000000f1300000)
  to   space 8192K, 0% used [0x00000000f7300000,0x00000000f7300000,0x00000000f7b00000)
 ParOldGen       total 131072K, used 20439K [0x00000000c0000000, 0x00000000c8000000, 0x00000000eab00000)
  object space 131072K, 15% used [0x00000000c0000000,0x00000000c13f5f38,0x00000000c8000000)
 Metaspace       used 6418K, capacity 7192K, committed 7424K, reserved 1056768K
  class space    used 626K, capacity 656K, committed 768K, reserved 1048576K
}

Deoptimization events (10 events):
Event: 8.956 Thread 0x0000000017132800 Uncommon trap: reason=class_check action=maybe_recompile pc=0x0000000002c75a54 method=com.android.dx.ssa.SCCP.replaceConstants()V @ 182
Event: 8.964 Thread 0x0000000017132800 Uncommon trap: reason=class_check action=maybe_recompile pc=0x0000000002c75a54 method=com.android.dx.ssa.SCCP.replaceConstants()V @ 182
Event: 9.076 Thread 0x0000000017094800 Uncommon trap: reason=unstable_if action=reinterpret pc=0x0000000002837310 method=java.util.HashMap.putVal(ILjava/lang/Object;Ljava/lang/Object;ZZ)Ljava/lang/Object; @ 162
Event: 9.164 Thread 0x000000001716a000 Uncommon trap: reason=bimorphic action=maybe_recompile pc=0x000000000290bb74 method=com.android.dx.ssa.LiteralOpUpgrader.tryReplacingWithConstant(Lcom/android/dx/ssa/NormalSsaInsn;)Z @ 62
Event: 9.165 Thread 0x0000000017169000 Uncommon trap: reason=unstable_if action=reinterpret pc=0x0000000002a95880 method=com.android.dx.rop.code.LocalVariableInfo.mergeStarts(ILcom/android/dx/rop/code/RegisterSpecSet;)Z @ 31
Event: 9.418 Thread 0x0000000017169000 Uncommon trap: reason=class_check action=maybe_recompile pc=0x0000000002cb0cf8 method=com.android.dx.cf.code.BytecodeArray.parseInstruction(ILcom/android/dx/cf/code/BytecodeArray$Visitor;)I @ 987
Event: 9.418 Thread 0x0000000017169000 Uncommon trap: reason=class_check action=maybe_recompile pc=0x0000000002cb0cf8 method=com.android.dx.cf.code.BytecodeArray.parseInstruction(ILcom/android/dx/cf/code/BytecodeArray$Visitor;)I @ 987
Event: 9.419 Thread 0x0000000017169000 Uncommon trap: reason=class_check action=maybe_recompile pc=0x0000000002cb0cf8 method=com.android.dx.cf.code.BytecodeArray.parseInstruction(ILcom/android/dx/cf/code/BytecodeArray$Visitor;)I @ 987
Event: 9.419 Thread 0x0000000017169000 Uncommon trap: reason=class_check action=maybe_recompile pc=0x0000000002cb0cf8 method=com.android.dx.cf.code.BytecodeArray.parseInstruction(ILcom/android/dx/cf/code/BytecodeArray$Visitor;)I @ 987
Event: 9.422 Thread 0x0000000017094800 Uncommon trap: reason=unstable_if action=reinterpret pc=0x00000000028b0dcc method=com.android.dx.ssa.MoveParamCombiner$1.visitNonMoveInsn(Lcom/android/dx/ssa/NormalSsaInsn;)V @ 27

Internal exceptions (5 events):
Event: 0.047 Thread 0x00000000022d0800 Exception <a 'java/lang/NoSuchMethodError': Method sun.misc.Unsafe.defineClass(Ljava/lang/String;[BII)Ljava/lang/Class; name or signature does not match> (0x00000000eab07cc0) thrown at [D:\re\workspace\8-2-build-windows-amd64-cygwin\jdk8u77\6540\hotspot\srñö<´ß§?
Event: 0.047 Thread 0x00000000022d0800 Exception <a 'java/lang/NoSuchMethodError': Method sun.misc.Unsafe.prefetchRead(Ljava/lang/Object;J)V name or signature does not match> (0x00000000eab07fa8) thrown at [D:\re\workspace\8-2-build-windows-amd64-cygwin\jdk8u77\6540\hotspot\src\share\vm\prims\j%„R!@
Event: 8.661 Thread 0x0000000017094800 Exception <a 'java/lang/ArrayIndexOutOfBoundsException': 18> (0x00000000eef13418) thrown at [D:\re\workspace\8-2-build-windows-amd64-cygwin\jdk8u77\6540\hotspot\src\share\vm\interpreter\interpreterRuntime.cpp, line 366]
Event: 8.662 Thread 0x0000000017094800 Exception <a 'java/lang/ArrayIndexOutOfBoundsException'> (0x00000000eef14f98) thrown at [D:\re\workspace\8-2-build-windows-amd64-cygwin\jdk8u77\6540\hotspot\src\share\vm\runtime\sharedRuntime.cpp, line 605]
Event: 8.663 Thread 0x0000000017094800 Exception <a 'java/lang/ArrayIndexOutOfBoundsException'> (0x00000000eef16280) thrown at [D:\re\workspace\8-2-build-windows-amd64-cygwin\jdk8u77\6540\hotspot\src\share\vm\runtime\sharedRuntime.cpp, line 605]

Events (10 events):
Event: 9.419 Thread 0x0000000017169000 DEOPT UNPACKING pc=0x000000000241582a sp=0x000000001882e3c0 mode 2
Event: 9.419 Thread 0x0000000017169000 Uncommon trap: trap_request=0xffffffde fr.pc=0x0000000002cb0cf8
Event: 9.419 Thread 0x0000000017169000 DEOPT PACKING pc=0x0000000002cb0cf8 sp=0x000000001882e2b0
Event: 9.419 Thread 0x0000000017169000 DEOPT UNPACKING pc=0x000000000241582a sp=0x000000001882e220 mode 2
Event: 9.419 Thread 0x0000000017169000 Uncommon trap: trap_request=0xffffffde fr.pc=0x0000000002cb0cf8
Event: 9.419 Thread 0x0000000017169000 DEOPT PACKING pc=0x0000000002cb0cf8 sp=0x000000001882e2b0
Event: 9.419 Thread 0x0000000017169000 DEOPT UNPACKING pc=0x000000000241582a sp=0x000000001882e220 mode 2
Event: 9.422 Thread 0x0000000017094800 Uncommon trap: trap_request=0xffffff65 fr.pc=0x00000000028b0dcc
Event: 9.422 Thread 0x0000000017094800 DEOPT PACKING pc=0x00000000028b0dcc sp=0x000000001852e670
Event: 9.422 Thread 0x0000000017094800 DEOPT UNPACKING pc=0x000000000241582a sp=0x000000001852e5c8 mode 2


Dynamic libraries:
0x00007ff6eea00000 - 0x00007ff6eea37000 	C:\Program Files\Java\jdk1.8.0_77\bin\java.exe
0x00007ff9b4ef0000 - 0x00007ff9b509a000 	C:\WINDOWS\SYSTEM32\ntdll.dll
0x00007ff9b3020000 - 0x00007ff9b315a000 	C:\WINDOWS\system32\KERNEL32.DLL
0x00007ff9b2430000 - 0x00007ff9b253f000 	C:\WINDOWS\system32\KERNELBASE.dll
0x00007ff9b0dd0000 - 0x00007ff9b0e58000 	C:\WINDOWS\system32\apphelp.dll
0x00007ff9969c0000 - 0x00007ff996a0f000 	C:\WINDOWS\AppPatch\AppPatch64\AcGenral.DLL
0x00007ff9b2e20000 - 0x00007ff9b2ec7000 	C:\WINDOWS\system32\msvcrt.dll
0x00007ff9b2040000 - 0x00007ff9b206b000 	C:\WINDOWS\SYSTEM32\SspiCli.dll
0x00007ff9b4e90000 - 0x00007ff9b4ee1000 	C:\WINDOWS\system32\SHLWAPI.dll
0x00007ff9b2880000 - 0x00007ff9b29f1000 	C:\WINDOWS\system32\USER32.dll
0x00007ff9b2a00000 - 0x00007ff9b2b78000 	C:\WINDOWS\system32\ole32.dll
0x00007ff9b3930000 - 0x00007ff9b4d47000 	C:\WINDOWS\system32\SHELL32.dll
0x00007ff9b1b50000 - 0x00007ff9b1b6e000 	C:\WINDOWS\SYSTEM32\USERENV.dll
0x00007ff9b27d0000 - 0x00007ff9b2875000 	C:\WINDOWS\system32\ADVAPI32.dll
0x00007ff9a49a0000 - 0x00007ff9a49bb000 	C:\WINDOWS\SYSTEM32\MPR.dll
0x00007ff9b2ee0000 - 0x00007ff9b3016000 	C:\WINDOWS\system32\RPCRT4.dll
0x00007ff9b2b80000 - 0x00007ff9b2bd7000 	C:\WINDOWS\SYSTEM32\sechost.dll
0x00007ff9b32b0000 - 0x00007ff9b3486000 	C:\WINDOWS\SYSTEM32\combase.dll
0x00007ff9b3160000 - 0x00007ff9b32a5000 	C:\WINDOWS\system32\GDI32.dll
0x00007ff9b2260000 - 0x00007ff9b2274000 	C:\WINDOWS\SYSTEM32\profapi.dll
0x00007ff9b0e60000 - 0x00007ff9b0eff000 	C:\WINDOWS\SYSTEM32\SHCORE.dll
0x00007ff9b38d0000 - 0x00007ff9b3904000 	C:\WINDOWS\system32\IMM32.DLL
0x00007ff9b4d50000 - 0x00007ff9b4e89000 	C:\WINDOWS\system32\MSCTF.dll
0x00007ff9afe60000 - 0x00007ff9b00ba000 	C:\WINDOWS\WinSxS\amd64_microsoft.windows.common-controls_6595b64144ccf1df_6.0.9600.17031_none_6242a4b3ecbb55a1\COMCTL32.dll
0x000000006d0b0000 - 0x000000006d182000 	C:\Program Files\Java\jdk1.8.0_77\jre\bin\msvcr100.dll
0x000000006d610000 - 0x000000006dea0000 	C:\Program Files\Java\jdk1.8.0_77\jre\bin\server\jvm.dll
0x00007ff9a8e30000 - 0x00007ff9a8e39000 	C:\WINDOWS\SYSTEM32\WSOCK32.dll
0x00007ff9af1a0000 - 0x00007ff9af1bf000 	C:\WINDOWS\SYSTEM32\WINMM.dll
0x00007ff9b00c0000 - 0x00007ff9b00ca000 	C:\WINDOWS\SYSTEM32\VERSION.dll
0x00007ff9b3910000 - 0x00007ff9b3917000 	C:\WINDOWS\system32\PSAPI.DLL
0x00007ff9b3550000 - 0x00007ff9b35a8000 	C:\WINDOWS\system32\WS2_32.dll
0x00007ff9af170000 - 0x00007ff9af19a000 	C:\WINDOWS\SYSTEM32\WINMMBASE.dll
0x00007ff9b3920000 - 0x00007ff9b3929000 	C:\WINDOWS\system32\NSI.dll
0x00007ff9b2330000 - 0x00007ff9b237a000 	C:\WINDOWS\SYSTEM32\cfgmgr32.dll
0x00007ff9b10f0000 - 0x00007ff9b1116000 	C:\WINDOWS\SYSTEM32\DEVOBJ.dll
0x000000006d520000 - 0x000000006d52f000 	C:\Program Files\Java\jdk1.8.0_77\jre\bin\verify.dll
0x000000006d4f0000 - 0x000000006d519000 	C:\Program Files\Java\jdk1.8.0_77\jre\bin\java.dll
0x000000006d4d0000 - 0x000000006d4e6000 	C:\Program Files\Java\jdk1.8.0_77\jre\bin\zip.dll

VM Arguments:
jvm_args: -Djava.awt.headless=true -Xmx1024M -Dfile.encoding=windows-1252 -Duser.country=US -Duser.language=en -Duser.variant 
java_command: com.android.dx.command.Main --dex --num-threads=4 --output C:\Users\Anto\AndroidStudioProjects\OverwatchRandomizer\app\build\intermediates\pre-dexed\debug\com.android.support-appcompat-v7-23.4.0_48bf333c483156ef0b807a309ec77f278f42607a.jar C:\Users\Anto\AndroidStudioProjects\OverwatchRandomizer\app\build\intermediates\exploded-aar\com.android.support\appcompat-v7\23.4.0\jars\classes.jar
java_class_path (initial): C:\Users\Anto\AppData\Local\Android\sdk\build-tools\23.0.3\lib\dx.jar
Launcher Type: SUN_STANDARD

Environment Variables:
JAVA_HOME=C:\Program Files\Java\jdk1.8.0_77
PATH=C:\ProgramData\Oracle\Java\javapath;C:\Program Files (x86)\Intel\iCLS Client\;C:\Program Files\Intel\iCLS Client\;C:\WINDOWS\system32;C:\WINDOWS;C:\WINDOWS\System32\Wbem;C:\WINDOWS\System32\WindowsPowerShell\v1.0\;C:\Program Files (x86)\Windows Live\Shared;C:\Program Files\Intel\WiFi\bin\;C:\Program Files\Common Files\Intel\WirelessCommon\;C:\Program Files\Intel\Intel(R) Management Engine Components\DAL;C:\Program Files\Intel\Intel(R) Management Engine Components\IPT;C:\Program Files (x86)\Intel\Intel(R) Management Engine Components\DAL;C:\Program Files (x86)\Intel\Intel(R) Management Engine Components\IPT;C:\Program Files\apache-maven-3.3.3\bin;C:\Program Files (x86)\NVIDIA Corporation\PhysX\Common;C:\Program Files (x86)\Skype\Phone\
USERNAME=Anto
OS=Windows_NT
PROCESSOR_IDENTIFIER=Intel64 Family 6 Model 60 Stepping 3, GenuineIntel



---------------  S Y S T E M  ---------------

OS: Windows 8.1 , 64 bit Build 9600 (6.3.9600.17056)

CPU:total 8 (4 cores per cpu, 2 threads per core) family 6 model 60 stepping 3, cmov, cx8, fxsr, mmx, sse, sse2, sse3, ssse3, sse4.1, sse4.2, popcnt, avx, avx2, aes, clmul, erms, lzcnt, ht, tsc, tscinvbit, bmi1, bmi2

Memory: 4k page, physical 12498316k(1183492k free), swap 15644044k(5288k free)

vm_info: Java HotSpot(TM) 64-Bit Server VM (25.77-b03) for windows-amd64 JRE (1.8.0_77-b03), built on Mar 20 2016 22:01:33 by "java_re" with MS VC++ 10.0 (VS2010)

time: Sat May 28 22:22:18 2016
elapsed time: 9 seconds (0d 0h 0m 9s)

