#
# There is insufficient memory for the Java Runtime Environment to continue.
# Native memory allocation (malloc) failed to allocate 1610416 bytes for Chunk::new
# Possible reasons:
#   The system is out of physical RAM or swap space
#   In 32 bit mode, the process size limit was hit
# Possible solutions:
#   Reduce memory load on the system
#   Increase physical memory or swap space
#   Check if swap backing store is full
#   Use 64 bit Java on a 64 bit OS
#   Decrease Java heap size (-Xmx/-Xms)
#   Decrease number of Java threads
#   Decrease Java thread stack sizes (-Xss)
#   Set larger code cache with -XX:ReservedCodeCacheSize=
# This output file may be truncated or incomplete.
#
#  Out of Memory Error (allocation.cpp:390), pid=2120, tid=16928
#
# JRE version: Java(TM) SE Runtime Environment (8.0_77-b03) (build 1.8.0_77-b03)
# Java VM: Java HotSpot(TM) 64-Bit Server VM (25.77-b03 mixed mode windows-amd64 compressed oops)
# Failed to write core dump. Minidumps are not enabled by default on client versions of Windows
#

---------------  T H R E A D  ---------------

Current thread (0x0000000016be4000):  JavaThread "C2 CompilerThread0" daemon [_thread_in_native, id=16928, stack(0x0000000017420000,0x0000000017520000)]

Stack: [0x0000000017420000,0x0000000017520000]
[error occurred during error reporting (printing stack bounds), id 0xc0000005]

Native frames: (J=compiled Java code, j=interpreted, Vv=VM code, C=native code)


Current CompileTask:
C2:   2344 1752   !   4       com.android.dx.cf.code.RopperMachine::run (1550 bytes)


---------------  P R O C E S S  ---------------

Java Threads: ( => current thread )
  0x0000000016ebf800 JavaThread "pool-1-thread-1" [_thread_in_vm, id=7656, stack(0x0000000017a20000,0x0000000017b20000)]
  0x0000000016c88000 JavaThread "Service Thread" daemon [_thread_blocked, id=8284, stack(0x0000000017820000,0x0000000017920000)]
  0x0000000016c47800 JavaThread "C1 CompilerThread3" daemon [_thread_blocked, id=1524, stack(0x0000000017720000,0x0000000017820000)]
  0x0000000016c29000 JavaThread "C2 CompilerThread2" daemon [_thread_in_native, id=1216, stack(0x0000000017620000,0x0000000017720000)]
  0x0000000016bd4800 JavaThread "C2 CompilerThread1" daemon [_thread_in_native, id=5760, stack(0x0000000017520000,0x0000000017620000)]
=>0x0000000016be4000 JavaThread "C2 CompilerThread0" daemon [_thread_in_native, id=16928, stack(0x0000000017420000,0x0000000017520000)]
  0x0000000016be2800 JavaThread "Attach Listener" daemon [_thread_blocked, id=13648, stack(0x0000000017320000,0x0000000017420000)]
  0x0000000016be1800 JavaThread "Signal Dispatcher" daemon [_thread_blocked, id=5536, stack(0x0000000017220000,0x0000000017320000)]
  0x00000000021ad800 JavaThread "Finalizer" daemon [_thread_blocked, id=10328, stack(0x0000000016fb0000,0x00000000170b0000)]
  0x00000000021a4000 JavaThread "Reference Handler" daemon [_thread_blocked, id=17376, stack(0x0000000016ab0000,0x0000000016bb0000)]
  0x00000000020b0800 JavaThread "main" [_thread_blocked, id=15916, stack(0x0000000001f40000,0x0000000002040000)]

Other Threads:
  0x0000000014cc9800 VMThread [stack: 0x00000000169b0000,0x0000000016ab0000] [id=6432]
  0x0000000016c8a000 WatcherThread [stack: 0x0000000017920000,0x0000000017a20000] [id=14120]

VM state:not at safepoint (normal execution)

VM Mutex/Monitor currently owned by a thread: None

Heap:
 PSYoungGen      total 106496K, used 26183K [0x00000000eab00000, 0x00000000f1b00000, 0x0000000100000000)
  eden space 98304K, 18% used [0x00000000eab00000,0x00000000ebc94578,0x00000000f0b00000)
  from space 8192K, 99% used [0x00000000f1300000,0x00000000f1afd858,0x00000000f1b00000)
  to   space 8192K, 0% used [0x00000000f0b00000,0x00000000f0b00000,0x00000000f1300000)
 ParOldGen       total 131072K, used 21344K [0x00000000c0000000, 0x00000000c8000000, 0x00000000eab00000)
  object space 131072K, 16% used [0x00000000c0000000,0x00000000c14d8338,0x00000000c8000000)
 Metaspace       used 6424K, capacity 7192K, committed 7424K, reserved 1056768K
  class space    used 629K, capacity 656K, committed 768K, reserved 1048576K

Card table byte_map: [0x0000000011570000,0x0000000011780000] byte_map_base: 0x0000000010f70000

Marking Bits: (ParMarkBitMap*) 0x000000006de20600
 Begin Bits: [0x00000000120e0000, 0x00000000130e0000)
 End Bits:   [0x00000000130e0000, 0x00000000140e0000)

Polling page: 0x0000000000710000

CodeCache: size=245760Kb used=7341Kb max_used=7341Kb free=238418Kb
 bounds [0x00000000021b0000, 0x00000000028f0000, 0x00000000111b0000]
 total_blobs=2047 nmethods=1777 adapters=182
 compilation: enabled

Compilation events (10 events):
Event: 2.337 Thread 0x0000000016c47800 nmethod 1830 0x00000000028c8cd0 code [0x00000000028c8e40, 0x00000000028c9168]
Event: 2.337 Thread 0x0000000016c47800 1831       1       com.android.dx.dex.file.ClassDefItem::getThisClass (5 bytes)
Event: 2.337 Thread 0x0000000016c47800 nmethod 1831 0x00000000028c8a10 code [0x00000000028c8b60, 0x00000000028c8c70]
Event: 2.337 Thread 0x0000000016c47800 1832       2       java.util.concurrent.FutureTask::get (23 bytes)
Event: 2.338 Thread 0x0000000016c47800 nmethod 1832 0x00000000028c8610 code [0x00000000028c8780, 0x00000000028c8938]
Event: 2.339 Thread 0x0000000016c47800 1833       2       java.util.concurrent.ThreadPoolExecutor::runStateAtLeast (11 bytes)
Event: 2.339 Thread 0x0000000016c47800 nmethod 1833 0x00000000028c8310 code [0x00000000028c8460, 0x00000000028c8590]
Event: 2.341 Thread 0x0000000016c47800 1834       1       com.android.dx.cf.direct.DirectClassFile$DcfTypeList::size (5 bytes)
Event: 2.341 Thread 0x0000000016c47800 nmethod 1834 0x00000000028e0ad0 code [0x00000000028e0c20, 0x00000000028e0d30]
Event: 2.341 Thread 0x0000000016c47800 1835       2       com.android.dx.dex.file.ClassDefsSection::orderItems0 (158 bytes)

GC Heap History (8 events):
Event: 0.903 GC heap before
{Heap before GC invocations=1 (full 0):
 PSYoungGen      total 57344K, used 49152K [0x00000000eab00000, 0x00000000eeb00000, 0x0000000100000000)
  eden space 49152K, 100% used [0x00000000eab00000,0x00000000edb00000,0x00000000edb00000)
  from space 8192K, 0% used [0x00000000ee300000,0x00000000ee300000,0x00000000eeb00000)
  to   space 8192K, 0% used [0x00000000edb00000,0x00000000edb00000,0x00000000ee300000)
 ParOldGen       total 131072K, used 0K [0x00000000c0000000, 0x00000000c8000000, 0x00000000eab00000)
  object space 131072K, 0% used [0x00000000c0000000,0x00000000c0000000,0x00000000c8000000)
 Metaspace       used 6041K, capacity 6964K, committed 7040K, reserved 1056768K
  class space    used 601K, capacity 620K, committed 640K, reserved 1048576K
Event: 0.919 GC heap after
Heap after GC invocations=1 (full 0):
 PSYoungGen      total 57344K, used 8174K [0x00000000eab00000, 0x00000000eeb00000, 0x0000000100000000)
  eden space 49152K, 0% used [0x00000000eab00000,0x00000000eab00000,0x00000000edb00000)
  from space 8192K, 99% used [0x00000000edb00000,0x00000000ee2fb8f0,0x00000000ee300000)
  to   space 8192K, 0% used [0x00000000ee300000,0x00000000ee300000,0x00000000eeb00000)
 ParOldGen       total 131072K, used 891K [0x00000000c0000000, 0x00000000c8000000, 0x00000000eab00000)
  object space 131072K, 0% used [0x00000000c0000000,0x00000000c00dee60,0x00000000c8000000)
 Metaspace       used 6041K, capacity 6964K, committed 7040K, reserved 1056768K
  class space    used 601K, capacity 620K, committed 640K, reserved 1048576K
}
Event: 1.353 GC heap before
{Heap before GC invocations=2 (full 0):
 PSYoungGen      total 57344K, used 57326K [0x00000000eab00000, 0x00000000eeb00000, 0x0000000100000000)
  eden space 49152K, 100% used [0x00000000eab00000,0x00000000edb00000,0x00000000edb00000)
  from space 8192K, 99% used [0x00000000edb00000,0x00000000ee2fb8f0,0x00000000ee300000)
  to   space 8192K, 0% used [0x00000000ee300000,0x00000000ee300000,0x00000000eeb00000)
 ParOldGen       total 131072K, used 891K [0x00000000c0000000, 0x00000000c8000000, 0x00000000eab00000)
  object space 131072K, 0% used [0x00000000c0000000,0x00000000c00dee60,0x00000000c8000000)
 Metaspace       used 6317K, capacity 7128K, committed 7424K, reserved 1056768K
  class space    used 624K, capacity 656K, committed 768K, reserved 1048576K
Event: 1.386 GC heap after
Heap after GC invocations=2 (full 0):
 PSYoungGen      total 57344K, used 8174K [0x00000000eab00000, 0x00000000f1b00000, 0x0000000100000000)
  eden space 49152K, 0% used [0x00000000eab00000,0x00000000eab00000,0x00000000edb00000)
  from space 8192K, 99% used [0x00000000ee300000,0x00000000eeafba80,0x00000000eeb00000)
  to   space 8192K, 0% used [0x00000000edb00000,0x00000000edb00000,0x00000000ee300000)
 ParOldGen       total 131072K, used 7547K [0x00000000c0000000, 0x00000000c8000000, 0x00000000eab00000)
  object space 131072K, 5% used [0x00000000c0000000,0x00000000c075eea0,0x00000000c8000000)
 Metaspace       used 6317K, capacity 7128K, committed 7424K, reserved 1056768K
  class space    used 624K, capacity 656K, committed 768K, reserved 1048576K
}
Event: 1.614 GC heap before
{Heap before GC invocations=3 (full 0):
 PSYoungGen      total 57344K, used 57326K [0x00000000eab00000, 0x00000000f1b00000, 0x0000000100000000)
  eden space 49152K, 100% used [0x00000000eab00000,0x00000000edb00000,0x00000000edb00000)
  from space 8192K, 99% used [0x00000000ee300000,0x00000000eeafba80,0x00000000eeb00000)
  to   space 8192K, 0% used [0x00000000edb00000,0x00000000edb00000,0x00000000ee300000)
 ParOldGen       total 131072K, used 7547K [0x00000000c0000000, 0x00000000c8000000, 0x00000000eab00000)
  object space 131072K, 5% used [0x00000000c0000000,0x00000000c075eea0,0x00000000c8000000)
 Metaspace       used 6343K, capacity 7192K, committed 7424K, reserved 1056768K
  class space    used 624K, capacity 656K, committed 768K, reserved 1048576K
Event: 1.776 GC heap after
Heap after GC invocations=3 (full 0):
 PSYoungGen      total 57344K, used 8186K [0x00000000eab00000, 0x00000000f1b00000, 0x0000000100000000)
  eden space 49152K, 0% used [0x00000000eab00000,0x00000000eab00000,0x00000000edb00000)
  from space 8192K, 99% used [0x00000000edb00000,0x00000000ee2feaf8,0x00000000ee300000)
  to   space 8192K, 0% used [0x00000000f1300000,0x00000000f1300000,0x00000000f1b00000)
 ParOldGen       total 131072K, used 14422K [0x00000000c0000000, 0x00000000c8000000, 0x00000000eab00000)
  object space 131072K, 11% used [0x00000000c0000000,0x00000000c0e15870,0x00000000c8000000)
 Metaspace       used 6343K, capacity 7192K, committed 7424K, reserved 1056768K
  class space    used 624K, capacity 656K, committed 768K, reserved 1048576K
}
Event: 2.171 GC heap before
{Heap before GC invocations=4 (full 0):
 PSYoungGen      total 57344K, used 57338K [0x00000000eab00000, 0x00000000f1b00000, 0x0000000100000000)
  eden space 49152K, 100% used [0x00000000eab00000,0x00000000edb00000,0x00000000edb00000)
  from space 8192K, 99% used [0x00000000edb00000,0x00000000ee2feaf8,0x00000000ee300000)
  to   space 8192K, 0% used [0x00000000f1300000,0x00000000f1300000,0x00000000f1b00000)
 ParOldGen       total 131072K, used 14422K [0x00000000c0000000, 0x00000000c8000000, 0x00000000eab00000)
  object space 131072K, 11% used [0x00000000c0000000,0x00000000c0e15870,0x00000000c8000000)
 Metaspace       used 6385K, capacity 7192K, committed 7424K, reserved 1056768K
  class space    used 626K, capacity 656K, committed 768K, reserved 1048576K
Event: 2.203 GC heap after
Heap after GC invocations=4 (full 0):
 PSYoungGen      total 106496K, used 8182K [0x00000000eab00000, 0x00000000f1b00000, 0x0000000100000000)
  eden space 98304K, 0% used [0x00000000eab00000,0x00000000eab00000,0x00000000f0b00000)
  from space 8192K, 99% used [0x00000000f1300000,0x00000000f1afd858,0x00000000f1b00000)
  to   space 8192K, 0% used [0x00000000f0b00000,0x00000000f0b00000,0x00000000f1300000)
 ParOldGen       total 131072K, used 21344K [0x00000000c0000000, 0x00000000c8000000, 0x00000000eab00000)
  object space 131072K, 16% used [0x00000000c0000000,0x00000000c14d8338,0x00000000c8000000)
 Metaspace       used 6385K, capacity 7192K, committed 7424K, reserved 1056768K
  class space    used 626K, capacity 656K, committed 768K, reserved 1048576K
}

Deoptimization events (10 events):
Event: 1.123 Thread 0x0000000016f0d800 Uncommon trap: reason=bimorphic action=maybe_recompile pc=0x00000000027d09cc method=com.android.dx.ssa.LiteralOpUpgrader.tryReplacingWithConstant(Lcom/android/dx/ssa/NormalSsaInsn;)Z @ 52
Event: 1.551 Thread 0x00000000020b0800 Uncommon trap: reason=unstable_if action=reinterpret pc=0x000000000283d798 method=com.android.dx.ssa.LocalVariableExtractor.processBlock(I)V @ 251
Event: 1.566 Thread 0x0000000016eb8000 Uncommon trap: reason=bimorphic action=maybe_recompile pc=0x00000000027d09cc method=com.android.dx.ssa.LiteralOpUpgrader.tryReplacingWithConstant(Lcom/android/dx/ssa/NormalSsaInsn;)Z @ 52
Event: 1.570 Thread 0x0000000016eb8000 Uncommon trap: reason=bimorphic action=maybe_recompile pc=0x00000000027d09cc method=com.android.dx.ssa.LiteralOpUpgrader.tryReplacingWithConstant(Lcom/android/dx/ssa/NormalSsaInsn;)Z @ 52
Event: 1.575 Thread 0x0000000016eb8000 Uncommon trap: reason=bimorphic action=maybe_recompile pc=0x00000000027b2b44 method=com.android.dx.ssa.LiteralOpUpgrader.tryReplacingWithConstant(Lcom/android/dx/ssa/NormalSsaInsn;)Z @ 52
Event: 2.026 Thread 0x0000000016f71800 Uncommon trap: reason=bimorphic action=maybe_recompile pc=0x00000000028839ac method=com.android.dx.cf.code.BytecodeArray.parseInstruction(ILcom/android/dx/cf/code/BytecodeArray$Visitor;)I @ 2484
Event: 2.026 Thread 0x0000000016f71800 Uncommon trap: reason=bimorphic action=maybe_recompile pc=0x00000000028839ac method=com.android.dx.cf.code.BytecodeArray.parseInstruction(ILcom/android/dx/cf/code/BytecodeArray$Visitor;)I @ 2484
Event: 2.027 Thread 0x0000000016f71800 Uncommon trap: reason=bimorphic action=maybe_recompile pc=0x00000000028839ac method=com.android.dx.cf.code.BytecodeArray.parseInstruction(ILcom/android/dx/cf/code/BytecodeArray$Visitor;)I @ 2484
Event: 2.027 Thread 0x0000000016f71800 Uncommon trap: reason=bimorphic action=maybe_recompile pc=0x00000000028839ac method=com.android.dx.cf.code.BytecodeArray.parseInstruction(ILcom/android/dx/cf/code/BytecodeArray$Visitor;)I @ 2484
Event: 2.212 Thread 0x0000000016f0d800 Uncommon trap: reason=unstable_if action=reinterpret pc=0x00000000028215ec method=com.android.dx.rop.code.RegisterSpec.intersect(Lcom/android/dx/rop/code/RegisterSpec;Z)Lcom/android/dx/rop/code/RegisterSpec; @ 42

Internal exceptions (7 events):
Event: 0.054 Thread 0x00000000020b0800 Exception <a 'java/lang/NoSuchMethodError': Method sun.misc.Unsafe.defineClass(Ljava/lang/String;[BII)Ljava/lang/Class; name or signature does not match> (0x00000000eab07cc0) thrown at [D:\re\workspace\8-2-build-windows-amd64-cygwin\jdk8u77\6540\hotspot\srCð@­«?
Event: 0.054 Thread 0x00000000020b0800 Exception <a 'java/lang/NoSuchMethodError': Method sun.misc.Unsafe.prefetchRead(Ljava/lang/Object;J)V name or signature does not match> (0x00000000eab07fa8) thrown at [D:\re\workspace\8-2-build-windows-amd64-cygwin\jdk8u77\6540\hotspot\src\share\vm\prims\jÏ6Úè¤£í?
Event: 0.926 Thread 0x0000000016f0d800 Implicit null exception at 0x00000000024b114c to 0x00000000024b2e7d
Event: 0.934 Thread 0x00000000020b0800 Implicit null exception at 0x00000000024f12c4 to 0x00000000024f21e9
Event: 1.108 Thread 0x0000000016eb8000 Exception <a 'java/lang/ArrayIndexOutOfBoundsException': 18> (0x00000000ec6ac9e0) thrown at [D:\re\workspace\8-2-build-windows-amd64-cygwin\jdk8u77\6540\hotspot\src\share\vm\interpreter\interpreterRuntime.cpp, line 366]
Event: 1.108 Thread 0x0000000016eb8000 Exception <a 'java/lang/ArrayIndexOutOfBoundsException': 145> (0x00000000ec6ae560) thrown at [D:\re\workspace\8-2-build-windows-amd64-cygwin\jdk8u77\6540\hotspot\src\share\vm\interpreter\interpreterRuntime.cpp, line 366]
Event: 1.109 Thread 0x0000000016eb8000 Exception <a 'java/lang/ArrayIndexOutOfBoundsException': 40> (0x00000000ec6af848) thrown at [D:\re\workspace\8-2-build-windows-amd64-cygwin\jdk8u77\6540\hotspot\src\share\vm\interpreter\interpreterRuntime.cpp, line 366]

Events (10 events):
Event: 2.339 Thread 0x0000000016ebf800 Thread added: 0x0000000016ebf800
Event: 2.339 Thread 0x0000000016f71800 Thread exited: 0x0000000016f71800
Event: 2.339 loading class java/util/TreeMap$KeySet
Event: 2.340 loading class java/util/NavigableSet
Event: 2.340 loading class java/util/SortedSet
Event: 2.340 loading class java/util/SortedSet done
Event: 2.340 loading class java/util/NavigableSet done
Event: 2.340 loading class java/util/TreeMap$KeySet done
Event: 2.340 loading class java/util/TreeMap$KeyIterator
Event: 2.340 loading class java/util/TreeMap$KeyIterator done


Dynamic libraries:
0x00007ff6eea00000 - 0x00007ff6eea37000 	C:\Program Files\Java\jdk1.8.0_77\bin\java.exe
0x00007ff9b4ef0000 - 0x00007ff9b509a000 	C:\WINDOWS\SYSTEM32\ntdll.dll
0x00007ff9b3020000 - 0x00007ff9b315a000 	C:\WINDOWS\system32\KERNEL32.DLL
0x00007ff9b2430000 - 0x00007ff9b253f000 	C:\WINDOWS\system32\KERNELBASE.dll
0x00007ff9b0dd0000 - 0x00007ff9b0e58000 	C:\WINDOWS\system32\apphelp.dll
0x00007ff996f90000 - 0x00007ff996fdf000 	C:\WINDOWS\AppPatch\AppPatch64\AcGenral.DLL
0x00007ff9b2e20000 - 0x00007ff9b2ec7000 	C:\WINDOWS\system32\msvcrt.dll
0x00007ff9b2040000 - 0x00007ff9b206b000 	C:\WINDOWS\SYSTEM32\SspiCli.dll
0x00007ff9b4e90000 - 0x00007ff9b4ee1000 	C:\WINDOWS\system32\SHLWAPI.dll
0x00007ff9b2880000 - 0x00007ff9b29f1000 	C:\WINDOWS\system32\USER32.dll
0x00007ff9b2a00000 - 0x00007ff9b2b78000 	C:\WINDOWS\system32\ole32.dll
0x00007ff9b3930000 - 0x00007ff9b4d47000 	C:\WINDOWS\system32\SHELL32.dll
0x00007ff9b1b50000 - 0x00007ff9b1b6e000 	C:\WINDOWS\SYSTEM32\USERENV.dll
0x00007ff9b27d0000 - 0x00007ff9b2875000 	C:\WINDOWS\system32\ADVAPI32.dll
0x00007ff9a49a0000 - 0x00007ff9a49bb000 	C:\WINDOWS\SYSTEM32\MPR.dll
0x00007ff9b2ee0000 - 0x00007ff9b3016000 	C:\WINDOWS\system32\RPCRT4.dll
0x00007ff9b2b80000 - 0x00007ff9b2bd7000 	C:\WINDOWS\SYSTEM32\sechost.dll
0x00007ff9b32b0000 - 0x00007ff9b3486000 	C:\WINDOWS\SYSTEM32\combase.dll
0x00007ff9b3160000 - 0x00007ff9b32a5000 	C:\WINDOWS\system32\GDI32.dll
0x00007ff9b2260000 - 0x00007ff9b2274000 	C:\WINDOWS\SYSTEM32\profapi.dll
0x00007ff9b0e60000 - 0x00007ff9b0eff000 	C:\WINDOWS\SYSTEM32\SHCORE.dll
0x00007ff9b38d0000 - 0x00007ff9b3904000 	C:\WINDOWS\system32\IMM32.DLL
0x00007ff9b4d50000 - 0x00007ff9b4e89000 	C:\WINDOWS\system32\MSCTF.dll
0x00007ff9afe60000 - 0x00007ff9b00ba000 	C:\WINDOWS\WinSxS\amd64_microsoft.windows.common-controls_6595b64144ccf1df_6.0.9600.17031_none_6242a4b3ecbb55a1\COMCTL32.dll
0x000000006d0b0000 - 0x000000006d182000 	C:\Program Files\Java\jdk1.8.0_77\jre\bin\msvcr100.dll
0x000000006d610000 - 0x000000006dea0000 	C:\Program Files\Java\jdk1.8.0_77\jre\bin\server\jvm.dll
0x00007ff9a8e30000 - 0x00007ff9a8e39000 	C:\WINDOWS\SYSTEM32\WSOCK32.dll
0x00007ff9af1a0000 - 0x00007ff9af1bf000 	C:\WINDOWS\SYSTEM32\WINMM.dll
0x00007ff9b00c0000 - 0x00007ff9b00ca000 	C:\WINDOWS\SYSTEM32\VERSION.dll
0x00007ff9b3910000 - 0x00007ff9b3917000 	C:\WINDOWS\system32\PSAPI.DLL
0x00007ff9b3550000 - 0x00007ff9b35a8000 	C:\WINDOWS\system32\WS2_32.dll
0x00007ff9af170000 - 0x00007ff9af19a000 	C:\WINDOWS\SYSTEM32\WINMMBASE.dll
0x00007ff9b3920000 - 0x00007ff9b3929000 	C:\WINDOWS\system32\NSI.dll
0x00007ff9b2330000 - 0x00007ff9b237a000 	C:\WINDOWS\SYSTEM32\cfgmgr32.dll
0x00007ff9b10f0000 - 0x00007ff9b1116000 	C:\WINDOWS\SYSTEM32\DEVOBJ.dll
0x000000006d520000 - 0x000000006d52f000 	C:\Program Files\Java\jdk1.8.0_77\jre\bin\verify.dll
0x000000006d4f0000 - 0x000000006d519000 	C:\Program Files\Java\jdk1.8.0_77\jre\bin\java.dll
0x000000006d4d0000 - 0x000000006d4e6000 	C:\Program Files\Java\jdk1.8.0_77\jre\bin\zip.dll

VM Arguments:
jvm_args: -Djava.awt.headless=true -Xmx1024M -Dfile.encoding=windows-1252 -Duser.country=US -Duser.language=en -Duser.variant 
java_command: com.android.dx.command.Main --dex --force-jumbo --num-threads=4 --multi-dex --output C:\Users\Anto\AndroidStudioProjects\OverwatchRandomizer\app\build\intermediates\transforms\dex\debug\folders\1000\10\com.android.support-recyclerview-v7-23.4.0_49076da6818d29c92b3281763d73900aa616eb62 C:\Users\Anto\AndroidStudioProjects\OverwatchRandomizer\app\build\intermediates\exploded-aar\com.android.support\recyclerview-v7\23.4.0\jars\classes.jar
java_class_path (initial): C:\Users\Anto\AppData\Local\Android\sdk\build-tools\23.0.3\lib\dx.jar
Launcher Type: SUN_STANDARD

Environment Variables:
JAVA_HOME=C:\Program Files\Java\jdk1.8.0_77
PATH=C:\ProgramData\Oracle\Java\javapath;C:\Program Files (x86)\Intel\iCLS Client\;C:\Program Files\Intel\iCLS Client\;C:\WINDOWS\system32;C:\WINDOWS;C:\WINDOWS\System32\Wbem;C:\WINDOWS\System32\WindowsPowerShell\v1.0\;C:\Program Files (x86)\Windows Live\Shared;C:\Program Files\Intel\WiFi\bin\;C:\Program Files\Common Files\Intel\WirelessCommon\;C:\Program Files\Intel\Intel(R) Management Engine Components\DAL;C:\Program Files\Intel\Intel(R) Management Engine Components\IPT;C:\Program Files (x86)\Intel\Intel(R) Management Engine Components\DAL;C:\Program Files (x86)\Intel\Intel(R) Management Engine Components\IPT;C:\Program Files\apache-maven-3.3.3\bin;C:\Program Files (x86)\NVIDIA Corporation\PhysX\Common;C:\Program Files (x86)\Skype\Phone\
USERNAME=Anto
OS=Windows_NT
PROCESSOR_IDENTIFIER=Intel64 Family 6 Model 60 Stepping 3, GenuineIntel



---------------  S Y S T E M  ---------------

OS: Windows 8.1 , 64 bit Build 9600 (6.3.9600.17056)

CPU:total 8 (4 cores per cpu, 2 threads per core) family 6 model 60 stepping 3, cmov, cx8, fxsr, mmx, sse, sse2, sse3, ssse3, sse4.1, sse4.2, popcnt, avx, avx2, aes, clmul, erms, lzcnt, ht, tsc, tscinvbit, bmi1, bmi2

Memory: 4k page, physical 12498316k(1851464k free), swap 15644044k(5688k free)

vm_info: Java HotSpot(TM) 64-Bit Server VM (25.77-b03) for windows-amd64 JRE (1.8.0_77-b03), built on Mar 20 2016 22:01:33 by "java_re" with MS VC++ 10.0 (VS2010)

time: Mon May 30 21:29:45 2016
elapsed time: 2 seconds (0d 0h 0m 2s)

