#
# There is insufficient memory for the Java Runtime Environment to continue.
# Native memory allocation (malloc) failed to allocate 1120816 bytes for Chunk::new
# Possible reasons:
#   The system is out of physical RAM or swap space
#   In 32 bit mode, the process size limit was hit
# Possible solutions:
#   Reduce memory load on the system
#   Increase physical memory or swap space
#   Check if swap backing store is full
#   Use 64 bit Java on a 64 bit OS
#   Decrease Java heap size (-Xmx/-Xms)
#   Decrease number of Java threads
#   Decrease Java thread stack sizes (-Xss)
#   Set larger code cache with -XX:ReservedCodeCacheSize=
# This output file may be truncated or incomplete.
#
#  Out of Memory Error (allocation.cpp:390), pid=14448, tid=11616
#
# JRE version: Java(TM) SE Runtime Environment (8.0_77-b03) (build 1.8.0_77-b03)
# Java VM: Java HotSpot(TM) 64-Bit Server VM (25.77-b03 mixed mode windows-amd64 compressed oops)
# Failed to write core dump. Minidumps are not enabled by default on client versions of Windows
#

---------------  T H R E A D  ---------------

Current thread (0x0000000016a08800):  JavaThread "C2 CompilerThread2" daemon [_thread_in_native, id=11616, stack(0x0000000017400000,0x0000000017500000)]

Stack: [0x0000000017400000,0x0000000017500000]
[error occurred during error reporting (printing stack bounds), id 0xc0000005]

Native frames: (J=compiled Java code, j=interpreted, Vv=VM code, C=native code)


Current CompileTask:
C2:   7366 2087 %     4       com.android.dx.dex.code.OutputFinisher::getAllConstants @ 18 (47 bytes)


---------------  P R O C E S S  ---------------

Java Threads: ( => current thread )
  0x0000000016a13800 JavaThread "Service Thread" daemon [_thread_blocked, id=9548, stack(0x0000000017600000,0x0000000017700000)]
  0x0000000016a0b800 JavaThread "C1 CompilerThread3" daemon [_thread_in_native, id=12776, stack(0x0000000017500000,0x0000000017600000)]
=>0x0000000016a08800 JavaThread "C2 CompilerThread2" daemon [_thread_in_native, id=11616, stack(0x0000000017400000,0x0000000017500000)]
  0x0000000016a01800 JavaThread "C2 CompilerThread1" daemon [_thread_in_native, id=15536, stack(0x0000000017300000,0x0000000017400000)]
  0x00000000169a8000 JavaThread "C2 CompilerThread0" daemon [_thread_in_native, id=16672, stack(0x0000000017200000,0x0000000017300000)]
  0x00000000169a6800 JavaThread "Attach Listener" daemon [_thread_blocked, id=16532, stack(0x0000000017100000,0x0000000017200000)]
  0x00000000169a5000 JavaThread "Signal Dispatcher" daemon [_thread_blocked, id=14776, stack(0x0000000017000000,0x0000000017100000)]
  0x00000000169a0800 JavaThread "Finalizer" daemon [_thread_blocked, id=15500, stack(0x0000000016d80000,0x0000000016e80000)]
  0x0000000001f74000 JavaThread "Reference Handler" daemon [_thread_blocked, id=13892, stack(0x0000000016880000,0x0000000016980000)]
  0x0000000001e80800 JavaThread "main" [_thread_in_vm, id=9096, stack(0x0000000001d20000,0x0000000001e20000)]

Other Threads:
  0x0000000014a99000 VMThread [stack: 0x0000000016780000,0x0000000016880000] [id=7784]
  0x0000000016a2d800 WatcherThread [stack: 0x0000000017700000,0x0000000017800000] [id=17400]

VM state:not at safepoint (normal execution)

VM Mutex/Monitor currently owned by a thread: None

Heap:
 PSYoungGen      total 106496K, used 59728K [0x00000000eab00000, 0x00000000f1b00000, 0x0000000100000000)
  eden space 98304K, 52% used [0x00000000eab00000,0x00000000edd54428,0x00000000f0b00000)
  from space 8192K, 99% used [0x00000000f1300000,0x00000000f1afff90,0x00000000f1b00000)
  to   space 8192K, 0% used [0x00000000f0b00000,0x00000000f0b00000,0x00000000f1300000)
 ParOldGen       total 131072K, used 6984K [0x00000000c0000000, 0x00000000c8000000, 0x00000000eab00000)
  object space 131072K, 5% used [0x00000000c0000000,0x00000000c06d22b0,0x00000000c8000000)
 Metaspace       used 6410K, capacity 7224K, committed 7296K, reserved 1056768K
  class space    used 614K, capacity 624K, committed 640K, reserved 1048576K

Card table byte_map: [0x0000000011340000,0x0000000011550000] byte_map_base: 0x0000000010d40000

Marking Bits: (ParMarkBitMap*) 0x000000006de20600
 Begin Bits: [0x0000000011eb0000, 0x0000000012eb0000)
 End Bits:   [0x0000000012eb0000, 0x0000000013eb0000)

Polling page: 0x0000000001e20000

CodeCache: size=245760Kb used=8820Kb max_used=8829Kb free=236939Kb
 bounds [0x0000000001f80000, 0x0000000002830000, 0x0000000010f80000]
 total_blobs=2279 nmethods=2009 adapters=182
 compilation: enabled

Compilation events (10 events):
Event: 7.356 Thread 0x0000000016a0b800 2120       3       com.android.dx.dex.file.TypeListItem::compareTo0 (19 bytes)
Event: 7.356 Thread 0x0000000016a0b800 nmethod 2120 0x0000000002820d90 code [0x0000000002820f00, 0x0000000002821188]
Event: 7.358 Thread 0x0000000016a0b800 2121       3       com.android.dx.dex.file.TypeListItem::addContents (47 bytes)
Event: 7.358 Thread 0x0000000016a0b800 nmethod 2121 0x0000000002820510 code [0x00000000028206a0, 0x0000000002820ba8]
Event: 7.359 Thread 0x0000000016a0b800 2122       1       com.android.dx.dex.file.IdItem::getDefiningClass (5 bytes)
Event: 7.359 Thread 0x0000000016a0b800 nmethod 2122 0x0000000002814610 code [0x0000000002814760, 0x0000000002814870]
Event: 7.360 Thread 0x0000000016a0b800 2124       3       com.android.dx.dex.file.TypeIdItem::addContents (16 bytes)
Event: 7.360 Thread 0x0000000016a0b800 nmethod 2124 0x0000000002813650 code [0x0000000002813820, 0x00000000028141c8]
Event: 7.362 Thread 0x00000000169a8000 nmethod 2119 0x00000000028231d0 code [0x0000000002823360, 0x0000000002823be8]
Event: 7.362 Thread 0x00000000169a8000 2123       4       com.android.dx.rop.cst.CstString::stringToUtf8Bytes (175 bytes)

GC Heap History (4 events):
Event: 2.187 GC heap before
{Heap before GC invocations=1 (full 0):
 PSYoungGen      total 57344K, used 49152K [0x00000000eab00000, 0x00000000eeb00000, 0x0000000100000000)
  eden space 49152K, 100% used [0x00000000eab00000,0x00000000edb00000,0x00000000edb00000)
  from space 8192K, 0% used [0x00000000ee300000,0x00000000ee300000,0x00000000eeb00000)
  to   space 8192K, 0% used [0x00000000edb00000,0x00000000edb00000,0x00000000ee300000)
 ParOldGen       total 131072K, used 0K [0x00000000c0000000, 0x00000000c8000000, 0x00000000eab00000)
  object space 131072K, 0% used [0x00000000c0000000,0x00000000c0000000,0x00000000c8000000)
 Metaspace       used 6087K, capacity 6962K, committed 7040K, reserved 1056768K
  class space    used 603K, capacity 618K, committed 640K, reserved 1048576K
Event: 2.264 GC heap after
Heap after GC invocations=1 (full 0):
 PSYoungGen      total 57344K, used 8184K [0x00000000eab00000, 0x00000000f1b00000, 0x0000000100000000)
  eden space 49152K, 0% used [0x00000000eab00000,0x00000000eab00000,0x00000000edb00000)
  from space 8192K, 99% used [0x00000000edb00000,0x00000000ee2fe3f0,0x00000000ee300000)
  to   space 8192K, 0% used [0x00000000f1300000,0x00000000f1300000,0x00000000f1b00000)
 ParOldGen       total 131072K, used 1031K [0x00000000c0000000, 0x00000000c8000000, 0x00000000eab00000)
  object space 131072K, 0% used [0x00000000c0000000,0x00000000c0101e50,0x00000000c8000000)
 Metaspace       used 6087K, capacity 6962K, committed 7040K, reserved 1056768K
  class space    used 603K, capacity 618K, committed 640K, reserved 1048576K
}
Event: 3.219 GC heap before
{Heap before GC invocations=2 (full 0):
 PSYoungGen      total 57344K, used 57336K [0x00000000eab00000, 0x00000000f1b00000, 0x0000000100000000)
  eden space 49152K, 100% used [0x00000000eab00000,0x00000000edb00000,0x00000000edb00000)
  from space 8192K, 99% used [0x00000000edb00000,0x00000000ee2fe3f0,0x00000000ee300000)
  to   space 8192K, 0% used [0x00000000f1300000,0x00000000f1300000,0x00000000f1b00000)
 ParOldGen       total 131072K, used 1031K [0x00000000c0000000, 0x00000000c8000000, 0x00000000eab00000)
  object space 131072K, 0% used [0x00000000c0000000,0x00000000c0101e50,0x00000000c8000000)
 Metaspace       used 6214K, capacity 7090K, committed 7296K, reserved 1056768K
  class space    used 603K, capacity 618K, committed 640K, reserved 1048576K
Event: 3.545 GC heap after
Heap after GC invocations=2 (full 0):
 PSYoungGen      total 106496K, used 8191K [0x00000000eab00000, 0x00000000f1b00000, 0x0000000100000000)
  eden space 98304K, 0% used [0x00000000eab00000,0x00000000eab00000,0x00000000f0b00000)
  from space 8192K, 99% used [0x00000000f1300000,0x00000000f1afff90,0x00000000f1b00000)
  to   space 8192K, 0% used [0x00000000f0b00000,0x00000000f0b00000,0x00000000f1300000)
 ParOldGen       total 131072K, used 6984K [0x00000000c0000000, 0x00000000c8000000, 0x00000000eab00000)
  object space 131072K, 5% used [0x00000000c0000000,0x00000000c06d22b0,0x00000000c8000000)
 Metaspace       used 6214K, capacity 7090K, committed 7296K, reserved 1056768K
  class space    used 603K, capacity 618K, committed 640K, reserved 1048576K
}

Deoptimization events (10 events):
Event: 4.191 Thread 0x0000000016c79800 Uncommon trap: reason=unstable_if action=reinterpret pc=0x00000000025d89a4 method=com.android.dx.rop.code.LocalItem.compareHandlesNulls(Lcom/android/dx/rop/cst/CstString;Lcom/android/dx/rop/cst/CstString;)I @ 14
Event: 4.192 Thread 0x0000000016c79800 Uncommon trap: reason=unstable_if action=reinterpret pc=0x00000000025a2c14 method=com.android.dx.rop.code.LocalItem.compareHandlesNulls(Lcom/android/dx/rop/cst/CstString;Lcom/android/dx/rop/cst/CstString;)I @ 14
Event: 5.179 Thread 0x0000000001e80800 Uncommon trap: reason=unloaded action=reinterpret pc=0x000000000265295c method=com.android.dx.cf.cst.ConstantPoolParser.parse0(ILjava/util/BitSet;)Lcom/android/dx/rop/cst/Constant; @ 198
Event: 5.723 Thread 0x000000001780f000 Uncommon trap: reason=bimorphic action=maybe_recompile pc=0x000000000260c568 method=com.android.dx.cf.code.BytecodeArray.parseInstruction(ILcom/android/dx/cf/code/BytecodeArray$Visitor;)I @ 2484
Event: 5.723 Thread 0x000000001780f000 Uncommon trap: reason=bimorphic action=maybe_recompile pc=0x000000000260c568 method=com.android.dx.cf.code.BytecodeArray.parseInstruction(ILcom/android/dx/cf/code/BytecodeArray$Visitor;)I @ 2484
Event: 7.183 Thread 0x0000000001e80800 Uncommon trap: reason=class_check action=maybe_recompile pc=0x00000000024b1288 method=java.util.Arrays.hashCode([Ljava/lang/Object;)I @ 43
Event: 7.183 Thread 0x0000000001e80800 Uncommon trap: reason=class_check action=maybe_recompile pc=0x00000000024b1288 method=java.util.Arrays.hashCode([Ljava/lang/Object;)I @ 43
Event: 7.183 Thread 0x0000000001e80800 Uncommon trap: reason=class_check action=maybe_recompile pc=0x00000000024b1288 method=java.util.Arrays.hashCode([Ljava/lang/Object;)I @ 43
Event: 7.183 Thread 0x0000000001e80800 Uncommon trap: reason=class_check action=maybe_recompile pc=0x00000000024b1288 method=java.util.Arrays.hashCode([Ljava/lang/Object;)I @ 43
Event: 7.183 Thread 0x0000000001e80800 Uncommon trap: reason=class_check action=maybe_recompile pc=0x0000000002416a34 method=java.util.Arrays.hashCode([Ljava/lang/Object;)I @ 43

Internal exceptions (6 events):
Event: 0.055 Thread 0x0000000001e80800 Exception <a 'java/lang/NoSuchMethodError': Method sun.misc.Unsafe.defineClass(Ljava/lang/String;[BII)Ljava/lang/Class; name or signature does not match> (0x00000000eab07cc0) thrown at [D:\re\workspace\8-2-build-windows-amd64-cygwin\jdk8u77\6540\hotspot\sr4«Ïõk¬?
Event: 0.056 Thread 0x0000000001e80800 Exception <a 'java/lang/NoSuchMethodError': Method sun.misc.Unsafe.prefetchRead(Ljava/lang/Object;J)V name or signature does not match> (0x00000000eab07fa8) thrown at [D:\re\workspace\8-2-build-windows-amd64-cygwin\jdk8u77\6540\hotspot\src\share\vm\prims\jå…1X·èð?
Event: 1.057 Thread 0x0000000001e80800 Implicit null exception at 0x000000000227a8f6 to 0x000000000227c191
Event: 1.394 Thread 0x0000000016d04000 Implicit null exception at 0x0000000002287262 to 0x000000000228735a
Event: 4.191 Thread 0x0000000016c79800 Implicit null exception at 0x00000000025d647b to 0x00000000025d8931
Event: 4.192 Thread 0x0000000016c79800 Implicit null exception at 0x00000000025a14d6 to 0x00000000025a2be5

Events (10 events):
Event: 7.183 Thread 0x0000000001e80800 DEOPT PACKING pc=0x0000000002416a34 sp=0x0000000001e1ec50
Event: 7.183 Thread 0x0000000001e80800 DEOPT UNPACKING pc=0x0000000001fc582a sp=0x0000000001e1ebd8 mode 2
Event: 7.186 loading class com/android/dx/rop/cst/Zeroes
Event: 7.186 loading class com/android/dx/rop/cst/Zeroes done
Event: 7.229 loading class com/android/dx/dex/file/CatchStructs
Event: 7.229 loading class com/android/dx/dex/file/CatchStructs done
Event: 7.294 loading class com/android/dx/dex/file/ProtoIdItem
Event: 7.294 loading class com/android/dx/dex/file/ProtoIdItem done
Event: 7.362 loading class com/android/dex/Leb128
Event: 7.362 loading class com/android/dex/Leb128 done


Dynamic libraries:
0x00007ff6eea00000 - 0x00007ff6eea37000 	C:\Program Files\Java\jdk1.8.0_77\bin\java.exe
0x00007ff9b4ef0000 - 0x00007ff9b509a000 	C:\WINDOWS\SYSTEM32\ntdll.dll
0x00007ff9b3020000 - 0x00007ff9b315a000 	C:\WINDOWS\system32\KERNEL32.DLL
0x00007ff9b2430000 - 0x00007ff9b253f000 	C:\WINDOWS\system32\KERNELBASE.dll
0x00007ff9b0dd0000 - 0x00007ff9b0e58000 	C:\WINDOWS\system32\apphelp.dll
0x00007ff9969c0000 - 0x00007ff996a0f000 	C:\WINDOWS\AppPatch\AppPatch64\AcGenral.DLL
0x00007ff9b2e20000 - 0x00007ff9b2ec7000 	C:\WINDOWS\system32\msvcrt.dll
0x00007ff9b2040000 - 0x00007ff9b206b000 	C:\WINDOWS\SYSTEM32\SspiCli.dll
0x00007ff9b4e90000 - 0x00007ff9b4ee1000 	C:\WINDOWS\system32\SHLWAPI.dll
0x00007ff9b2880000 - 0x00007ff9b29f1000 	C:\WINDOWS\system32\USER32.dll
0x00007ff9b2a00000 - 0x00007ff9b2b78000 	C:\WINDOWS\system32\ole32.dll
0x00007ff9b3930000 - 0x00007ff9b4d47000 	C:\WINDOWS\system32\SHELL32.dll
0x00007ff9b1b50000 - 0x00007ff9b1b6e000 	C:\WINDOWS\SYSTEM32\USERENV.dll
0x00007ff9b27d0000 - 0x00007ff9b2875000 	C:\WINDOWS\system32\ADVAPI32.dll
0x00007ff9a49a0000 - 0x00007ff9a49bb000 	C:\WINDOWS\SYSTEM32\MPR.dll
0x00007ff9b2ee0000 - 0x00007ff9b3016000 	C:\WINDOWS\system32\RPCRT4.dll
0x00007ff9b2b80000 - 0x00007ff9b2bd7000 	C:\WINDOWS\SYSTEM32\sechost.dll
0x00007ff9b32b0000 - 0x00007ff9b3486000 	C:\WINDOWS\SYSTEM32\combase.dll
0x00007ff9b3160000 - 0x00007ff9b32a5000 	C:\WINDOWS\system32\GDI32.dll
0x00007ff9b2260000 - 0x00007ff9b2274000 	C:\WINDOWS\SYSTEM32\profapi.dll
0x00007ff9b0e60000 - 0x00007ff9b0eff000 	C:\WINDOWS\SYSTEM32\SHCORE.dll
0x00007ff9b38d0000 - 0x00007ff9b3904000 	C:\WINDOWS\system32\IMM32.DLL
0x00007ff9b4d50000 - 0x00007ff9b4e89000 	C:\WINDOWS\system32\MSCTF.dll
0x00007ff9afe60000 - 0x00007ff9b00ba000 	C:\WINDOWS\WinSxS\amd64_microsoft.windows.common-controls_6595b64144ccf1df_6.0.9600.17031_none_6242a4b3ecbb55a1\COMCTL32.dll
0x000000006d0b0000 - 0x000000006d182000 	C:\Program Files\Java\jdk1.8.0_77\jre\bin\msvcr100.dll
0x000000006d610000 - 0x000000006dea0000 	C:\Program Files\Java\jdk1.8.0_77\jre\bin\server\jvm.dll
0x00007ff9a8e30000 - 0x00007ff9a8e39000 	C:\WINDOWS\SYSTEM32\WSOCK32.dll
0x00007ff9af1a0000 - 0x00007ff9af1bf000 	C:\WINDOWS\SYSTEM32\WINMM.dll
0x00007ff9b00c0000 - 0x00007ff9b00ca000 	C:\WINDOWS\SYSTEM32\VERSION.dll
0x00007ff9b3910000 - 0x00007ff9b3917000 	C:\WINDOWS\system32\PSAPI.DLL
0x00007ff9b3550000 - 0x00007ff9b35a8000 	C:\WINDOWS\system32\WS2_32.dll
0x00007ff9af170000 - 0x00007ff9af19a000 	C:\WINDOWS\SYSTEM32\WINMMBASE.dll
0x00007ff9b3920000 - 0x00007ff9b3929000 	C:\WINDOWS\system32\NSI.dll
0x00007ff9b2330000 - 0x00007ff9b237a000 	C:\WINDOWS\SYSTEM32\cfgmgr32.dll
0x00007ff9b10f0000 - 0x00007ff9b1116000 	C:\WINDOWS\SYSTEM32\DEVOBJ.dll
0x000000006d520000 - 0x000000006d52f000 	C:\Program Files\Java\jdk1.8.0_77\jre\bin\verify.dll
0x000000006d4f0000 - 0x000000006d519000 	C:\Program Files\Java\jdk1.8.0_77\jre\bin\java.dll
0x000000006d4d0000 - 0x000000006d4e6000 	C:\Program Files\Java\jdk1.8.0_77\jre\bin\zip.dll

VM Arguments:
jvm_args: -Djava.awt.headless=true -Xmx1024M -Dfile.encoding=windows-1252 -Duser.country=US -Duser.language=en -Duser.variant 
java_command: com.android.dx.command.Main --dex --num-threads=4 --output C:\Users\Anto\AndroidStudioProjects\OverwatchRandomizer\app\build\intermediates\pre-dexed\release\com.android.support-design-23.4.0_f58ee30a48722a8891023a3f87d95f9774e332b3.jar C:\Users\Anto\AndroidStudioProjects\OverwatchRandomizer\app\build\intermediates\exploded-aar\com.android.support\design\23.4.0\jars\classes.jar
java_class_path (initial): C:\Users\Anto\AppData\Local\Android\sdk\build-tools\23.0.3\lib\dx.jar
Launcher Type: SUN_STANDARD

Environment Variables:
JAVA_HOME=C:\Program Files\Java\jdk1.8.0_77
PATH=C:\ProgramData\Oracle\Java\javapath;C:\Program Files (x86)\Intel\iCLS Client\;C:\Program Files\Intel\iCLS Client\;C:\WINDOWS\system32;C:\WINDOWS;C:\WINDOWS\System32\Wbem;C:\WINDOWS\System32\WindowsPowerShell\v1.0\;C:\Program Files (x86)\Windows Live\Shared;C:\Program Files\Intel\WiFi\bin\;C:\Program Files\Common Files\Intel\WirelessCommon\;C:\Program Files\Intel\Intel(R) Management Engine Components\DAL;C:\Program Files\Intel\Intel(R) Management Engine Components\IPT;C:\Program Files (x86)\Intel\Intel(R) Management Engine Components\DAL;C:\Program Files (x86)\Intel\Intel(R) Management Engine Components\IPT;C:\Program Files\apache-maven-3.3.3\bin;C:\Program Files (x86)\NVIDIA Corporation\PhysX\Common;C:\Program Files (x86)\Skype\Phone\
USERNAME=Anto
OS=Windows_NT
PROCESSOR_IDENTIFIER=Intel64 Family 6 Model 60 Stepping 3, GenuineIntel



---------------  S Y S T E M  ---------------

OS: Windows 8.1 , 64 bit Build 9600 (6.3.9600.17056)

CPU:total 8 (4 cores per cpu, 2 threads per core) family 6 model 60 stepping 3, cmov, cx8, fxsr, mmx, sse, sse2, sse3, ssse3, sse4.1, sse4.2, popcnt, avx, avx2, aes, clmul, erms, lzcnt, ht, tsc, tscinvbit, bmi1, bmi2

Memory: 4k page, physical 12498316k(1376644k free), swap 15644044k(5812k free)

vm_info: Java HotSpot(TM) 64-Bit Server VM (25.77-b03) for windows-amd64 JRE (1.8.0_77-b03), built on Mar 20 2016 22:01:33 by "java_re" with MS VC++ 10.0 (VS2010)

time: Sat May 28 22:19:08 2016
elapsed time: 7 seconds (0d 0h 0m 7s)

