#
# There is insufficient memory for the Java Runtime Environment to continue.
# Native memory allocation (malloc) failed to allocate 32744 bytes for ChunkPool::allocate
# Possible reasons:
#   The system is out of physical RAM or swap space
#   In 32 bit mode, the process size limit was hit
# Possible solutions:
#   Reduce memory load on the system
#   Increase physical memory or swap space
#   Check if swap backing store is full
#   Use 64 bit Java on a 64 bit OS
#   Decrease Java heap size (-Xmx/-Xms)
#   Decrease number of Java threads
#   Decrease Java thread stack sizes (-Xss)
#   Set larger code cache with -XX:ReservedCodeCacheSize=
# This output file may be truncated or incomplete.
#
#  Out of Memory Error (allocation.cpp:273), pid=2436, tid=16576
#
# JRE version: Java(TM) SE Runtime Environment (8.0_77-b03) (build 1.8.0_77-b03)
# Java VM: Java HotSpot(TM) 64-Bit Server VM (25.77-b03 mixed mode windows-amd64 compressed oops)
# Failed to write core dump. Minidumps are not enabled by default on client versions of Windows
#

---------------  T H R E A D  ---------------

Current thread (0x0000000017596800):  JavaThread "C2 CompilerThread2" daemon [_thread_in_native, id=16576, stack(0x0000000017fd0000,0x00000000180d0000)]

Stack: [0x0000000017fd0000,0x00000000180d0000]
[error occurred during error reporting (printing stack bounds), id 0xc0000005]

Native frames: (J=compiled Java code, j=interpreted, Vv=VM code, C=native code)


Current CompileTask:
C2:   6716 2003       4       com.android.dx.dex.code.OutputFinisher::addConstants (93 bytes)


---------------  P R O C E S S  ---------------

Java Threads: ( => current thread )
  0x00000000178af800 JavaThread "pool-1-thread-1" [_thread_in_Java, id=6340, stack(0x0000000018bd0000,0x0000000018cd0000)]
  0x000000001762f800 JavaThread "Service Thread" daemon [_thread_blocked, id=2688, stack(0x00000000181d0000,0x00000000182d0000)]
  0x00000000175a1000 JavaThread "C1 CompilerThread3" daemon [_thread_blocked, id=16504, stack(0x00000000180d0000,0x00000000181d0000)]
=>0x0000000017596800 JavaThread "C2 CompilerThread2" daemon [_thread_in_native, id=16576, stack(0x0000000017fd0000,0x00000000180d0000)]
  0x000000001758b800 JavaThread "C2 CompilerThread1" daemon [_thread_in_native, id=4784, stack(0x0000000017ed0000,0x0000000017fd0000)]
  0x0000000017588800 JavaThread "C2 CompilerThread0" daemon [_thread_in_native, id=2008, stack(0x0000000017dd0000,0x0000000017ed0000)]
  0x0000000017586800 JavaThread "Attach Listener" daemon [_thread_blocked, id=12832, stack(0x0000000017cd0000,0x0000000017dd0000)]
  0x0000000017585000 JavaThread "Signal Dispatcher" daemon [_thread_blocked, id=17156, stack(0x0000000017bd0000,0x0000000017cd0000)]
  0x0000000002b7d800 JavaThread "Finalizer" daemon [_thread_blocked, id=16372, stack(0x0000000017960000,0x0000000017a60000)]
  0x0000000002b74000 JavaThread "Reference Handler" daemon [_thread_blocked, id=4868, stack(0x0000000017460000,0x0000000017560000)]
  0x0000000002a80800 JavaThread "main" [_thread_blocked, id=12468, stack(0x00000000028c0000,0x00000000029c0000)]

Other Threads:
  0x0000000015699800 VMThread [stack: 0x0000000017360000,0x0000000017460000] [id=9972]
  0x0000000017632000 WatcherThread [stack: 0x00000000182d0000,0x00000000183d0000] [id=13648]

VM state:not at safepoint (normal execution)

VM Mutex/Monitor currently owned by a thread: None

Heap:
 PSYoungGen      total 106496K, used 55379K [0x00000000eab00000, 0x00000000f1b00000, 0x0000000100000000)
  eden space 98304K, 48% used [0x00000000eab00000,0x00000000ed919af8,0x00000000f0b00000)
  from space 8192K, 99% used [0x00000000f1300000,0x00000000f1afb3e8,0x00000000f1b00000)
  to   space 8192K, 0% used [0x00000000f0b00000,0x00000000f0b00000,0x00000000f1300000)
 ParOldGen       total 131072K, used 7051K [0x00000000c0000000, 0x00000000c8000000, 0x00000000eab00000)
  object space 131072K, 5% used [0x00000000c0000000,0x00000000c06e2eb8,0x00000000c8000000)
 Metaspace       used 6379K, capacity 7160K, committed 7296K, reserved 1056768K
  class space    used 612K, capacity 624K, committed 640K, reserved 1048576K

Card table byte_map: [0x0000000011f40000,0x0000000012150000] byte_map_base: 0x0000000011940000

Marking Bits: (ParMarkBitMap*) 0x000000006de20600
 Begin Bits: [0x0000000012ab0000, 0x0000000013ab0000)
 End Bits:   [0x0000000013ab0000, 0x0000000014ab0000)

Polling page: 0x0000000000f30000

CodeCache: size=245760Kb used=9075Kb max_used=9084Kb free=236684Kb
 bounds [0x0000000002b80000, 0x0000000003470000, 0x0000000011b80000]
 total_blobs=2222 nmethods=1952 adapters=182
 compilation: enabled

Compilation events (10 events):
Event: 6.703 Thread 0x00000000175a1000 nmethod 2006 0x000000000345d090 code [0x000000000345d280, 0x000000000345dfb8]
Event: 6.705 Thread 0x00000000175a1000 2009       3       com.android.dx.dex.file.CodeItem::addContents (174 bytes)
Event: 6.706 Thread 0x00000000175a1000 nmethod 2009 0x00000000034628d0 code [0x0000000003462be0, 0x00000000034644d8]
Event: 6.707 Thread 0x000000001758b800 nmethod 2002 0x0000000003466ed0 code [0x0000000003467080, 0x0000000003467878]
Event: 6.707 Thread 0x000000001758b800 2008       4       com.android.dx.dex.code.OutputFinisher::addConstants (68 bytes)
Event: 6.709 Thread 0x00000000175a1000 2010       3       java.util.HashMap::keySet (27 bytes)
Event: 6.709 Thread 0x00000000175a1000 nmethod 2010 0x0000000003461350 code [0x00000000034614e0, 0x0000000003461890]
Event: 6.709 Thread 0x00000000175a1000 2011       3       java.util.HashMap$KeySet::iterator (12 bytes)
Event: 6.709 Thread 0x00000000175a1000 nmethod 2011 0x000000000345cbd0 code [0x000000000345cd40, 0x000000000345cfa8]
Event: 6.713 Thread 0x00000000175a1000 2013       3       com.android.dx.dex.file.DebugInfoItem::<init> (36 bytes)

GC Heap History (4 events):
Event: 2.021 GC heap before
{Heap before GC invocations=1 (full 0):
 PSYoungGen      total 57344K, used 49152K [0x00000000eab00000, 0x00000000eeb00000, 0x0000000100000000)
  eden space 49152K, 100% used [0x00000000eab00000,0x00000000edb00000,0x00000000edb00000)
  from space 8192K, 0% used [0x00000000ee300000,0x00000000ee300000,0x00000000eeb00000)
  to   space 8192K, 0% used [0x00000000edb00000,0x00000000edb00000,0x00000000ee300000)
 ParOldGen       total 131072K, used 0K [0x00000000c0000000, 0x00000000c8000000, 0x00000000eab00000)
  object space 131072K, 0% used [0x00000000c0000000,0x00000000c0000000,0x00000000c8000000)
 Metaspace       used 6134K, capacity 7024K, committed 7296K, reserved 1056768K
  class space    used 601K, capacity 616K, committed 640K, reserved 1048576K
Event: 2.057 GC heap after
Heap after GC invocations=1 (full 0):
 PSYoungGen      total 57344K, used 8186K [0x00000000eab00000, 0x00000000f1b00000, 0x0000000100000000)
  eden space 49152K, 0% used [0x00000000eab00000,0x00000000eab00000,0x00000000edb00000)
  from space 8192K, 99% used [0x00000000edb00000,0x00000000ee2fe970,0x00000000ee300000)
  to   space 8192K, 0% used [0x00000000f1300000,0x00000000f1300000,0x00000000f1b00000)
 ParOldGen       total 131072K, used 945K [0x00000000c0000000, 0x00000000c8000000, 0x00000000eab00000)
  object space 131072K, 0% used [0x00000000c0000000,0x00000000c00ec438,0x00000000c8000000)
 Metaspace       used 6134K, capacity 7024K, committed 7296K, reserved 1056768K
  class space    used 601K, capacity 616K, committed 640K, reserved 1048576K
}
Event: 3.323 GC heap before
{Heap before GC invocations=2 (full 0):
 PSYoungGen      total 57344K, used 57338K [0x00000000eab00000, 0x00000000f1b00000, 0x0000000100000000)
  eden space 49152K, 100% used [0x00000000eab00000,0x00000000edb00000,0x00000000edb00000)
  from space 8192K, 99% used [0x00000000edb00000,0x00000000ee2fe970,0x00000000ee300000)
  to   space 8192K, 0% used [0x00000000f1300000,0x00000000f1300000,0x00000000f1b00000)
 ParOldGen       total 131072K, used 945K [0x00000000c0000000, 0x00000000c8000000, 0x00000000eab00000)
  object space 131072K, 0% used [0x00000000c0000000,0x00000000c00ec438,0x00000000c8000000)
 Metaspace       used 6255K, capacity 7154K, committed 7296K, reserved 1056768K
  class space    used 602K, capacity 618K, committed 640K, reserved 1048576K
Event: 3.420 GC heap after
Heap after GC invocations=2 (full 0):
 PSYoungGen      total 106496K, used 8172K [0x00000000eab00000, 0x00000000f1b00000, 0x0000000100000000)
  eden space 98304K, 0% used [0x00000000eab00000,0x00000000eab00000,0x00000000f0b00000)
  from space 8192K, 99% used [0x00000000f1300000,0x00000000f1afb3e8,0x00000000f1b00000)
  to   space 8192K, 0% used [0x00000000f0b00000,0x00000000f0b00000,0x00000000f1300000)
 ParOldGen       total 131072K, used 7051K [0x00000000c0000000, 0x00000000c8000000, 0x00000000eab00000)
  object space 131072K, 5% used [0x00000000c0000000,0x00000000c06e2eb8,0x00000000c8000000)
 Metaspace       used 6255K, capacity 7154K, committed 7296K, reserved 1056768K
  class space    used 602K, capacity 618K, committed 640K, reserved 1048576K
}

Deoptimization events (10 events):
Event: 4.765 Thread 0x000000001790f800 Uncommon trap: reason=unstable_if action=reinterpret pc=0x0000000003163668 method=com.android.dx.rop.code.LocalItem.compareHandlesNulls(Lcom/android/dx/rop/cst/CstString;Lcom/android/dx/rop/cst/CstString;)I @ 8
Event: 4.766 Thread 0x000000001790f800 Uncommon trap: reason=unstable_if action=reinterpret pc=0x00000000032f9dd0 method=com.android.dx.rop.code.LocalItem.compareHandlesNulls(Lcom/android/dx/rop/cst/CstString;Lcom/android/dx/rop/cst/CstString;)I @ 14
Event: 4.944 Thread 0x0000000017838000 Uncommon trap: reason=bimorphic action=maybe_recompile pc=0x000000000337c5b8 method=com.android.dx.cf.code.BytecodeArray.parseInstruction(ILcom/android/dx/cf/code/BytecodeArray$Visitor;)I @ 2484
Event: 4.944 Thread 0x0000000017838000 Uncommon trap: reason=bimorphic action=maybe_recompile pc=0x000000000337c5b8 method=com.android.dx.cf.code.BytecodeArray.parseInstruction(ILcom/android/dx/cf/code/BytecodeArray$Visitor;)I @ 2484
Event: 6.574 Thread 0x00000000178af800 Uncommon trap: reason=class_check action=maybe_recompile pc=0x000000000300bd08 method=java.util.Arrays.hashCode([Ljava/lang/Object;)I @ 43
Event: 6.574 Thread 0x00000000178af800 Uncommon trap: reason=class_check action=maybe_recompile pc=0x000000000300bd08 method=java.util.Arrays.hashCode([Ljava/lang/Object;)I @ 43
Event: 6.597 Thread 0x00000000178af800 Uncommon trap: reason=class_check action=maybe_recompile pc=0x000000000300bd08 method=java.util.Arrays.hashCode([Ljava/lang/Object;)I @ 43
Event: 6.597 Thread 0x00000000178af800 Uncommon trap: reason=class_check action=maybe_recompile pc=0x000000000300bd08 method=java.util.Arrays.hashCode([Ljava/lang/Object;)I @ 43
Event: 6.597 Thread 0x00000000178af800 Uncommon trap: reason=class_check action=maybe_recompile pc=0x0000000002f50f68 method=java.util.Arrays.hashCode([Ljava/lang/Object;)I @ 43
Event: 6.678 Thread 0x00000000178af800 Uncommon trap: reason=class_check action=maybe_recompile pc=0x000000000300f0c8 method=java.util.HashMap.putVal(ILjava/lang/Object;Ljava/lang/Object;ZZ)Ljava/lang/Object; @ 203

Internal exceptions (8 events):
Event: 0.074 Thread 0x0000000002a80800 Exception <a 'java/lang/NoSuchMethodError': Method sun.misc.Unsafe.defineClass(Ljava/lang/String;[BII)Ljava/lang/Class; name or signature does not match> (0x00000000eab07cc0) thrown at [D:\re\workspace\8-2-build-windows-amd64-cygwin\jdk8u77\6540\hotspot\srh½G9³?
Event: 0.074 Thread 0x0000000002a80800 Exception <a 'java/lang/NoSuchMethodError': Method sun.misc.Unsafe.prefetchRead(Ljava/lang/Object;J)V name or signature does not match> (0x00000000eab07fa8) thrown at [D:\re\workspace\8-2-build-windows-amd64-cygwin\jdk8u77\6540\hotspot\src\share\vm\prims\jþÃÓCô?
Event: 1.254 Thread 0x0000000017838000 Implicit null exception at 0x0000000002f4d8e2 to 0x0000000002f4d9da
Event: 1.507 Thread 0x0000000017838000 Implicit null exception at 0x0000000002e5ada4 to 0x0000000002e5d025
Event: 4.764 Thread 0x000000001790f800 Implicit null exception at 0x0000000003331197 to 0x00000000033330a9
Event: 4.765 Thread 0x000000001790f800 Implicit null exception at 0x0000000003166621 to 0x0000000003167969
Event: 4.765 Thread 0x000000001790f800 Implicit null exception at 0x0000000003161f39 to 0x0000000003163639
Event: 4.766 Thread 0x000000001790f800 Implicit null exception at 0x00000000032f9a1c to 0x00000000032f9da5

Events (10 events):
Event: 6.597 Thread 0x00000000178af800 DEOPT PACKING pc=0x000000000300bd08 sp=0x0000000018cce7e0
Event: 6.597 Thread 0x00000000178af800 DEOPT UNPACKING pc=0x0000000002bc582a sp=0x0000000018cce710 mode 2
Event: 6.597 Thread 0x00000000178af800 Uncommon trap: trap_request=0xffffffde fr.pc=0x0000000002f50f68
Event: 6.597 Thread 0x00000000178af800 DEOPT PACKING pc=0x0000000002f50f68 sp=0x0000000018cce7d0
Event: 6.597 Thread 0x00000000178af800 DEOPT UNPACKING pc=0x0000000002bc582a sp=0x0000000018cce758 mode 2
Event: 6.600 loading class com/android/dx/rop/cst/Zeroes
Event: 6.600 loading class com/android/dx/rop/cst/Zeroes done
Event: 6.678 Thread 0x00000000178af800 Uncommon trap: trap_request=0xffffffde fr.pc=0x000000000300f0c8
Event: 6.678 Thread 0x00000000178af800 DEOPT PACKING pc=0x000000000300f0c8 sp=0x0000000018cce900
Event: 6.678 Thread 0x00000000178af800 DEOPT UNPACKING pc=0x0000000002bc582a sp=0x0000000018cce838 mode 2


Dynamic libraries:
0x00007ff6eea00000 - 0x00007ff6eea37000 	C:\Program Files\Java\jdk1.8.0_77\bin\java.exe
0x00007ff9b4ef0000 - 0x00007ff9b509a000 	C:\WINDOWS\SYSTEM32\ntdll.dll
0x00007ff9b3020000 - 0x00007ff9b315a000 	C:\WINDOWS\system32\KERNEL32.DLL
0x00007ff9b2430000 - 0x00007ff9b253f000 	C:\WINDOWS\system32\KERNELBASE.dll
0x00007ff9b0dd0000 - 0x00007ff9b0e58000 	C:\WINDOWS\system32\apphelp.dll
0x00007ff996f90000 - 0x00007ff996fdf000 	C:\WINDOWS\AppPatch\AppPatch64\AcGenral.DLL
0x00007ff9b2e20000 - 0x00007ff9b2ec7000 	C:\WINDOWS\system32\msvcrt.dll
0x00007ff9b2040000 - 0x00007ff9b206b000 	C:\WINDOWS\SYSTEM32\SspiCli.dll
0x00007ff9b4e90000 - 0x00007ff9b4ee1000 	C:\WINDOWS\system32\SHLWAPI.dll
0x00007ff9b2880000 - 0x00007ff9b29f1000 	C:\WINDOWS\system32\USER32.dll
0x00007ff9b2a00000 - 0x00007ff9b2b78000 	C:\WINDOWS\system32\ole32.dll
0x00007ff9b3930000 - 0x00007ff9b4d47000 	C:\WINDOWS\system32\SHELL32.dll
0x00007ff9b1b50000 - 0x00007ff9b1b6e000 	C:\WINDOWS\SYSTEM32\USERENV.dll
0x00007ff9b27d0000 - 0x00007ff9b2875000 	C:\WINDOWS\system32\ADVAPI32.dll
0x00007ff9a49a0000 - 0x00007ff9a49bb000 	C:\WINDOWS\SYSTEM32\MPR.dll
0x00007ff9b2ee0000 - 0x00007ff9b3016000 	C:\WINDOWS\system32\RPCRT4.dll
0x00007ff9b2b80000 - 0x00007ff9b2bd7000 	C:\WINDOWS\SYSTEM32\sechost.dll
0x00007ff9b32b0000 - 0x00007ff9b3486000 	C:\WINDOWS\SYSTEM32\combase.dll
0x00007ff9b3160000 - 0x00007ff9b32a5000 	C:\WINDOWS\system32\GDI32.dll
0x00007ff9b2260000 - 0x00007ff9b2274000 	C:\WINDOWS\SYSTEM32\profapi.dll
0x00007ff9b0e60000 - 0x00007ff9b0eff000 	C:\WINDOWS\SYSTEM32\SHCORE.dll
0x00007ff9b38d0000 - 0x00007ff9b3904000 	C:\WINDOWS\system32\IMM32.DLL
0x00007ff9b4d50000 - 0x00007ff9b4e89000 	C:\WINDOWS\system32\MSCTF.dll
0x00007ff9afe60000 - 0x00007ff9b00ba000 	C:\WINDOWS\WinSxS\amd64_microsoft.windows.common-controls_6595b64144ccf1df_6.0.9600.17031_none_6242a4b3ecbb55a1\COMCTL32.dll
0x000000006d0b0000 - 0x000000006d182000 	C:\Program Files\Java\jdk1.8.0_77\jre\bin\msvcr100.dll
0x000000006d610000 - 0x000000006dea0000 	C:\Program Files\Java\jdk1.8.0_77\jre\bin\server\jvm.dll
0x00007ff9a8e30000 - 0x00007ff9a8e39000 	C:\WINDOWS\SYSTEM32\WSOCK32.dll
0x00007ff9af1a0000 - 0x00007ff9af1bf000 	C:\WINDOWS\SYSTEM32\WINMM.dll
0x00007ff9b00c0000 - 0x00007ff9b00ca000 	C:\WINDOWS\SYSTEM32\VERSION.dll
0x00007ff9b3910000 - 0x00007ff9b3917000 	C:\WINDOWS\system32\PSAPI.DLL
0x00007ff9b3550000 - 0x00007ff9b35a8000 	C:\WINDOWS\system32\WS2_32.dll
0x00007ff9af170000 - 0x00007ff9af19a000 	C:\WINDOWS\SYSTEM32\WINMMBASE.dll
0x00007ff9b3920000 - 0x00007ff9b3929000 	C:\WINDOWS\system32\NSI.dll
0x00007ff9b2330000 - 0x00007ff9b237a000 	C:\WINDOWS\SYSTEM32\cfgmgr32.dll
0x00007ff9b10f0000 - 0x00007ff9b1116000 	C:\WINDOWS\SYSTEM32\DEVOBJ.dll
0x000000006d520000 - 0x000000006d52f000 	C:\Program Files\Java\jdk1.8.0_77\jre\bin\verify.dll
0x000000006d4f0000 - 0x000000006d519000 	C:\Program Files\Java\jdk1.8.0_77\jre\bin\java.dll
0x000000006d4d0000 - 0x000000006d4e6000 	C:\Program Files\Java\jdk1.8.0_77\jre\bin\zip.dll

VM Arguments:
jvm_args: -Djava.awt.headless=true -Xmx1024M -Dfile.encoding=windows-1252 -Duser.country=US -Duser.language=en -Duser.variant 
java_command: com.android.dx.command.Main --dex --force-jumbo --num-threads=4 --multi-dex --output C:\Users\Anto\AndroidStudioProjects\OverwatchRandomizer\app\build\intermediates\transforms\dex\debug\folders\1000\10\com.android.support-design-23.4.0_f58ee30a48722a8891023a3f87d95f9774e332b3 C:\Users\Anto\AndroidStudioProjects\OverwatchRandomizer\app\build\intermediates\exploded-aar\com.android.support\design\23.4.0\jars\classes.jar
java_class_path (initial): C:\Users\Anto\AppData\Local\Android\sdk\build-tools\23.0.3\lib\dx.jar
Launcher Type: SUN_STANDARD

Environment Variables:
JAVA_HOME=C:\Program Files\Java\jdk1.8.0_77
PATH=C:\ProgramData\Oracle\Java\javapath;C:\Program Files (x86)\Intel\iCLS Client\;C:\Program Files\Intel\iCLS Client\;C:\WINDOWS\system32;C:\WINDOWS;C:\WINDOWS\System32\Wbem;C:\WINDOWS\System32\WindowsPowerShell\v1.0\;C:\Program Files (x86)\Windows Live\Shared;C:\Program Files\Intel\WiFi\bin\;C:\Program Files\Common Files\Intel\WirelessCommon\;C:\Program Files\Intel\Intel(R) Management Engine Components\DAL;C:\Program Files\Intel\Intel(R) Management Engine Components\IPT;C:\Program Files (x86)\Intel\Intel(R) Management Engine Components\DAL;C:\Program Files (x86)\Intel\Intel(R) Management Engine Components\IPT;C:\Program Files\apache-maven-3.3.3\bin;C:\Program Files (x86)\NVIDIA Corporation\PhysX\Common;C:\Program Files (x86)\Skype\Phone\
USERNAME=Anto
OS=Windows_NT
PROCESSOR_IDENTIFIER=Intel64 Family 6 Model 60 Stepping 3, GenuineIntel



---------------  S Y S T E M  ---------------

OS: Windows 8.1 , 64 bit Build 9600 (6.3.9600.17056)

CPU:total 8 (4 cores per cpu, 2 threads per core) family 6 model 60 stepping 3, cmov, cx8, fxsr, mmx, sse, sse2, sse3, ssse3, sse4.1, sse4.2, popcnt, avx, avx2, aes, clmul, erms, lzcnt, ht, tsc, tscinvbit, bmi1, bmi2

Memory: 4k page, physical 12498316k(2038320k free), swap 15644044k(5136k free)

vm_info: Java HotSpot(TM) 64-Bit Server VM (25.77-b03) for windows-amd64 JRE (1.8.0_77-b03), built on Mar 20 2016 22:01:33 by "java_re" with MS VC++ 10.0 (VS2010)

time: Mon May 30 21:34:52 2016
elapsed time: 6 seconds (0d 0h 0m 6s)

