#
# There is insufficient memory for the Java Runtime Environment to continue.
# Native memory allocation (malloc) failed to allocate 779376 bytes for Chunk::new
# Possible reasons:
#   The system is out of physical RAM or swap space
#   In 32 bit mode, the process size limit was hit
# Possible solutions:
#   Reduce memory load on the system
#   Increase physical memory or swap space
#   Check if swap backing store is full
#   Use 64 bit Java on a 64 bit OS
#   Decrease Java heap size (-Xmx/-Xms)
#   Decrease number of Java threads
#   Decrease Java thread stack sizes (-Xss)
#   Set larger code cache with -XX:ReservedCodeCacheSize=
# This output file may be truncated or incomplete.
#
#  Out of Memory Error (allocation.cpp:390), pid=5848, tid=14804
#
# JRE version: Java(TM) SE Runtime Environment (8.0_77-b03) (build 1.8.0_77-b03)
# Java VM: Java HotSpot(TM) 64-Bit Server VM (25.77-b03 mixed mode windows-amd64 compressed oops)
# Failed to write core dump. Minidumps are not enabled by default on client versions of Windows
#

---------------  T H R E A D  ---------------

Current thread (0x0000000016db9800):  JavaThread "C2 CompilerThread0" daemon [_thread_in_native, id=14804, stack(0x0000000017600000,0x0000000017700000)]

Stack: [0x0000000017600000,0x0000000017700000]
[error occurred during error reporting (printing stack bounds), id 0xc0000005]

Native frames: (J=compiled Java code, j=interpreted, Vv=VM code, C=native code)


Current CompileTask:
C2:   1331 1137   !   4       com.android.dx.cf.code.RopperMachine::run (1550 bytes)


---------------  P R O C E S S  ---------------

Java Threads: ( => current thread )
  0x000000001708b000 JavaThread "pool-2-thread-4" [_thread_in_Java, id=17072, stack(0x0000000018000000,0x0000000018100000)]
  0x0000000016f79000 JavaThread "pool-2-thread-3" [_thread_in_Java, id=13696, stack(0x0000000017f00000,0x0000000018000000)]
  0x0000000016f73000 JavaThread "pool-2-thread-2" [_thread_in_vm, id=15940, stack(0x0000000017e00000,0x0000000017f00000)]
  0x0000000016f52800 JavaThread "pool-3-thread-1" [_thread_blocked, id=13684, stack(0x0000000017d00000,0x0000000017e00000)]
  0x0000000016f47000 JavaThread "pool-2-thread-1" [_thread_in_Java, id=16888, stack(0x0000000017c00000,0x0000000017d00000)]
  0x0000000016e2a800 JavaThread "Service Thread" daemon [_thread_blocked, id=10824, stack(0x0000000017a00000,0x0000000017b00000)]
  0x0000000016e19000 JavaThread "C1 CompilerThread3" daemon [_thread_blocked, id=16296, stack(0x0000000017900000,0x0000000017a00000)]
  0x0000000016e0e800 JavaThread "C2 CompilerThread2" daemon [_thread_in_native, id=10432, stack(0x0000000017800000,0x0000000017900000)]
  0x0000000016dbc800 JavaThread "C2 CompilerThread1" daemon [_thread_in_native, id=12548, stack(0x0000000017700000,0x0000000017800000)]
=>0x0000000016db9800 JavaThread "C2 CompilerThread0" daemon [_thread_in_native, id=14804, stack(0x0000000017600000,0x0000000017700000)]
  0x0000000016db7800 JavaThread "Attach Listener" daemon [_thread_blocked, id=16076, stack(0x0000000017500000,0x0000000017600000)]
  0x0000000016db6000 JavaThread "Signal Dispatcher" daemon [_thread_blocked, id=13216, stack(0x0000000017400000,0x0000000017500000)]
  0x000000000238d800 JavaThread "Finalizer" daemon [_thread_blocked, id=4140, stack(0x0000000017190000,0x0000000017290000)]
  0x0000000002384000 JavaThread "Reference Handler" daemon [_thread_blocked, id=17020, stack(0x0000000016c90000,0x0000000016d90000)]
  0x0000000002290800 JavaThread "main" [_thread_blocked, id=11880, stack(0x00000000020e0000,0x00000000021e0000)]

Other Threads:
  0x0000000014ea9800 VMThread [stack: 0x0000000016b90000,0x0000000016c90000] [id=15068]
  0x0000000016e2e800 WatcherThread [stack: 0x0000000017b00000,0x0000000017c00000] [id=5728]

VM state:not at safepoint (normal execution)

VM Mutex/Monitor currently owned by a thread: None

Heap:
 PSYoungGen      total 57344K, used 36397K [0x00000000eab00000, 0x00000000eeb00000, 0x0000000100000000)
  eden space 49152K, 74% used [0x00000000eab00000,0x00000000ece8b650,0x00000000edb00000)
  from space 8192K, 0% used [0x00000000ee300000,0x00000000ee300000,0x00000000eeb00000)
  to   space 8192K, 0% used [0x00000000edb00000,0x00000000edb00000,0x00000000ee300000)
 ParOldGen       total 131072K, used 0K [0x00000000c0000000, 0x00000000c8000000, 0x00000000eab00000)
  object space 131072K, 0% used [0x00000000c0000000,0x00000000c0000000,0x00000000c8000000)
 Metaspace       used 5689K, capacity 6832K, committed 7040K, reserved 1056768K
  class space    used 578K, capacity 616K, committed 640K, reserved 1048576K

Card table byte_map: [0x0000000011750000,0x0000000011960000] byte_map_base: 0x0000000011150000

Marking Bits: (ParMarkBitMap*) 0x000000006de20600
 Begin Bits: [0x00000000122c0000, 0x00000000132c0000)
 End Bits:   [0x00000000132c0000, 0x00000000142c0000)

Polling page: 0x0000000000880000

CodeCache: size=245760Kb used=4634Kb max_used=4634Kb free=241125Kb
 bounds [0x0000000002390000, 0x0000000002820000, 0x0000000011390000]
 total_blobs=1422 nmethods=1161 adapters=174
 compilation: enabled

Compilation events (10 events):
Event: 1.256 Thread 0x0000000016e19000 1174       3       java.util.TreeMap$PrivateEntryIterator::nextEntry (54 bytes)
Event: 1.256 Thread 0x0000000016e19000 nmethod 1174 0x0000000002818650 code [0x00000000028187e0, 0x0000000002818b68]
Event: 1.257 Thread 0x0000000016e19000 1175       3       com.android.dx.rop.code.RegisterSpecSet::localItemToSpec (49 bytes)
Event: 1.257 Thread 0x0000000016e19000 nmethod 1175 0x0000000002818d10 code [0x0000000002818ea0, 0x0000000002819468]
Event: 1.258 Thread 0x0000000016e19000 1177       3       com.android.dx.ssa.SsaMethod::onInsnsChanged (16 bytes)
Event: 1.258 Thread 0x0000000016e19000 nmethod 1177 0x0000000002819690 code [0x00000000028197e0, 0x0000000002819970]
Event: 1.260 Thread 0x0000000016e19000 1178       3       java.util.TreeMap$PrivateEntryIterator::hasNext (13 bytes)
Event: 1.260 Thread 0x0000000016e19000 nmethod 1178 0x0000000002819a10 code [0x0000000002819b60, 0x0000000002819d10]
Event: 1.271 Thread 0x0000000016e19000 1179       1       com.android.dx.util.Bits::makeBitSet (11 bytes)
Event: 1.271 Thread 0x0000000016e19000 nmethod 1179 0x0000000002819d90 code [0x0000000002819ee0, 0x000000000281a050]

GC Heap History (0 events):
No events

Deoptimization events (10 events):
Event: 0.763 Thread 0x0000000016f79000 Uncommon trap: reason=unstable_if action=reinterpret pc=0x0000000002686cf0 method=com.android.dx.rop.code.RegisterSpec.equals(ILcom/android/dx/rop/type/TypeBearer;Lcom/android/dx/rop/code/LocalItem;)Z @ 16
Event: 0.763 Thread 0x0000000016f79000 Uncommon trap: reason=unstable_if action=reinterpret pc=0x00000000025ba228 method=com.android.dx.rop.code.RegisterSpec.equals(ILcom/android/dx/rop/type/TypeBearer;Lcom/android/dx/rop/code/LocalItem;)Z @ 16
Event: 0.763 Thread 0x0000000016f79000 Uncommon trap: reason=unstable_if action=reinterpret pc=0x000000000261cbd8 method=com.android.dx.rop.code.RegisterSpec.equals(ILcom/android/dx/rop/type/TypeBearer;Lcom/android/dx/rop/code/LocalItem;)Z @ 16
Event: 1.198 Thread 0x0000000016f73000 Uncommon trap: reason=bimorphic action=maybe_recompile pc=0x00000000027d5210 method=com.android.dx.cf.code.BytecodeArray.parseInstruction(ILcom/android/dx/cf/code/BytecodeArray$Visitor;)I @ 1287
Event: 1.198 Thread 0x0000000016f73000 Uncommon trap: reason=bimorphic action=maybe_recompile pc=0x00000000027d5210 method=com.android.dx.cf.code.BytecodeArray.parseInstruction(ILcom/android/dx/cf/code/BytecodeArray$Visitor;)I @ 1287
Event: 1.198 Thread 0x0000000016f73000 Uncommon trap: reason=bimorphic action=maybe_recompile pc=0x00000000027d5210 method=com.android.dx.cf.code.BytecodeArray.parseInstruction(ILcom/android/dx/cf/code/BytecodeArray$Visitor;)I @ 1287
Event: 1.198 Thread 0x0000000016f73000 Uncommon trap: reason=bimorphic action=maybe_recompile pc=0x00000000027d5210 method=com.android.dx.cf.code.BytecodeArray.parseInstruction(ILcom/android/dx/cf/code/BytecodeArray$Visitor;)I @ 1287
Event: 1.242 Thread 0x0000000016f73000 Uncommon trap: reason=unstable_if action=reinterpret pc=0x0000000002721fe0 method=com.android.dx.cf.code.BasicBlocker.addWorkIfNecessary(IZ)V @ 8
Event: 1.248 Thread 0x0000000016f73000 Uncommon trap: reason=class_check action=maybe_recompile pc=0x0000000002799498 method=com.android.dx.cf.code.BaseMachine.getLocalTarget(Z)Lcom/android/dx/rop/code/RegisterSpec; @ 70
Event: 1.248 Thread 0x0000000016f73000 Uncommon trap: reason=class_check action=maybe_recompile pc=0x0000000002799498 method=com.android.dx.cf.code.BaseMachine.getLocalTarget(Z)Lcom/android/dx/rop/code/RegisterSpec; @ 70

Internal exceptions (2 events):
Event: 0.083 Thread 0x0000000002290800 Exception <a 'java/lang/NoSuchMethodError': Method sun.misc.Unsafe.defineClass(Ljava/lang/String;[BII)Ljava/lang/Class; name or signature does not match> (0x00000000eab07cc0) thrown at [D:\re\workspace\8-2-build-windows-amd64-cygwin\jdk8u77\6540\hotspot\sr~Dsá=µ?
Event: 0.083 Thread 0x0000000002290800 Exception <a 'java/lang/NoSuchMethodError': Method sun.misc.Unsafe.prefetchRead(Ljava/lang/Object;J)V name or signature does not match> (0x00000000eab07fa8) thrown at [D:\re\workspace\8-2-build-windows-amd64-cygwin\jdk8u77\6540\hotspot\src\share\vm\prims\j

Events (10 events):
Event: 1.198 Thread 0x0000000016f73000 DEOPT UNPACKING pc=0x00000000023d582a sp=0x0000000017efea08 mode 2
Event: 1.242 Thread 0x0000000016f73000 Uncommon trap: trap_request=0xffffff65 fr.pc=0x0000000002721fe0
Event: 1.242 Thread 0x0000000016f73000 DEOPT PACKING pc=0x0000000002721fe0 sp=0x0000000017efead0
Event: 1.242 Thread 0x0000000016f73000 DEOPT UNPACKING pc=0x00000000023d582a sp=0x0000000017efea88 mode 2
Event: 1.248 Thread 0x0000000016f73000 Uncommon trap: trap_request=0xffffffde fr.pc=0x0000000002799498
Event: 1.248 Thread 0x0000000016f73000 DEOPT PACKING pc=0x0000000002799498 sp=0x0000000017efe220
Event: 1.248 Thread 0x0000000016f73000 DEOPT UNPACKING pc=0x00000000023d582a sp=0x0000000017efe1b0 mode 2
Event: 1.248 Thread 0x0000000016f73000 Uncommon trap: trap_request=0xffffffde fr.pc=0x0000000002799498
Event: 1.248 Thread 0x0000000016f73000 DEOPT PACKING pc=0x0000000002799498 sp=0x0000000017efe270
Event: 1.248 Thread 0x0000000016f73000 DEOPT UNPACKING pc=0x00000000023d582a sp=0x0000000017efe200 mode 2


Dynamic libraries:
0x00007ff6eea00000 - 0x00007ff6eea37000 	C:\Program Files\Java\jdk1.8.0_77\bin\java.exe
0x00007ff9b4ef0000 - 0x00007ff9b509a000 	C:\WINDOWS\SYSTEM32\ntdll.dll
0x00007ff9b3020000 - 0x00007ff9b315a000 	C:\WINDOWS\system32\KERNEL32.DLL
0x00007ff9b2430000 - 0x00007ff9b253f000 	C:\WINDOWS\system32\KERNELBASE.dll
0x00007ff9b0dd0000 - 0x00007ff9b0e58000 	C:\WINDOWS\system32\apphelp.dll
0x00007ff9969c0000 - 0x00007ff996a0f000 	C:\WINDOWS\AppPatch\AppPatch64\AcGenral.DLL
0x00007ff9b2e20000 - 0x00007ff9b2ec7000 	C:\WINDOWS\system32\msvcrt.dll
0x00007ff9b2040000 - 0x00007ff9b206b000 	C:\WINDOWS\SYSTEM32\SspiCli.dll
0x00007ff9b4e90000 - 0x00007ff9b4ee1000 	C:\WINDOWS\system32\SHLWAPI.dll
0x00007ff9b2880000 - 0x00007ff9b29f1000 	C:\WINDOWS\system32\USER32.dll
0x00007ff9b2a00000 - 0x00007ff9b2b78000 	C:\WINDOWS\system32\ole32.dll
0x00007ff9b3930000 - 0x00007ff9b4d47000 	C:\WINDOWS\system32\SHELL32.dll
0x00007ff9b1b50000 - 0x00007ff9b1b6e000 	C:\WINDOWS\SYSTEM32\USERENV.dll
0x00007ff9b27d0000 - 0x00007ff9b2875000 	C:\WINDOWS\system32\ADVAPI32.dll
0x00007ff9a49a0000 - 0x00007ff9a49bb000 	C:\WINDOWS\SYSTEM32\MPR.dll
0x00007ff9b2ee0000 - 0x00007ff9b3016000 	C:\WINDOWS\system32\RPCRT4.dll
0x00007ff9b2b80000 - 0x00007ff9b2bd7000 	C:\WINDOWS\SYSTEM32\sechost.dll
0x00007ff9b32b0000 - 0x00007ff9b3486000 	C:\WINDOWS\SYSTEM32\combase.dll
0x00007ff9b3160000 - 0x00007ff9b32a5000 	C:\WINDOWS\system32\GDI32.dll
0x00007ff9b2260000 - 0x00007ff9b2274000 	C:\WINDOWS\SYSTEM32\profapi.dll
0x00007ff9b0e60000 - 0x00007ff9b0eff000 	C:\WINDOWS\SYSTEM32\SHCORE.dll
0x00007ff9b38d0000 - 0x00007ff9b3904000 	C:\WINDOWS\system32\IMM32.DLL
0x00007ff9b4d50000 - 0x00007ff9b4e89000 	C:\WINDOWS\system32\MSCTF.dll
0x00007ff9afe60000 - 0x00007ff9b00ba000 	C:\WINDOWS\WinSxS\amd64_microsoft.windows.common-controls_6595b64144ccf1df_6.0.9600.17031_none_6242a4b3ecbb55a1\COMCTL32.dll
0x000000006d0b0000 - 0x000000006d182000 	C:\Program Files\Java\jdk1.8.0_77\jre\bin\msvcr100.dll
0x000000006d610000 - 0x000000006dea0000 	C:\Program Files\Java\jdk1.8.0_77\jre\bin\server\jvm.dll
0x00007ff9a8e30000 - 0x00007ff9a8e39000 	C:\WINDOWS\SYSTEM32\WSOCK32.dll
0x00007ff9af1a0000 - 0x00007ff9af1bf000 	C:\WINDOWS\SYSTEM32\WINMM.dll
0x00007ff9b00c0000 - 0x00007ff9b00ca000 	C:\WINDOWS\SYSTEM32\VERSION.dll
0x00007ff9b3910000 - 0x00007ff9b3917000 	C:\WINDOWS\system32\PSAPI.DLL
0x00007ff9b3550000 - 0x00007ff9b35a8000 	C:\WINDOWS\system32\WS2_32.dll
0x00007ff9af170000 - 0x00007ff9af19a000 	C:\WINDOWS\SYSTEM32\WINMMBASE.dll
0x00007ff9b3920000 - 0x00007ff9b3929000 	C:\WINDOWS\system32\NSI.dll
0x00007ff9b2330000 - 0x00007ff9b237a000 	C:\WINDOWS\SYSTEM32\cfgmgr32.dll
0x00007ff9b10f0000 - 0x00007ff9b1116000 	C:\WINDOWS\SYSTEM32\DEVOBJ.dll
0x000000006d520000 - 0x000000006d52f000 	C:\Program Files\Java\jdk1.8.0_77\jre\bin\verify.dll
0x000000006d4f0000 - 0x000000006d519000 	C:\Program Files\Java\jdk1.8.0_77\jre\bin\java.dll
0x000000006d4d0000 - 0x000000006d4e6000 	C:\Program Files\Java\jdk1.8.0_77\jre\bin\zip.dll

VM Arguments:
jvm_args: -Djava.awt.headless=true -Xmx1024M -Dfile.encoding=windows-1252 -Duser.country=US -Duser.language=en -Duser.variant 
java_command: com.android.dx.command.Main --dex --force-jumbo --num-threads=4 --multi-dex --output C:\Users\Anto\AndroidStudioProjects\OverwatchRandomizer\app\build\intermediates\transforms\dex\debug\folders\1000\5\slice_6 C:\Users\Anto\AndroidStudioProjects\OverwatchRandomizer\app\build\intermediates\transforms\instantRunSlicer\debug\folders\1\5\slice_6
java_class_path (initial): C:\Users\Anto\AppData\Local\Android\sdk\build-tools\23.0.3\lib\dx.jar
Launcher Type: SUN_STANDARD

Environment Variables:
JAVA_HOME=C:\Program Files\Java\jdk1.8.0_77
PATH=C:\ProgramData\Oracle\Java\javapath;C:\Program Files (x86)\Intel\iCLS Client\;C:\Program Files\Intel\iCLS Client\;C:\WINDOWS\system32;C:\WINDOWS;C:\WINDOWS\System32\Wbem;C:\WINDOWS\System32\WindowsPowerShell\v1.0\;C:\Program Files (x86)\Windows Live\Shared;C:\Program Files\Intel\WiFi\bin\;C:\Program Files\Common Files\Intel\WirelessCommon\;C:\Program Files\Intel\Intel(R) Management Engine Components\DAL;C:\Program Files\Intel\Intel(R) Management Engine Components\IPT;C:\Program Files (x86)\Intel\Intel(R) Management Engine Components\DAL;C:\Program Files (x86)\Intel\Intel(R) Management Engine Components\IPT;C:\Program Files\apache-maven-3.3.3\bin;C:\Program Files (x86)\NVIDIA Corporation\PhysX\Common;C:\Program Files (x86)\Skype\Phone\
USERNAME=Anto
OS=Windows_NT
PROCESSOR_IDENTIFIER=Intel64 Family 6 Model 60 Stepping 3, GenuineIntel



---------------  S Y S T E M  ---------------

OS: Windows 8.1 , 64 bit Build 9600 (6.3.9600.17056)

CPU:total 8 (4 cores per cpu, 2 threads per core) family 6 model 60 stepping 3, cmov, cx8, fxsr, mmx, sse, sse2, sse3, ssse3, sse4.1, sse4.2, popcnt, avx, avx2, aes, clmul, erms, lzcnt, ht, tsc, tscinvbit, bmi1, bmi2

Memory: 4k page, physical 12498316k(2381016k free), swap 15644044k(5116k free)

vm_info: Java HotSpot(TM) 64-Bit Server VM (25.77-b03) for windows-amd64 JRE (1.8.0_77-b03), built on Mar 20 2016 22:01:33 by "java_re" with MS VC++ 10.0 (VS2010)

time: Sun May 29 18:39:25 2016
elapsed time: 1 seconds (0d 0h 0m 1s)

