#
# There is insufficient memory for the Java Runtime Environment to continue.
# Native memory allocation (malloc) failed to allocate 345616 bytes for Chunk::new
# Possible reasons:
#   The system is out of physical RAM or swap space
#   In 32 bit mode, the process size limit was hit
# Possible solutions:
#   Reduce memory load on the system
#   Increase physical memory or swap space
#   Check if swap backing store is full
#   Use 64 bit Java on a 64 bit OS
#   Decrease Java heap size (-Xmx/-Xms)
#   Decrease number of Java threads
#   Decrease Java thread stack sizes (-Xss)
#   Set larger code cache with -XX:ReservedCodeCacheSize=
# This output file may be truncated or incomplete.
#
#  Out of Memory Error (allocation.cpp:390), pid=1284, tid=16404
#
# JRE version: Java(TM) SE Runtime Environment (8.0_77-b03) (build 1.8.0_77-b03)
# Java VM: Java HotSpot(TM) 64-Bit Server VM (25.77-b03 mixed mode windows-amd64 compressed oops)
# Failed to write core dump. Minidumps are not enabled by default on client versions of Windows
#

---------------  T H R E A D  ---------------

Current thread (0x000000001753d000):  JavaThread "C2 CompilerThread1" daemon [_thread_in_native, id=16404, stack(0x0000000017e80000,0x0000000017f80000)]

Stack: [0x0000000017e80000,0x0000000017f80000]
[error occurred during error reporting (printing stack bounds), id 0xc0000005]

Native frames: (J=compiled Java code, j=interpreted, Vv=VM code, C=native code)


Current CompileTask:
C2:   6762 1975       4       com.android.dx.dex.code.RopTranslator::pickOrder (400 bytes)


---------------  P R O C E S S  ---------------

Java Threads: ( => current thread )
  0x00000000183bd000 JavaThread "pool-2-thread-4" [_thread_blocked, id=14056, stack(0x0000000018f80000,0x0000000019080000)]
  0x00000000183bc800 JavaThread "pool-2-thread-3" [_thread_blocked, id=6944, stack(0x0000000018e80000,0x0000000018f80000)]
  0x00000000183bc000 JavaThread "pool-2-thread-2" [_thread_blocked, id=15608, stack(0x0000000018d80000,0x0000000018e80000)]
  0x00000000177f7000 JavaThread "pool-3-thread-1" [_thread_blocked, id=14984, stack(0x0000000018c80000,0x0000000018d80000)]
  0x0000000018388800 JavaThread "pool-2-thread-1" [_thread_blocked, id=1116, stack(0x0000000018b80000,0x0000000018c80000)]
  0x00000000175cf800 JavaThread "Service Thread" daemon [_thread_blocked, id=7316, stack(0x0000000018180000,0x0000000018280000)]
  0x00000000175a4000 JavaThread "C1 CompilerThread3" daemon [_thread_blocked, id=14084, stack(0x0000000018080000,0x0000000018180000)]
  0x000000001757b000 JavaThread "C2 CompilerThread2" daemon [_thread_in_native, id=17160, stack(0x0000000017f80000,0x0000000018080000)]
=>0x000000001753d000 JavaThread "C2 CompilerThread1" daemon [_thread_in_native, id=16404, stack(0x0000000017e80000,0x0000000017f80000)]
  0x0000000017544800 JavaThread "C2 CompilerThread0" daemon [_thread_in_native, id=13432, stack(0x0000000017d80000,0x0000000017e80000)]
  0x0000000017542800 JavaThread "Attach Listener" daemon [_thread_blocked, id=12408, stack(0x0000000017c80000,0x0000000017d80000)]
  0x0000000017541800 JavaThread "Signal Dispatcher" daemon [_thread_blocked, id=9788, stack(0x0000000017b80000,0x0000000017c80000)]
  0x0000000002b2d800 JavaThread "Finalizer" daemon [_thread_blocked, id=11228, stack(0x0000000017910000,0x0000000017a10000)]
  0x0000000002b24000 JavaThread "Reference Handler" daemon [_thread_blocked, id=1932, stack(0x0000000017410000,0x0000000017510000)]
  0x0000000002a30800 JavaThread "main" [_thread_blocked, id=5744, stack(0x0000000002860000,0x0000000002960000)]

Other Threads:
  0x0000000015649800 VMThread [stack: 0x0000000017310000,0x0000000017410000] [id=15980]
  0x00000000175d2000 WatcherThread [stack: 0x0000000018280000,0x0000000018380000] [id=15868]

VM state:not at safepoint (normal execution)

VM Mutex/Monitor currently owned by a thread: None

Heap:
 PSYoungGen      total 106496K, used 87046K [0x00000000eab00000, 0x00000000f1b00000, 0x0000000100000000)
  eden space 98304K, 80% used [0x00000000eab00000,0x00000000ef802170,0x00000000f0b00000)
  from space 8192K, 99% used [0x00000000f1300000,0x00000000f1affa20,0x00000000f1b00000)
  to   space 8192K, 0% used [0x00000000f0b00000,0x00000000f0b00000,0x00000000f1300000)
 ParOldGen       total 131072K, used 5584K [0x00000000c0000000, 0x00000000c8000000, 0x00000000eab00000)
  object space 131072K, 4% used [0x00000000c0000000,0x00000000c05741d8,0x00000000c8000000)
 Metaspace       used 6332K, capacity 7154K, committed 7296K, reserved 1056768K
  class space    used 604K, capacity 618K, committed 640K, reserved 1048576K

Card table byte_map: [0x0000000011ef0000,0x0000000012100000] byte_map_base: 0x00000000118f0000

Marking Bits: (ParMarkBitMap*) 0x000000006de20600
 Begin Bits: [0x0000000012a60000, 0x0000000013a60000)
 End Bits:   [0x0000000013a60000, 0x0000000014a60000)

Polling page: 0x0000000001030000

CodeCache: size=245760Kb used=8869Kb max_used=8875Kb free=236890Kb
 bounds [0x0000000002b30000, 0x00000000033f0000, 0x0000000011b30000]
 total_blobs=2178 nmethods=1908 adapters=182
 compilation: enabled

Compilation events (10 events):
Event: 6.737 Thread 0x000000001753d000 nmethod 1969 0x00000000033dfd10 code [0x00000000033dff80, 0x00000000033e2410]
Event: 6.738 Thread 0x000000001753d000 1975       4       com.android.dx.dex.code.RopTranslator::pickOrder (400 bytes)
Event: 6.739 Thread 0x00000000175a4000 1984       3       com.android.dx.cf.direct.DirectClassFile::getMethods (9 bytes)
Event: 6.739 Thread 0x00000000175a4000 nmethod 1984 0x00000000033cd450 code [0x00000000033cd5c0, 0x00000000033cd808]
Event: 6.739 Thread 0x00000000175a4000 1982       3       java.util.concurrent.ThreadPoolExecutor::execute (132 bytes)
Event: 6.740 Thread 0x00000000175a4000 nmethod 1982 0x00000000033a1c10 code [0x00000000033a1e60, 0x00000000033a2dc8]
Event: 6.744 Thread 0x00000000175a4000 1987       3       java.util.concurrent.FutureTask::finishCompletion (74 bytes)
Event: 6.745 Thread 0x00000000175a4000 nmethod 1987 0x00000000033a12d0 code [0x00000000033a1480, 0x00000000033a1a28]
Event: 6.745 Thread 0x00000000175a4000 1988       3       java.util.concurrent.FutureTask::done (1 bytes)
Event: 6.745 Thread 0x00000000175a4000 nmethod 1988 0x000000000339c3d0 code [0x000000000339c520, 0x000000000339c670]

GC Heap History (4 events):
Event: 2.041 GC heap before
{Heap before GC invocations=1 (full 0):
 PSYoungGen      total 57344K, used 49152K [0x00000000eab00000, 0x00000000eeb00000, 0x0000000100000000)
  eden space 49152K, 100% used [0x00000000eab00000,0x00000000edb00000,0x00000000edb00000)
  from space 8192K, 0% used [0x00000000ee300000,0x00000000ee300000,0x00000000eeb00000)
  to   space 8192K, 0% used [0x00000000edb00000,0x00000000edb00000,0x00000000ee300000)
 ParOldGen       total 131072K, used 0K [0x00000000c0000000, 0x00000000c8000000, 0x00000000eab00000)
  object space 131072K, 0% used [0x00000000c0000000,0x00000000c0000000,0x00000000c8000000)
 Metaspace       used 6122K, capacity 7026K, committed 7296K, reserved 1056768K
  class space    used 602K, capacity 618K, committed 640K, reserved 1048576K
Event: 2.080 GC heap after
Heap after GC invocations=1 (full 0):
 PSYoungGen      total 57344K, used 7971K [0x00000000eab00000, 0x00000000f1b00000, 0x0000000100000000)
  eden space 49152K, 0% used [0x00000000eab00000,0x00000000eab00000,0x00000000edb00000)
  from space 8192K, 97% used [0x00000000edb00000,0x00000000ee2c8eb0,0x00000000ee300000)
  to   space 8192K, 0% used [0x00000000f1300000,0x00000000f1300000,0x00000000f1b00000)
 ParOldGen       total 131072K, used 16K [0x00000000c0000000, 0x00000000c8000000, 0x00000000eab00000)
  object space 131072K, 0% used [0x00000000c0000000,0x00000000c0004000,0x00000000c8000000)
 Metaspace       used 6122K, capacity 7026K, committed 7296K, reserved 1056768K
  class space    used 602K, capacity 618K, committed 640K, reserved 1048576K
}
Event: 2.944 GC heap before
{Heap before GC invocations=2 (full 0):
 PSYoungGen      total 57344K, used 57123K [0x00000000eab00000, 0x00000000f1b00000, 0x0000000100000000)
  eden space 49152K, 100% used [0x00000000eab00000,0x00000000edb00000,0x00000000edb00000)
  from space 8192K, 97% used [0x00000000edb00000,0x00000000ee2c8eb0,0x00000000ee300000)
  to   space 8192K, 0% used [0x00000000f1300000,0x00000000f1300000,0x00000000f1b00000)
 ParOldGen       total 131072K, used 16K [0x00000000c0000000, 0x00000000c8000000, 0x00000000eab00000)
  object space 131072K, 0% used [0x00000000c0000000,0x00000000c0004000,0x00000000c8000000)
 Metaspace       used 6257K, capacity 7090K, committed 7296K, reserved 1056768K
  class space    used 603K, capacity 618K, committed 640K, reserved 1048576K
Event: 3.117 GC heap after
Heap after GC invocations=2 (full 0):
 PSYoungGen      total 106496K, used 8190K [0x00000000eab00000, 0x00000000f1b00000, 0x0000000100000000)
  eden space 98304K, 0% used [0x00000000eab00000,0x00000000eab00000,0x00000000f0b00000)
  from space 8192K, 99% used [0x00000000f1300000,0x00000000f1affa20,0x00000000f1b00000)
  to   space 8192K, 0% used [0x00000000f0b00000,0x00000000f0b00000,0x00000000f1300000)
 ParOldGen       total 131072K, used 5584K [0x00000000c0000000, 0x00000000c8000000, 0x00000000eab00000)
  object space 131072K, 4% used [0x00000000c0000000,0x00000000c05741d8,0x00000000c8000000)
 Metaspace       used 6257K, capacity 7090K, committed 7296K, reserved 1056768K
  class space    used 603K, capacity 618K, committed 640K, reserved 1048576K
}

Deoptimization events (10 events):
Event: 2.753 Thread 0x00000000183bd000 Uncommon trap: reason=bimorphic action=maybe_recompile pc=0x0000000002d842ec method=java.util.HashMap.getNode(ILjava/lang/Object;)Ljava/util/HashMap$Node; @ 126
Event: 2.753 Thread 0x00000000183bd000 Uncommon trap: reason=class_check action=maybe_recompile pc=0x000000000302f044 method=java.util.HashMap.putVal(ILjava/lang/Object;Ljava/lang/Object;ZZ)Ljava/lang/Object; @ 203
Event: 2.753 Thread 0x00000000183bd000 Uncommon trap: reason=bimorphic action=maybe_recompile pc=0x0000000002e37828 method=java.util.HashMap.getNode(ILjava/lang/Object;)Ljava/util/HashMap$Node; @ 126
Event: 2.790 Thread 0x00000000183bd000 Uncommon trap: reason=unstable_if action=reinterpret pc=0x00000000031795b4 method=com.android.dx.ssa.SsaRenamer$BlockRenamer.visitMoveInsn(Lcom/android/dx/ssa/NormalSsaInsn;)V @ 104
Event: 3.286 Thread 0x00000000183bc800 Uncommon trap: reason=unstable_if action=reinterpret pc=0x0000000002e61704 method=com.android.dx.rop.code.RegisterSpec.equals(ILcom/android/dx/rop/type/TypeBearer;Lcom/android/dx/rop/code/LocalItem;)Z @ 42
Event: 3.319 Thread 0x00000000183bc800 Uncommon trap: reason=bimorphic action=maybe_recompile pc=0x00000000032374a8 method=com.android.dx.cf.code.BytecodeArray.parseInstruction(ILcom/android/dx/cf/code/BytecodeArray$Visitor;)I @ 1501
Event: 3.320 Thread 0x00000000183bc800 Uncommon trap: reason=bimorphic action=maybe_recompile pc=0x00000000032374a8 method=com.android.dx.cf.code.BytecodeArray.parseInstruction(ILcom/android/dx/cf/code/BytecodeArray$Visitor;)I @ 1501
Event: 4.896 Thread 0x00000000183bd000 Uncommon trap: reason=bimorphic action=maybe_recompile pc=0x00000000032f402c method=com.android.dx.cf.code.BytecodeArray.parseInstruction(ILcom/android/dx/cf/code/BytecodeArray$Visitor;)I @ 1130
Event: 4.897 Thread 0x00000000183bd000 Uncommon trap: reason=bimorphic action=maybe_recompile pc=0x00000000032f402c method=com.android.dx.cf.code.BytecodeArray.parseInstruction(ILcom/android/dx/cf/code/BytecodeArray$Visitor;)I @ 1130
Event: 5.891 Thread 0x00000000183bd000 Uncommon trap: reason=unstable_if action=reinterpret pc=0x00000000032cbee4 method=com.android.dx.cf.code.Ropper.isSynchronized()Z @ 12

Internal exceptions (3 events):
Event: 0.074 Thread 0x0000000002a30800 Exception <a 'java/lang/NoSuchMethodError': Method sun.misc.Unsafe.defineClass(Ljava/lang/String;[BII)Ljava/lang/Class; name or signature does not match> (0x00000000eab07cc0) thrown at [D:\re\workspace\8-2-build-windows-amd64-cygwin\jdk8u77\6540\hotspot\sr š@çâ³?
Event: 0.075 Thread 0x0000000002a30800 Exception <a 'java/lang/NoSuchMethodError': Method sun.misc.Unsafe.prefetchRead(Ljava/lang/Object;J)V name or signature does not match> (0x00000000eab07fa8) thrown at [D:\re\workspace\8-2-build-windows-amd64-cygwin\jdk8u77\6540\hotspot\src\share\vm\prims\jU’®¬ë›ù?
Event: 1.601 Thread 0x00000000183bc800 Implicit null exception at 0x0000000002e82822 to 0x0000000002e82929

Events (10 events):
Event: 4.897 Thread 0x00000000183bd000 Uncommon trap: trap_request=0xffffffc6 fr.pc=0x00000000032f402c
Event: 4.897 Thread 0x00000000183bd000 DEOPT PACKING pc=0x00000000032f402c sp=0x000000001907e1b0
Event: 4.897 Thread 0x00000000183bd000 DEOPT UNPACKING pc=0x0000000002b7582a sp=0x000000001907e188 mode 2
Event: 4.980 loading class com/android/dx/rop/code/RegisterSpec$1
Event: 4.981 loading class com/android/dx/rop/code/RegisterSpec$1 done
Event: 5.891 Thread 0x00000000183bd000 Uncommon trap: trap_request=0xffffff65 fr.pc=0x00000000032cbee4
Event: 5.891 Thread 0x00000000183bd000 DEOPT PACKING pc=0x00000000032cbee4 sp=0x000000001907e0a0
Event: 5.891 Thread 0x00000000183bd000 DEOPT UNPACKING pc=0x0000000002b7582a sp=0x000000001907df88 mode 2
Event: 6.090 Thread 0x00000000183bc000 DEOPT PACKING pc=0x0000000002efc393 sp=0x0000000018e7ec30
Event: 6.090 Thread 0x00000000183bc000 DEOPT UNPACKING pc=0x0000000002b7787f sp=0x0000000018e7ea40 mode 0


Dynamic libraries:
0x00007ff6eea00000 - 0x00007ff6eea37000 	C:\Program Files\Java\jdk1.8.0_77\bin\java.exe
0x00007ff9b4ef0000 - 0x00007ff9b509a000 	C:\WINDOWS\SYSTEM32\ntdll.dll
0x00007ff9b3020000 - 0x00007ff9b315a000 	C:\WINDOWS\system32\KERNEL32.DLL
0x00007ff9b2430000 - 0x00007ff9b253f000 	C:\WINDOWS\system32\KERNELBASE.dll
0x00007ff9b0dd0000 - 0x00007ff9b0e58000 	C:\WINDOWS\system32\apphelp.dll
0x00007ff996f90000 - 0x00007ff996fdf000 	C:\WINDOWS\AppPatch\AppPatch64\AcGenral.DLL
0x00007ff9b2e20000 - 0x00007ff9b2ec7000 	C:\WINDOWS\system32\msvcrt.dll
0x00007ff9b2040000 - 0x00007ff9b206b000 	C:\WINDOWS\SYSTEM32\SspiCli.dll
0x00007ff9b4e90000 - 0x00007ff9b4ee1000 	C:\WINDOWS\system32\SHLWAPI.dll
0x00007ff9b2880000 - 0x00007ff9b29f1000 	C:\WINDOWS\system32\USER32.dll
0x00007ff9b2a00000 - 0x00007ff9b2b78000 	C:\WINDOWS\system32\ole32.dll
0x00007ff9b3930000 - 0x00007ff9b4d47000 	C:\WINDOWS\system32\SHELL32.dll
0x00007ff9b1b50000 - 0x00007ff9b1b6e000 	C:\WINDOWS\SYSTEM32\USERENV.dll
0x00007ff9b27d0000 - 0x00007ff9b2875000 	C:\WINDOWS\system32\ADVAPI32.dll
0x00007ff9a49a0000 - 0x00007ff9a49bb000 	C:\WINDOWS\SYSTEM32\MPR.dll
0x00007ff9b2ee0000 - 0x00007ff9b3016000 	C:\WINDOWS\system32\RPCRT4.dll
0x00007ff9b2b80000 - 0x00007ff9b2bd7000 	C:\WINDOWS\SYSTEM32\sechost.dll
0x00007ff9b32b0000 - 0x00007ff9b3486000 	C:\WINDOWS\SYSTEM32\combase.dll
0x00007ff9b3160000 - 0x00007ff9b32a5000 	C:\WINDOWS\system32\GDI32.dll
0x00007ff9b2260000 - 0x00007ff9b2274000 	C:\WINDOWS\SYSTEM32\profapi.dll
0x00007ff9b0e60000 - 0x00007ff9b0eff000 	C:\WINDOWS\SYSTEM32\SHCORE.dll
0x00007ff9b38d0000 - 0x00007ff9b3904000 	C:\WINDOWS\system32\IMM32.DLL
0x00007ff9b4d50000 - 0x00007ff9b4e89000 	C:\WINDOWS\system32\MSCTF.dll
0x00007ff9afe60000 - 0x00007ff9b00ba000 	C:\WINDOWS\WinSxS\amd64_microsoft.windows.common-controls_6595b64144ccf1df_6.0.9600.17031_none_6242a4b3ecbb55a1\COMCTL32.dll
0x000000006d0b0000 - 0x000000006d182000 	C:\Program Files\Java\jdk1.8.0_77\jre\bin\msvcr100.dll
0x000000006d610000 - 0x000000006dea0000 	C:\Program Files\Java\jdk1.8.0_77\jre\bin\server\jvm.dll
0x00007ff9a8e30000 - 0x00007ff9a8e39000 	C:\WINDOWS\SYSTEM32\WSOCK32.dll
0x00007ff9af1a0000 - 0x00007ff9af1bf000 	C:\WINDOWS\SYSTEM32\WINMM.dll
0x00007ff9b00c0000 - 0x00007ff9b00ca000 	C:\WINDOWS\SYSTEM32\VERSION.dll
0x00007ff9b3910000 - 0x00007ff9b3917000 	C:\WINDOWS\system32\PSAPI.DLL
0x00007ff9b3550000 - 0x00007ff9b35a8000 	C:\WINDOWS\system32\WS2_32.dll
0x00007ff9af170000 - 0x00007ff9af19a000 	C:\WINDOWS\SYSTEM32\WINMMBASE.dll
0x00007ff9b3920000 - 0x00007ff9b3929000 	C:\WINDOWS\system32\NSI.dll
0x00007ff9b2330000 - 0x00007ff9b237a000 	C:\WINDOWS\SYSTEM32\cfgmgr32.dll
0x00007ff9b10f0000 - 0x00007ff9b1116000 	C:\WINDOWS\SYSTEM32\DEVOBJ.dll
0x000000006d520000 - 0x000000006d52f000 	C:\Program Files\Java\jdk1.8.0_77\jre\bin\verify.dll
0x000000006d4f0000 - 0x000000006d519000 	C:\Program Files\Java\jdk1.8.0_77\jre\bin\java.dll
0x000000006d4d0000 - 0x000000006d4e6000 	C:\Program Files\Java\jdk1.8.0_77\jre\bin\zip.dll

VM Arguments:
jvm_args: -Djava.awt.headless=true -Xmx1024M -Dfile.encoding=windows-1252 -Duser.country=US -Duser.language=en -Duser.variant 
java_command: com.android.dx.command.Main --dex --force-jumbo --num-threads=4 --multi-dex --output C:\Users\Anto\AndroidStudioProjects\OverwatchRandomizer\app\build\intermediates\transforms\dex\debug\folders\1000\10\com.android.support-support-v4-23.4.0_51ad55c68562e4f7a8698501daa4bdc38c7c449b C:\Users\Anto\AndroidStudioProjects\OverwatchRandomizer\app\build\intermediates\exploded-aar\com.android.support\support-v4\23.4.0\jars\classes.jar
java_class_path (initial): C:\Users\Anto\AppData\Local\Android\sdk\build-tools\23.0.3\lib\dx.jar
Launcher Type: SUN_STANDARD

Environment Variables:
JAVA_HOME=C:\Program Files\Java\jdk1.8.0_77
PATH=C:\ProgramData\Oracle\Java\javapath;C:\Program Files (x86)\Intel\iCLS Client\;C:\Program Files\Intel\iCLS Client\;C:\WINDOWS\system32;C:\WINDOWS;C:\WINDOWS\System32\Wbem;C:\WINDOWS\System32\WindowsPowerShell\v1.0\;C:\Program Files (x86)\Windows Live\Shared;C:\Program Files\Intel\WiFi\bin\;C:\Program Files\Common Files\Intel\WirelessCommon\;C:\Program Files\Intel\Intel(R) Management Engine Components\DAL;C:\Program Files\Intel\Intel(R) Management Engine Components\IPT;C:\Program Files (x86)\Intel\Intel(R) Management Engine Components\DAL;C:\Program Files (x86)\Intel\Intel(R) Management Engine Components\IPT;C:\Program Files\apache-maven-3.3.3\bin;C:\Program Files (x86)\NVIDIA Corporation\PhysX\Common;C:\Program Files (x86)\Skype\Phone\
USERNAME=Anto
OS=Windows_NT
PROCESSOR_IDENTIFIER=Intel64 Family 6 Model 60 Stepping 3, GenuineIntel



---------------  S Y S T E M  ---------------

OS: Windows 8.1 , 64 bit Build 9600 (6.3.9600.17056)

CPU:total 8 (4 cores per cpu, 2 threads per core) family 6 model 60 stepping 3, cmov, cx8, fxsr, mmx, sse, sse2, sse3, ssse3, sse4.1, sse4.2, popcnt, avx, avx2, aes, clmul, erms, lzcnt, ht, tsc, tscinvbit, bmi1, bmi2

Memory: 4k page, physical 12498316k(2038196k free), swap 15644044k(4896k free)

vm_info: Java HotSpot(TM) 64-Bit Server VM (25.77-b03) for windows-amd64 JRE (1.8.0_77-b03), built on Mar 20 2016 22:01:33 by "java_re" with MS VC++ 10.0 (VS2010)

time: Mon May 30 21:34:52 2016
elapsed time: 6 seconds (0d 0h 0m 6s)

