#
# There is insufficient memory for the Java Runtime Environment to continue.
# Native memory allocation (malloc) failed to allocate 262160 bytes for Chunk::new
# Possible reasons:
#   The system is out of physical RAM or swap space
#   In 32 bit mode, the process size limit was hit
# Possible solutions:
#   Reduce memory load on the system
#   Increase physical memory or swap space
#   Check if swap backing store is full
#   Use 64 bit Java on a 64 bit OS
#   Decrease Java heap size (-Xmx/-Xms)
#   Decrease number of Java threads
#   Decrease Java thread stack sizes (-Xss)
#   Set larger code cache with -XX:ReservedCodeCacheSize=
# This output file may be truncated or incomplete.
#
#  Out of Memory Error (allocation.cpp:390), pid=15624, tid=13008
#
# JRE version: Java(TM) SE Runtime Environment (8.0_77-b03) (build 1.8.0_77-b03)
# Java VM: Java HotSpot(TM) 64-Bit Server VM (25.77-b03 mixed mode windows-amd64 compressed oops)
# Failed to write core dump. Minidumps are not enabled by default on client versions of Windows
#

---------------  T H R E A D  ---------------

Current thread (0x0000000016f16800):  JavaThread "C2 CompilerThread1" daemon [_thread_in_native, id=13008, stack(0x0000000017850000,0x0000000017950000)]

Stack: [0x0000000017850000,0x0000000017950000]
[error occurred during error reporting (printing stack bounds), id 0xc0000005]

Native frames: (J=compiled Java code, j=interpreted, Vv=VM code, C=native code)


Current CompileTask:
C2:    763  890   !   4       com.android.dx.cf.code.BytecodeArray::parseInstruction (2764 bytes)


---------------  P R O C E S S  ---------------

Java Threads: ( => current thread )
  0x00000000171dc000 JavaThread "pool-2-thread-4" [_thread_in_Java, id=14688, stack(0x0000000018150000,0x0000000018250000)]
  0x00000000171cd000 JavaThread "pool-2-thread-3" [_thread_in_Java, id=16388, stack(0x0000000018050000,0x0000000018150000)]
  0x00000000170d0000 JavaThread "pool-2-thread-2" [_thread_in_Java, id=12728, stack(0x0000000017f50000,0x0000000018050000)]
  0x00000000170b2000 JavaThread "pool-3-thread-1" [_thread_blocked, id=10620, stack(0x0000000017e50000,0x0000000017f50000)]
  0x00000000170b1800 JavaThread "pool-2-thread-1" [_thread_in_Java, id=2120, stack(0x0000000017d50000,0x0000000017e50000)]
  0x0000000016f54800 JavaThread "Service Thread" daemon [_thread_blocked, id=12976, stack(0x0000000017b50000,0x0000000017c50000)]
  0x0000000016f1c000 JavaThread "C1 CompilerThread3" daemon [_thread_in_native, id=2688, stack(0x0000000017a50000,0x0000000017b50000)]
  0x0000000016f19000 JavaThread "C2 CompilerThread2" daemon [_thread_in_native, id=8296, stack(0x0000000017950000,0x0000000017a50000)]
=>0x0000000016f16800 JavaThread "C2 CompilerThread1" daemon [_thread_in_native, id=13008, stack(0x0000000017850000,0x0000000017950000)]
  0x0000000016f14800 JavaThread "C2 CompilerThread0" daemon [_thread_in_native, id=11352, stack(0x0000000017750000,0x0000000017850000)]
  0x0000000016f12800 JavaThread "Attach Listener" daemon [_thread_blocked, id=8900, stack(0x0000000017650000,0x0000000017750000)]
  0x0000000016f11800 JavaThread "Signal Dispatcher" daemon [_thread_blocked, id=14572, stack(0x0000000017550000,0x0000000017650000)]
  0x00000000024fe000 JavaThread "Finalizer" daemon [_thread_blocked, id=7572, stack(0x00000000172e0000,0x00000000173e0000)]
  0x00000000024f5000 JavaThread "Reference Handler" daemon [_thread_blocked, id=14500, stack(0x0000000016de0000,0x0000000016ee0000)]
  0x0000000002400800 JavaThread "main" [_thread_blocked, id=12356, stack(0x0000000002300000,0x0000000002400000)]

Other Threads:
  0x0000000015019800 VMThread [stack: 0x0000000016ce0000,0x0000000016de0000] [id=15236]
  0x0000000016f57000 WatcherThread [stack: 0x0000000017c50000,0x0000000017d50000] [id=13488]

VM state:not at safepoint (normal execution)

VM Mutex/Monitor currently owned by a thread: None

Heap:
 PSYoungGen      total 57344K, used 31477K [0x00000000eab00000, 0x00000000eeb00000, 0x0000000100000000)
  eden space 49152K, 64% used [0x00000000eab00000,0x00000000ec9bd568,0x00000000edb00000)
  from space 8192K, 0% used [0x00000000ee300000,0x00000000ee300000,0x00000000eeb00000)
  to   space 8192K, 0% used [0x00000000edb00000,0x00000000edb00000,0x00000000ee300000)
 ParOldGen       total 131072K, used 0K [0x00000000c0000000, 0x00000000c8000000, 0x00000000eab00000)
  object space 131072K, 0% used [0x00000000c0000000,0x00000000c0000000,0x00000000c8000000)
 Metaspace       used 5664K, capacity 6832K, committed 7040K, reserved 1056768K
  class space    used 579K, capacity 616K, committed 640K, reserved 1048576K

Card table byte_map: [0x00000000118c0000,0x0000000011ad0000] byte_map_base: 0x00000000112c0000

Marking Bits: (ParMarkBitMap*) 0x000000006de20600
 Begin Bits: [0x0000000012430000, 0x0000000013430000)
 End Bits:   [0x0000000013430000, 0x0000000014430000)

Polling page: 0x0000000002200000

CodeCache: size=245760Kb used=4153Kb max_used=4153Kb free=241606Kb
 bounds [0x0000000002500000, 0x0000000002920000, 0x0000000011500000]
 total_blobs=1289 nmethods=1028 adapters=174
 compilation: enabled

Compilation events (10 events):
Event: 0.759 Thread 0x0000000016f1c000 nmethod 1034 0x000000000290e550 code [0x000000000290e6e0, 0x000000000290ec98]
Event: 0.759 Thread 0x0000000016f1c000 1026       3       com.android.dx.rop.type.Type::<init> (84 bytes)
Event: 0.760 Thread 0x0000000016f1c000 nmethod 1026 0x000000000290ee90 code [0x000000000290f040, 0x000000000290f568]
Event: 0.760 Thread 0x0000000016f1c000 1027   !   3       com.android.dx.rop.type.Type::putIntern (50 bytes)
Event: 0.760 Thread 0x0000000016f1c000 nmethod 1027 0x000000000290f750 code [0x000000000290f940, 0x0000000002910418]
Event: 0.760 Thread 0x0000000016f1c000 1035       3       com.android.dx.ssa.SsaMethod::mapRegisters (87 bytes)
Event: 0.761 Thread 0x0000000016f1c000 nmethod 1035 0x0000000002910950 code [0x0000000002910bc0, 0x0000000002911d28]
Event: 0.761 Thread 0x0000000016f1c000 1036       3       com.android.dx.rop.code.Insn$BaseVisitor::visitThrowingCstInsn (1 bytes)
Event: 0.761 Thread 0x0000000016f1c000 nmethod 1036 0x00000000028f8f90 code [0x00000000028f90e0, 0x00000000028f9230]
Event: 0.761 Thread 0x0000000016f1c000 1037       3       com.android.dx.dex.code.RopTranslator$LocalVariableAwareTranslationVisitor::visitThrowingCstInsn (11 bytes)

GC Heap History (0 events):
No events

Deoptimization events (8 events):
Event: 0.334 Thread 0x00000000171dc000 Uncommon trap: reason=unstable_if action=reinterpret pc=0x000000000271f938 method=java.util.HashMap.getNode(ILjava/lang/Object;)Ljava/util/HashMap$Node; @ 62
Event: 0.571 Thread 0x00000000171cd000 Uncommon trap: reason=unstable_if action=reinterpret pc=0x000000000277ef84 method=java.util.HashMap.getNode(ILjava/lang/Object;)Ljava/util/HashMap$Node; @ 129
Event: 0.619 Thread 0x00000000170b1800 Uncommon trap: reason=class_check action=maybe_recompile pc=0x00000000027db7b8 method=com.android.dx.rop.type.Type.equals(Ljava/lang/Object;)Z @ 8
Event: 0.620 Thread 0x00000000170b1800 Uncommon trap: reason=unstable_if action=reinterpret pc=0x00000000027cbcc4 method=com.android.dx.rop.code.RegisterSpec.equals(ILcom/android/dx/rop/type/TypeBearer;Lcom/android/dx/rop/code/LocalItem;)Z @ 16
Event: 0.620 Thread 0x00000000170b1800 Uncommon trap: reason=unstable_if action=reinterpret pc=0x00000000027c3224 method=com.android.dx.rop.code.RegisterSpec.equals(ILcom/android/dx/rop/type/TypeBearer;Lcom/android/dx/rop/code/LocalItem;)Z @ 16
Event: 0.620 Thread 0x00000000170b1800 Uncommon trap: reason=class_check action=maybe_recompile pc=0x00000000027db7b8 method=com.android.dx.rop.type.Type.equals(Ljava/lang/Object;)Z @ 8
Event: 0.631 Thread 0x00000000170b1800 Uncommon trap: reason=class_check action=maybe_recompile pc=0x00000000027db7b8 method=com.android.dx.rop.type.Type.equals(Ljava/lang/Object;)Z @ 8
Event: 0.631 Thread 0x00000000170b1800 Uncommon trap: reason=class_check action=maybe_recompile pc=0x00000000027db7b8 method=com.android.dx.rop.type.Type.equals(Ljava/lang/Object;)Z @ 8

Internal exceptions (2 events):
Event: 0.036 Thread 0x0000000002400800 Exception <a 'java/lang/NoSuchMethodError': Method sun.misc.Unsafe.defineClass(Ljava/lang/String;[BII)Ljava/lang/Class; name or signature does not match> (0x00000000eab07cc0) thrown at [D:\re\workspace\8-2-build-windows-amd64-cygwin\jdk8u77\6540\hotspot\sr‘ëìFl¢?
Event: 0.036 Thread 0x0000000002400800 Exception <a 'java/lang/NoSuchMethodError': Method sun.misc.Unsafe.prefetchRead(Ljava/lang/Object;J)V name or signature does not match> (0x00000000eab07fa8) thrown at [D:\re\workspace\8-2-build-windows-amd64-cygwin\jdk8u77\6540\hotspot\src\share\vm\prims\j

Events (10 events):
Event: 0.707 Thread 0x00000000171cd000 DEOPT PACKING pc=0x00000000026f4f0a sp=0x000000001814e720
Event: 0.707 Thread 0x00000000171cd000 DEOPT UNPACKING pc=0x000000000254787f sp=0x000000001814e488 mode 0
Event: 0.708 Thread 0x00000000170b1800 DEOPT PACKING pc=0x00000000026f4f0a sp=0x0000000017e4e710
Event: 0.708 Thread 0x00000000171cd000 DEOPT PACKING pc=0x00000000026f4f0a sp=0x000000001814e720
Event: 0.708 Thread 0x00000000170b1800 DEOPT UNPACKING pc=0x000000000254787f sp=0x0000000017e4e478 mode 0
Event: 0.708 Thread 0x00000000171cd000 DEOPT UNPACKING pc=0x000000000254787f sp=0x000000001814e488 mode 0
Event: 0.708 Thread 0x00000000170b1800 DEOPT PACKING pc=0x00000000026f4f0a sp=0x0000000017e4e710
Event: 0.708 Thread 0x00000000171cd000 DEOPT PACKING pc=0x00000000026f4f0a sp=0x000000001814e720
Event: 0.708 Thread 0x00000000170b1800 DEOPT UNPACKING pc=0x000000000254787f sp=0x0000000017e4e478 mode 0
Event: 0.708 Thread 0x00000000171cd000 DEOPT UNPACKING pc=0x000000000254787f sp=0x000000001814e488 mode 0


Dynamic libraries:
0x00007ff6eea00000 - 0x00007ff6eea37000 	C:\Program Files\Java\jdk1.8.0_77\bin\java.exe
0x00007ff9b4ef0000 - 0x00007ff9b509a000 	C:\WINDOWS\SYSTEM32\ntdll.dll
0x00007ff9b3020000 - 0x00007ff9b315a000 	C:\WINDOWS\system32\KERNEL32.DLL
0x00007ff9b2430000 - 0x00007ff9b253f000 	C:\WINDOWS\system32\KERNELBASE.dll
0x00007ff9b0dd0000 - 0x00007ff9b0e58000 	C:\WINDOWS\system32\apphelp.dll
0x00007ff995240000 - 0x00007ff99528f000 	C:\WINDOWS\AppPatch\AppPatch64\AcGenral.DLL
0x00007ff9b2e20000 - 0x00007ff9b2ec7000 	C:\WINDOWS\system32\msvcrt.dll
0x00007ff9b2040000 - 0x00007ff9b206b000 	C:\WINDOWS\SYSTEM32\SspiCli.dll
0x00007ff9b4e90000 - 0x00007ff9b4ee1000 	C:\WINDOWS\system32\SHLWAPI.dll
0x00007ff9b2880000 - 0x00007ff9b29f1000 	C:\WINDOWS\system32\USER32.dll
0x00007ff9b2a00000 - 0x00007ff9b2b78000 	C:\WINDOWS\system32\ole32.dll
0x00007ff9b3930000 - 0x00007ff9b4d47000 	C:\WINDOWS\system32\SHELL32.dll
0x00007ff9b1b50000 - 0x00007ff9b1b6e000 	C:\WINDOWS\SYSTEM32\USERENV.dll
0x00007ff9b27d0000 - 0x00007ff9b2875000 	C:\WINDOWS\system32\ADVAPI32.dll
0x00007ff9a49a0000 - 0x00007ff9a49bb000 	C:\WINDOWS\SYSTEM32\MPR.dll
0x00007ff9b2ee0000 - 0x00007ff9b3016000 	C:\WINDOWS\system32\RPCRT4.dll
0x00007ff9b2b80000 - 0x00007ff9b2bd7000 	C:\WINDOWS\SYSTEM32\sechost.dll
0x00007ff9b32b0000 - 0x00007ff9b3486000 	C:\WINDOWS\SYSTEM32\combase.dll
0x00007ff9b3160000 - 0x00007ff9b32a5000 	C:\WINDOWS\system32\GDI32.dll
0x00007ff9b2260000 - 0x00007ff9b2274000 	C:\WINDOWS\SYSTEM32\profapi.dll
0x00007ff9b0e60000 - 0x00007ff9b0eff000 	C:\WINDOWS\SYSTEM32\SHCORE.dll
0x00007ff9b38d0000 - 0x00007ff9b3904000 	C:\WINDOWS\system32\IMM32.DLL
0x00007ff9b4d50000 - 0x00007ff9b4e89000 	C:\WINDOWS\system32\MSCTF.dll
0x00007ff9afe60000 - 0x00007ff9b00ba000 	C:\WINDOWS\WinSxS\amd64_microsoft.windows.common-controls_6595b64144ccf1df_6.0.9600.17031_none_6242a4b3ecbb55a1\COMCTL32.dll
0x000000006d070000 - 0x000000006d142000 	C:\Program Files\Java\jdk1.8.0_77\jre\bin\msvcr100.dll
0x000000006d610000 - 0x000000006dea0000 	C:\Program Files\Java\jdk1.8.0_77\jre\bin\server\jvm.dll
0x00007ff9a8e30000 - 0x00007ff9a8e39000 	C:\WINDOWS\SYSTEM32\WSOCK32.dll
0x00007ff9af1a0000 - 0x00007ff9af1bf000 	C:\WINDOWS\SYSTEM32\WINMM.dll
0x00007ff9b00c0000 - 0x00007ff9b00ca000 	C:\WINDOWS\SYSTEM32\VERSION.dll
0x00007ff9b3910000 - 0x00007ff9b3917000 	C:\WINDOWS\system32\PSAPI.DLL
0x00007ff9b3550000 - 0x00007ff9b35a8000 	C:\WINDOWS\system32\WS2_32.dll
0x00007ff9af170000 - 0x00007ff9af19a000 	C:\WINDOWS\SYSTEM32\WINMMBASE.dll
0x00007ff9b3920000 - 0x00007ff9b3929000 	C:\WINDOWS\system32\NSI.dll
0x00007ff9b2330000 - 0x00007ff9b237a000 	C:\WINDOWS\SYSTEM32\cfgmgr32.dll
0x00007ff9b10f0000 - 0x00007ff9b1116000 	C:\WINDOWS\SYSTEM32\DEVOBJ.dll
0x000000006d520000 - 0x000000006d52f000 	C:\Program Files\Java\jdk1.8.0_77\jre\bin\verify.dll
0x000000006d4f0000 - 0x000000006d519000 	C:\Program Files\Java\jdk1.8.0_77\jre\bin\java.dll
0x000000006d4d0000 - 0x000000006d4e6000 	C:\Program Files\Java\jdk1.8.0_77\jre\bin\zip.dll

VM Arguments:
jvm_args: -Djava.awt.headless=true -Xmx1024M -Dfile.encoding=windows-1252 -Duser.country=US -Duser.language=en -Duser.variant 
java_command: com.android.dx.command.Main --dex --force-jumbo --num-threads=4 --multi-dex --output C:\Users\Anto\AndroidStudioProjects\OverwatchRandomizer\app\build\intermediates\transforms\dex\debug\folders\1000\5\slice_6 C:\Users\Anto\AndroidStudioProjects\OverwatchRandomizer\app\build\intermediates\transforms\instantRunSlicer\debug\folders\1\5\slice_6
java_class_path (initial): C:\Users\Anto\AppData\Local\Android\sdk\build-tools\23.0.3\lib\dx.jar
Launcher Type: SUN_STANDARD

Environment Variables:
JAVA_HOME=C:\Program Files\Java\jdk1.8.0_77
PATH=C:\ProgramData\Oracle\Java\javapath;C:\Program Files (x86)\Intel\iCLS Client\;C:\Program Files\Intel\iCLS Client\;C:\WINDOWS\system32;C:\WINDOWS;C:\WINDOWS\System32\Wbem;C:\WINDOWS\System32\WindowsPowerShell\v1.0\;C:\Program Files (x86)\Windows Live\Shared;C:\Program Files\Intel\WiFi\bin\;C:\Program Files\Common Files\Intel\WirelessCommon\;C:\Program Files\Intel\Intel(R) Management Engine Components\DAL;C:\Program Files\Intel\Intel(R) Management Engine Components\IPT;C:\Program Files (x86)\Intel\Intel(R) Management Engine Components\DAL;C:\Program Files (x86)\Intel\Intel(R) Management Engine Components\IPT;C:\Program Files\apache-maven-3.3.3\bin;C:\Program Files (x86)\NVIDIA Corporation\PhysX\Common;C:\Program Files (x86)\Skype\Phone\
USERNAME=Anto
OS=Windows_NT
PROCESSOR_IDENTIFIER=Intel64 Family 6 Model 60 Stepping 3, GenuineIntel



---------------  S Y S T E M  ---------------

OS: Windows 8.1 , 64 bit Build 9600 (6.3.9600.17056)

CPU:total 8 (4 cores per cpu, 2 threads per core) family 6 model 60 stepping 3, cmov, cx8, fxsr, mmx, sse, sse2, sse3, ssse3, sse4.1, sse4.2, popcnt, avx, avx2, aes, clmul, erms, lzcnt, ht, tsc, tscinvbit, bmi1, bmi2

Memory: 4k page, physical 12498316k(857628k free), swap 15644044k(5112k free)

vm_info: Java HotSpot(TM) 64-Bit Server VM (25.77-b03) for windows-amd64 JRE (1.8.0_77-b03), built on Mar 20 2016 22:01:33 by "java_re" with MS VC++ 10.0 (VS2010)

time: Sat May 28 21:50:33 2016
elapsed time: 0 seconds (0d 0h 0m 0s)

